#
# There is insufficient memory for the Java Runtime Environment to continue.
# Native memory allocation (mmap) failed to map 60817408 bytes for Failed to commit area from 0x0000000092000000 to 0x0000000095a00000 of length 60817408.
# Possible reasons:
#   The system is out of physical RAM or swap space
#   The process is running with CompressedOops enabled, and the Java Heap may be blocking the growth of the native heap
# Possible solutions:
#   Reduce memory load on the system
#   Increase physical memory or swap space
#   Check if swap backing store is full
#   Decrease Java heap size (-Xmx/-Xms)
#   Decrease number of Java threads
#   Decrease Java thread stack sizes (-Xss)
#   Set larger code cache with -XX:ReservedCodeCacheSize=
#   JVM is running with Unscaled Compressed Oops mode in which the Java heap is
#     placed in the first 4GB address space. The Java Heap base address is the
#     maximum limit for the native heap growth. Please use -XX:HeapBaseMinAddress
#     to set the Java Heap base and to place the Java Heap above 4GB virtual address.
# This output file may be truncated or incomplete.
#
#  Out of Memory Error (./src/hotspot/os/windows/os_windows.cpp:3521), pid=16032, tid=3624
#
# JRE version: OpenJDK Runtime Environment (11.0.12+7) (build 11.0.12+7-b1504.28-7817840)
# Java VM: OpenJDK 64-Bit Server VM (11.0.12+7-b1504.28-7817840, mixed mode, tiered, compressed oops, g1 gc, windows-amd64)
# No core dump will be written. Minidumps are not enabled by default on client versions of Windows
#

---------------  S U M M A R Y ------------

Command Line: --add-opens=java.base/java.util=ALL-UNNAMED --add-opens=java.base/java.lang=ALL-UNNAMED --add-opens=java.base/java.lang.invoke=ALL-UNNAMED --add-opens=java.base/java.util=ALL-UNNAMED --add-opens=java.prefs/java.util.prefs=ALL-UNNAMED --add-opens=java.prefs/java.util.prefs=ALL-UNNAMED --add-opens=java.base/java.nio.charset=ALL-UNNAMED --add-opens=java.base/java.net=ALL-UNNAMED --add-opens=java.base/java.util.concurrent.atomic=ALL-UNNAMED -Xmx2048m -Dfile.encoding=UTF-8 -Duser.country=US -Duser.language=en -Duser.variant org.gradle.launcher.daemon.bootstrap.GradleDaemon 7.3.3

Host: AMD Ryzen 3 3250U with Radeon Graphics         , 4 cores, 17G,  Windows 10 , 64 bit Build 22000 (10.0.22000.708)
Time: Tue Oct 25 10:15:09 2022 Sri Lanka Standard Time elapsed time: 18.505003 seconds (0d 0h 0m 18s)

---------------  T H R E A D  ---------------

Current thread (0x000002247ecd8800):  VMThread "VM Thread" [stack: 0x000000ac58d00000,0x000000ac58e00000] [id=3624]

Stack: [0x000000ac58d00000,0x000000ac58e00000]
[error occurred during error reporting (printing stack bounds), id 0xc0000005, EXCEPTION_ACCESS_VIOLATION (0xc0000005) at pc=0x000002240000112d]

Native frames: (J=compiled Java code, j=interpreted, Vv=VM code, C=native code)
V  [jvm.dll+0x5fbcea]
V  [jvm.dll+0x731905]
V  [jvm.dll+0x732f1d]
V  [jvm.dll+0x733535]
V  [jvm.dll+0x7334eb]
V  [jvm.dll+0x5fb080]
V  [jvm.dll+0x5fb818]
C  [ntdll.dll+0xa8b1f]
C  [ntdll.dll+0x35b9a]
C  [ntdll.dll+0xa7b2e]
C  0x000002240000112d

VM_Operation (0x000000ac5e3f9910): G1CollectForAllocation, mode: safepoint, requested by thread 0x00000224136bf000


---------------  P R O C E S S  ---------------

Threads class SMR info:
_java_thread_list=0x0000022417f20000, length=84, elements={
0x00000224718f0000, 0x000002247ecdc800, 0x000002247ece8000, 0x000002247ed43800,
0x000002247ed44800, 0x000002247ed45800, 0x000002247ed49800, 0x000002247ed4f000,
0x000002247ed53000, 0x000002247eeb0800, 0x000002240fee9000, 0x000002247f262000,
0x00000224109ef000, 0x000002240fa33000, 0x000002241026b000, 0x0000022410409800,
0x0000022410414800, 0x0000022410314800, 0x0000022411874000, 0x0000022410d27000,
0x0000022410d28000, 0x0000022410d29800, 0x0000022410d2a000, 0x0000022410d2b000,
0x0000022410831000, 0x0000022410d28800, 0x0000022410d2c000, 0x0000022410d26000,
0x0000022410d2c800, 0x0000022411de7800, 0x0000022411de1800, 0x0000022411de2800,
0x0000022411de5000, 0x0000022411de6800, 0x0000022411de5800, 0x0000022411de9000,
0x0000022411de9800, 0x0000022411de4000, 0x0000022411dee000, 0x0000022411ded000,
0x0000022411dec000, 0x0000022411dee800, 0x0000022411def800, 0x0000022411df0800,
0x0000022411dea800, 0x0000022411deb800, 0x0000022411d55800, 0x0000022411d54800,
0x0000022411d54000, 0x0000022411d58000, 0x0000022411d52800, 0x0000022411d53000,
0x0000022411d59000, 0x0000022411d56800, 0x0000022411d57000, 0x0000022415385800,
0x000002241538a000, 0x0000022415388000, 0x0000022415386800, 0x0000022415384000,
0x0000022415389000, 0x000002241538a800, 0x0000022415385000, 0x000002241538d000,
0x000002241538b800, 0x000002241538c800, 0x0000022415387800, 0x000002241538e800,
0x0000022415391000, 0x000002241538e000, 0x0000022415393000, 0x0000022415392000,
0x000002241538f800, 0x0000022415390800, 0x00000224136c1800, 0x00000224136bd800,
0x00000224136bb800, 0x00000224136bf800, 0x00000224136c0800, 0x00000224136bc800,
0x00000224136c3000, 0x00000224136c4000, 0x00000224136bf000, 0x00000224136be000
}

Java Threads: ( => current thread )
  0x00000224718f0000 JavaThread "main" [_thread_blocked, id=16836, stack(0x000000ac58700000,0x000000ac58800000)]
  0x000002247ecdc800 JavaThread "Reference Handler" daemon [_thread_blocked, id=7104, stack(0x000000ac58e00000,0x000000ac58f00000)]
  0x000002247ece8000 JavaThread "Finalizer" daemon [_thread_blocked, id=7692, stack(0x000000ac58f00000,0x000000ac59000000)]
  0x000002247ed43800 JavaThread "Signal Dispatcher" daemon [_thread_blocked, id=7196, stack(0x000000ac59000000,0x000000ac59100000)]
  0x000002247ed44800 JavaThread "Attach Listener" daemon [_thread_blocked, id=6588, stack(0x000000ac59100000,0x000000ac59200000)]
  0x000002247ed45800 JavaThread "Service Thread" daemon [_thread_blocked, id=9456, stack(0x000000ac59200000,0x000000ac59300000)]
  0x000002247ed49800 JavaThread "C2 CompilerThread0" daemon [_thread_blocked, id=4068, stack(0x000000ac59300000,0x000000ac59400000)]
  0x000002247ed4f000 JavaThread "C1 CompilerThread0" daemon [_thread_blocked, id=8056, stack(0x000000ac59400000,0x000000ac59500000)]
  0x000002247ed53000 JavaThread "Sweeper thread" daemon [_thread_blocked, id=3028, stack(0x000000ac59500000,0x000000ac59600000)]
  0x000002247eeb0800 JavaThread "Common-Cleaner" daemon [_thread_blocked, id=3088, stack(0x000000ac59600000,0x000000ac59700000)]
  0x000002240fee9000 JavaThread "Daemon health stats" [_thread_blocked, id=17280, stack(0x000000ac59c00000,0x000000ac59d00000)]
  0x000002247f262000 JavaThread "Incoming local TCP Connector on port 14138" [_thread_in_native, id=12304, stack(0x000000ac59800000,0x000000ac59900000)]
  0x00000224109ef000 JavaThread "Daemon periodic checks" [_thread_blocked, id=15076, stack(0x000000ac59d00000,0x000000ac59e00000)]
  0x000002240fa33000 JavaThread "Daemon" [_thread_blocked, id=11552, stack(0x000000ac59e00000,0x000000ac59f00000)]
  0x000002241026b000 JavaThread "Handler for socket connection from /127.0.0.1:14138 to /127.0.0.1:14139" [_thread_in_native, id=5220, stack(0x000000ac59f00000,0x000000ac5a000000)]
  0x0000022410409800 JavaThread "Cancel handler" [_thread_blocked, id=1812, stack(0x000000ac5a000000,0x000000ac5a100000)]
  0x0000022410414800 JavaThread "Daemon worker" [_thread_blocked, id=7396, stack(0x000000ac5a100000,0x000000ac5a200000)]
  0x0000022410314800 JavaThread "Asynchronous log dispatcher for DefaultDaemonConnection: socket connection from /127.0.0.1:14138 to /127.0.0.1:14139" [_thread_blocked, id=5500, stack(0x000000ac5a200000,0x000000ac5a300000)]
  0x0000022411874000 JavaThread "Stdin handler" [_thread_blocked, id=12208, stack(0x000000ac5a300000,0x000000ac5a400000)]
  0x0000022410d27000 JavaThread "Daemon client event forwarder" [_thread_blocked, id=14844, stack(0x000000ac5a400000,0x000000ac5a500000)]
  0x0000022410d28000 JavaThread "Cache worker for journal cache (C:\Users\User\.gradle\caches\journal-1)" [_thread_blocked, id=492, stack(0x000000ac5a500000,0x000000ac5a600000)]
  0x0000022410d29800 JavaThread "File lock request listener" [_thread_in_native, id=6596, stack(0x000000ac5a600000,0x000000ac5a700000)]
  0x0000022410d2a000 JavaThread "Cache worker for file hash cache (C:\Users\User\.gradle\caches\7.3.3\fileHashes)" [_thread_blocked, id=7732, stack(0x000000ac5a700000,0x000000ac5a800000)]
  0x0000022410d2b000 JavaThread "Cache worker for file hash cache (E:\YEAR 2 SEM 2\MAD\Book-App\.gradle\7.3.3\fileHashes)" [_thread_blocked, id=16284, stack(0x000000ac5a800000,0x000000ac5a900000)]
  0x0000022410831000 JavaThread "C2 CompilerThread1" daemon [_thread_blocked, id=4120, stack(0x000000ac5a900000,0x000000ac5aa00000)]
  0x0000022410d28800 JavaThread "File watcher server" daemon [_thread_blocked, id=15768, stack(0x000000ac5aa00000,0x000000ac5ab00000)]
  0x0000022410d2c000 JavaThread "File watcher consumer" daemon [_thread_blocked, id=14380, stack(0x000000ac5ab00000,0x000000ac5ac00000)]
  0x0000022410d26000 JavaThread "Cache worker for checksums cache (E:\YEAR 2 SEM 2\MAD\Book-App\.gradle\7.3.3\checksums)" [_thread_blocked, id=5208, stack(0x000000ac5ac00000,0x000000ac5ad00000)]
  0x0000022410d2c800 JavaThread "Cache worker for cache directory md-supplier (C:\Users\User\.gradle\caches\7.3.3\md-supplier)" [_thread_blocked, id=16888, stack(0x000000ac5ad00000,0x000000ac5ae00000)]
  0x0000022411de7800 JavaThread "Cache worker for cache directory md-rule (C:\Users\User\.gradle\caches\7.3.3\md-rule)" [_thread_blocked, id=6356, stack(0x000000ac5ae00000,0x000000ac5af00000)]
  0x0000022411de1800 JavaThread "Cache worker for execution history cache (C:\Users\User\.gradle\caches\7.3.3\executionHistory)" [_thread_blocked, id=1296, stack(0x000000ac5af00000,0x000000ac5b000000)]
  0x0000022411de2800 JavaThread "jar transforms" [_thread_blocked, id=1524, stack(0x000000ac5b000000,0x000000ac5b100000)]
  0x0000022411de5000 JavaThread "Cache worker for file content cache (C:\Users\User\.gradle\caches\7.3.3\fileContent)" [_thread_blocked, id=5948, stack(0x000000ac5b100000,0x000000ac5b200000)]
  0x0000022411de6800 JavaThread "jar transforms Thread 2" [_thread_blocked, id=6448, stack(0x000000ac5b200000,0x000000ac5b300000)]
  0x0000022411de5800 JavaThread "Cache worker for dependencies-accessors (E:\YEAR 2 SEM 2\MAD\Book-App\.gradle\7.3.3\dependencies-accessors)" [_thread_blocked, id=4272, stack(0x000000ac5b300000,0x000000ac5b400000)]
  0x0000022411de9000 JavaThread "jar transforms Thread 3" [_thread_blocked, id=17024, stack(0x000000ac5b400000,0x000000ac5b500000)]
  0x0000022411de9800 JavaThread "Cache worker for Build Output Cleanup Cache (E:\YEAR 2 SEM 2\MAD\Book-App\.gradle\buildOutputCleanup)" [_thread_blocked, id=2152, stack(0x000000ac5b500000,0x000000ac5b600000)]
  0x0000022411de4000 JavaThread "Unconstrained build operations" [_thread_blocked, id=6080, stack(0x000000ac5b600000,0x000000ac5b700000)]
  0x0000022411dee000 JavaThread "Unconstrained build operations Thread 2" [_thread_blocked, id=13448, stack(0x000000ac5b700000,0x000000ac5b800000)]
  0x0000022411ded000 JavaThread "Unconstrained build operations Thread 3" [_thread_blocked, id=12064, stack(0x000000ac5b800000,0x000000ac5b900000)]
  0x0000022411dec000 JavaThread "Unconstrained build operations Thread 4" [_thread_blocked, id=6720, stack(0x000000ac5b900000,0x000000ac5ba00000)]
  0x0000022411dee800 JavaThread "Unconstrained build operations Thread 5" [_thread_blocked, id=12520, stack(0x000000ac5ba00000,0x000000ac5bb00000)]
  0x0000022411def800 JavaThread "Unconstrained build operations Thread 6" [_thread_blocked, id=11648, stack(0x000000ac5bb00000,0x000000ac5bc00000)]
  0x0000022411df0800 JavaThread "Unconstrained build operations Thread 7" [_thread_blocked, id=13460, stack(0x000000ac5bc00000,0x000000ac5bd00000)]
  0x0000022411dea800 JavaThread "Unconstrained build operations Thread 8" [_thread_blocked, id=17376, stack(0x000000ac5bd00000,0x000000ac5be00000)]
  0x0000022411deb800 JavaThread "Unconstrained build operations Thread 9" [_thread_blocked, id=14688, stack(0x000000ac5be00000,0x000000ac5bf00000)]
  0x0000022411d55800 JavaThread "Unconstrained build operations Thread 10" [_thread_blocked, id=14732, stack(0x000000ac5bf00000,0x000000ac5c000000)]
  0x0000022411d54800 JavaThread "Unconstrained build operations Thread 11" [_thread_blocked, id=4296, stack(0x000000ac5c000000,0x000000ac5c100000)]
  0x0000022411d54000 JavaThread "Unconstrained build operations Thread 12" [_thread_blocked, id=15004, stack(0x000000ac5c100000,0x000000ac5c200000)]
  0x0000022411d58000 JavaThread "Unconstrained build operations Thread 13" [_thread_blocked, id=16596, stack(0x000000ac5c200000,0x000000ac5c300000)]
  0x0000022411d52800 JavaThread "Unconstrained build operations Thread 14" [_thread_blocked, id=3592, stack(0x000000ac5c300000,0x000000ac5c400000)]
  0x0000022411d53000 JavaThread "Unconstrained build operations Thread 15" [_thread_blocked, id=2184, stack(0x000000ac5c400000,0x000000ac5c500000)]
  0x0000022411d59000 JavaThread "Unconstrained build operations Thread 16" [_thread_blocked, id=5664, stack(0x000000ac5c500000,0x000000ac5c600000)]
  0x0000022411d56800 JavaThread "Unconstrained build operations Thread 17" [_thread_blocked, id=11476, stack(0x000000ac5c600000,0x000000ac5c700000)]
  0x0000022411d57000 JavaThread "Unconstrained build operations Thread 18" [_thread_blocked, id=15656, stack(0x000000ac5c700000,0x000000ac5c800000)]
  0x0000022415385800 JavaThread "Unconstrained build operations Thread 19" [_thread_blocked, id=17304, stack(0x000000ac5c800000,0x000000ac5c900000)]
  0x000002241538a000 JavaThread "Unconstrained build operations Thread 20" [_thread_blocked, id=400, stack(0x000000ac5c900000,0x000000ac5ca00000)]
  0x0000022415388000 JavaThread "Unconstrained build operations Thread 21" [_thread_blocked, id=16292, stack(0x000000ac5ca00000,0x000000ac5cb00000)]
  0x0000022415386800 JavaThread "Unconstrained build operations Thread 22" [_thread_blocked, id=16100, stack(0x000000ac5cb00000,0x000000ac5cc00000)]
  0x0000022415384000 JavaThread "Unconstrained build operations Thread 23" [_thread_blocked, id=10884, stack(0x000000ac5cc00000,0x000000ac5cd00000)]
  0x0000022415389000 JavaThread "Unconstrained build operations Thread 24" [_thread_blocked, id=16060, stack(0x000000ac5cd00000,0x000000ac5ce00000)]
  0x000002241538a800 JavaThread "Unconstrained build operations Thread 25" [_thread_blocked, id=14824, stack(0x000000ac5ce00000,0x000000ac5cf00000)]
  0x0000022415385000 JavaThread "Unconstrained build operations Thread 26" [_thread_blocked, id=16672, stack(0x000000ac5cf00000,0x000000ac5d000000)]
  0x000002241538d000 JavaThread "Unconstrained build operations Thread 27" [_thread_blocked, id=5300, stack(0x000000ac5d000000,0x000000ac5d100000)]
  0x000002241538b800 JavaThread "Unconstrained build operations Thread 28" [_thread_blocked, id=5148, stack(0x000000ac5d100000,0x000000ac5d200000)]
  0x000002241538c800 JavaThread "Unconstrained build operations Thread 29" [_thread_blocked, id=376, stack(0x000000ac5d200000,0x000000ac5d300000)]
  0x0000022415387800 JavaThread "Unconstrained build operations Thread 30" [_thread_blocked, id=13968, stack(0x000000ac5d300000,0x000000ac5d400000)]
  0x000002241538e800 JavaThread "Unconstrained build operations Thread 31" [_thread_blocked, id=1184, stack(0x000000ac5d400000,0x000000ac5d500000)]
  0x0000022415391000 JavaThread "Unconstrained build operations Thread 32" [_thread_blocked, id=16300, stack(0x000000ac5d500000,0x000000ac5d600000)]
  0x000002241538e000 JavaThread "Unconstrained build operations Thread 33" [_thread_blocked, id=17164, stack(0x000000ac5d600000,0x000000ac5d700000)]
  0x0000022415393000 JavaThread "Unconstrained build operations Thread 34" [_thread_blocked, id=2968, stack(0x000000ac5d700000,0x000000ac5d800000)]
  0x0000022415392000 JavaThread "Unconstrained build operations Thread 35" [_thread_blocked, id=12524, stack(0x000000ac5d800000,0x000000ac5d900000)]
  0x000002241538f800 JavaThread "Unconstrained build operations Thread 36" [_thread_blocked, id=16636, stack(0x000000ac5d900000,0x000000ac5da00000)]
  0x0000022415390800 JavaThread "Unconstrained build operations Thread 37" [_thread_blocked, id=14528, stack(0x000000ac5da00000,0x000000ac5db00000)]
  0x00000224136c1800 JavaThread "Unconstrained build operations Thread 38" [_thread_blocked, id=13596, stack(0x000000ac5db00000,0x000000ac5dc00000)]
  0x00000224136bd800 JavaThread "Unconstrained build operations Thread 39" [_thread_blocked, id=2208, stack(0x000000ac5dc00000,0x000000ac5dd00000)]
  0x00000224136bb800 JavaThread "Unconstrained build operations Thread 40" [_thread_blocked, id=15324, stack(0x000000ac5dd00000,0x000000ac5de00000)]
  0x00000224136bf800 JavaThread "jar transforms Thread 4" [_thread_blocked, id=16444, stack(0x000000ac5de00000,0x000000ac5df00000)]
  0x00000224136c0800 JavaThread "Memory manager" [_thread_blocked, id=16744, stack(0x000000ac5df00000,0x000000ac5e000000)]
  0x00000224136bc800 JavaThread "build event listener" [_thread_blocked, id=11768, stack(0x000000ac5e000000,0x000000ac5e100000)]
  0x00000224136c3000 JavaThread "Execution worker for ':'" [_thread_blocked, id=1860, stack(0x000000ac5e100000,0x000000ac5e200000)]
  0x00000224136c4000 JavaThread "Execution worker for ':' Thread 2" [_thread_blocked, id=8144, stack(0x000000ac5e200000,0x000000ac5e300000)]
  0x00000224136bf000 JavaThread "Execution worker for ':' Thread 3" [_thread_blocked, id=9284, stack(0x000000ac5e300000,0x000000ac5e400000)]
  0x00000224136be000 JavaThread "Cache worker for execution history cache (E:\YEAR 2 SEM 2\MAD\Book-App\.gradle\7.3.3\executionHistory)" [_thread_blocked, id=15120, stack(0x000000ac5e400000,0x000000ac5e500000)]

Other Threads:
=>0x000002247ecd8800 VMThread "VM Thread" [stack: 0x000000ac58d00000,0x000000ac58e00000] [id=3624]
  0x000002247eed9800 WatcherThread [stack: 0x000000ac59700000,0x000000ac59800000] [id=11572]
  0x0000022471908000 GCTaskThread "GC Thread#0" [stack: 0x000000ac58800000,0x000000ac58900000] [id=14168]
  0x000002240f1a2000 GCTaskThread "GC Thread#1" [stack: 0x000000ac59900000,0x000000ac59a00000] [id=11980]
  0x000002247f2c9800 GCTaskThread "GC Thread#2" [stack: 0x000000ac59a00000,0x000000ac59b00000] [id=11800]
  0x000002240f232000 GCTaskThread "GC Thread#3" [stack: 0x000000ac59b00000,0x000000ac59c00000] [id=12528]
  0x0000022471939800 ConcurrentGCThread "G1 Main Marker" [stack: 0x000000ac58900000,0x000000ac58a00000] [id=3640]
  0x000002247193b800 ConcurrentGCThread "G1 Conc#0" [stack: 0x000000ac58a00000,0x000000ac58b00000] [id=12016]
  0x00000224719cd800 ConcurrentGCThread "G1 Refine#0" [stack: 0x000000ac58b00000,0x000000ac58c00000] [id=10252]
  0x000002247e32b000 ConcurrentGCThread "G1 Young RemSet Sampling" [stack: 0x000000ac58c00000,0x000000ac58d00000] [id=5732]

Threads with active compile tasks:
C2 CompilerThread0  18521 10046       4       org.gradle.internal.fingerprint.impl.RelativePathFingerprintingStrategy::lambda$collectFingerprints$0 (130 bytes)
C2 CompilerThread1  18521 10110       4       org.apache.xerces.impl.XMLEntityScanner::scanLiteral (746 bytes)

VM state:at safepoint (normal execution)

VM Mutex/Monitor currently owned by a thread:  ([mutex/lock_event])
[0x00000224718eca50] Threads_lock - owner thread: 0x000002247ecd8800
[0x00000224718ed470] Heap_lock - owner thread: 0x00000224136bf000

Heap address: 0x0000000080000000, size: 2048 MB, Compressed Oops mode: 32-bit
Narrow klass base: 0x0000000000000000, Narrow klass shift: 3
Compressed class space size: 1073741824 Address: 0x0000000100000000

Heap:
 garbage-first heap   total 354304K, used 82582K [0x0000000080000000, 0x0000000100000000)
  region size 1024K, 20 young (20480K), 20 survivors (20480K)
 Metaspace       used 84353K, capacity 86606K, committed 86828K, reserved 1124352K
  class space    used 11031K, capacity 11886K, committed 11904K, reserved 1048576K
Heap Regions: E=young(eden), S=young(survivor), O=old, HS=humongous(starts), HC=humongous(continues), CS=collection set, F=free, A=archive, TAMS=top-at-mark-start (previous, next)
|   0|0x0000000080000000, 0x0000000080100000, 0x0000000080100000|100%| O|  |TAMS 0x0000000080100000, 0x0000000080000000| Untracked 
|   1|0x0000000080100000, 0x0000000080200000, 0x0000000080200000|100%| O|  |TAMS 0x0000000080200000, 0x0000000080100000| Untracked 
|   2|0x0000000080200000, 0x0000000080300000, 0x0000000080300000|100%| O|  |TAMS 0x0000000080300000, 0x0000000080200000| Untracked 
|   3|0x0000000080300000, 0x0000000080400000, 0x0000000080400000|100%|HS|  |TAMS 0x0000000080400000, 0x0000000080300000| Complete 
|   4|0x0000000080400000, 0x0000000080500000, 0x0000000080500000|100%|HC|  |TAMS 0x0000000080500000, 0x0000000080400000| Complete 
|   5|0x0000000080500000, 0x0000000080600000, 0x0000000080600000|100%|HC|  |TAMS 0x0000000080600000, 0x0000000080500000| Complete 
|   6|0x0000000080600000, 0x0000000080700000, 0x0000000080700000|100%| O|  |TAMS 0x0000000080700000, 0x0000000080600000| Untracked 
|   7|0x0000000080700000, 0x0000000080800000, 0x0000000080800000|100%| O|  |TAMS 0x0000000080800000, 0x0000000080700000| Untracked 
|   8|0x0000000080800000, 0x0000000080900000, 0x0000000080900000|100%| O|  |TAMS 0x0000000080900000, 0x0000000080800000| Untracked 
|   9|0x0000000080900000, 0x0000000080a00000, 0x0000000080a00000|100%| O|  |TAMS 0x0000000080a00000, 0x0000000080900000| Untracked 
|  10|0x0000000080a00000, 0x0000000080b00000, 0x0000000080b00000|100%| O|  |TAMS 0x0000000080b00000, 0x0000000080a00000| Untracked 
|  11|0x0000000080b00000, 0x0000000080c00000, 0x0000000080c00000|100%| O|  |TAMS 0x0000000080c00000, 0x0000000080b00000| Untracked 
|  12|0x0000000080c00000, 0x0000000080d00000, 0x0000000080d00000|100%| O|  |TAMS 0x0000000080d00000, 0x0000000080c00000| Untracked 
|  13|0x0000000080d00000, 0x0000000080e00000, 0x0000000080e00000|100%| O|  |TAMS 0x0000000080e00000, 0x0000000080d00000| Untracked 
|  14|0x0000000080e00000, 0x0000000080f00000, 0x0000000080f00000|100%| O|  |TAMS 0x0000000080f00000, 0x0000000080e00000| Untracked 
|  15|0x0000000080f00000, 0x0000000081000000, 0x0000000081000000|100%| O|  |TAMS 0x0000000081000000, 0x0000000080f00000| Untracked 
|  16|0x0000000081000000, 0x0000000081100000, 0x0000000081100000|100%| O|  |TAMS 0x0000000081100000, 0x0000000081000000| Untracked 
|  17|0x0000000081100000, 0x0000000081200000, 0x0000000081200000|100%| O|  |TAMS 0x0000000081200000, 0x0000000081100000| Untracked 
|  18|0x0000000081200000, 0x0000000081300000, 0x0000000081300000|100%|HS|  |TAMS 0x0000000081300000, 0x0000000081200000| Complete 
|  19|0x0000000081300000, 0x0000000081400000, 0x0000000081400000|100%|HS|  |TAMS 0x0000000081400000, 0x0000000081300000| Complete 
|  20|0x0000000081400000, 0x0000000081500000, 0x0000000081500000|100%|HS|  |TAMS 0x0000000081500000, 0x0000000081400000| Complete 
|  21|0x0000000081500000, 0x0000000081600000, 0x0000000081600000|100%|HC|  |TAMS 0x0000000081600000, 0x0000000081500000| Complete 
|  22|0x0000000081600000, 0x0000000081700000, 0x0000000081700000|100%| O|  |TAMS 0x0000000081700000, 0x0000000081600000| Untracked 
|  23|0x0000000081700000, 0x0000000081800000, 0x0000000081800000|100%| O|  |TAMS 0x0000000081800000, 0x0000000081700000| Untracked 
|  24|0x0000000081800000, 0x0000000081900000, 0x0000000081900000|100%| O|  |TAMS 0x0000000081900000, 0x0000000081800000| Untracked 
|  25|0x0000000081900000, 0x0000000081a00000, 0x0000000081a00000|100%| O|  |TAMS 0x0000000081a00000, 0x0000000081900000| Untracked 
|  26|0x0000000081a00000, 0x0000000081b00000, 0x0000000081b00000|100%| O|  |TAMS 0x0000000081b00000, 0x0000000081a00000| Untracked 
|  27|0x0000000081b00000, 0x0000000081c00000, 0x0000000081c00000|100%| O|  |TAMS 0x0000000081c00000, 0x0000000081b00000| Untracked 
|  28|0x0000000081c00000, 0x0000000081d00000, 0x0000000081d00000|100%| O|  |TAMS 0x0000000081d00000, 0x0000000081c00000| Untracked 
|  29|0x0000000081d00000, 0x0000000081e00000, 0x0000000081e00000|100%| O|  |TAMS 0x0000000081e00000, 0x0000000081d00000| Untracked 
|  30|0x0000000081e00000, 0x0000000081f00000, 0x0000000081f00000|100%| O|  |TAMS 0x0000000081f00000, 0x0000000081e00000| Untracked 
|  31|0x0000000081f00000, 0x0000000082000000, 0x0000000082000000|100%| O|  |TAMS 0x0000000082000000, 0x0000000081f00000| Untracked 
|  32|0x0000000082000000, 0x0000000082100000, 0x0000000082100000|100%| O|  |TAMS 0x0000000082000000, 0x0000000082000000| Untracked 
|  33|0x0000000082100000, 0x0000000082200000, 0x0000000082200000|100%| O|  |TAMS 0x0000000082200000, 0x0000000082100000| Untracked 
|  34|0x0000000082200000, 0x0000000082300000, 0x0000000082300000|100%| O|  |TAMS 0x0000000082300000, 0x0000000082200000| Untracked 
|  35|0x0000000082300000, 0x0000000082400000, 0x0000000082400000|100%| O|  |TAMS 0x0000000082400000, 0x0000000082300000| Untracked 
|  36|0x0000000082400000, 0x0000000082500000, 0x0000000082500000|100%| O|  |TAMS 0x0000000082500000, 0x0000000082400000| Untracked 
|  37|0x0000000082500000, 0x0000000082600000, 0x0000000082600000|100%| O|  |TAMS 0x0000000082600000, 0x0000000082500000| Untracked 
|  38|0x0000000082600000, 0x0000000082700000, 0x0000000082700000|100%| O|  |TAMS 0x0000000082700000, 0x0000000082600000| Untracked 
|  39|0x0000000082700000, 0x0000000082800000, 0x0000000082800000|100%| O|  |TAMS 0x0000000082800000, 0x0000000082700000| Untracked 
|  40|0x0000000082800000, 0x0000000082900000, 0x0000000082900000|100%| O|  |TAMS 0x0000000082900000, 0x0000000082800000| Untracked 
|  41|0x0000000082900000, 0x0000000082a00000, 0x0000000082a00000|100%| O|  |TAMS 0x0000000082a00000, 0x0000000082900000| Untracked 
|  42|0x0000000082a00000, 0x0000000082b00000, 0x0000000082b00000|100%| O|  |TAMS 0x0000000082b00000, 0x0000000082a00000| Untracked 
|  43|0x0000000082b00000, 0x0000000082c00000, 0x0000000082c00000|100%| O|  |TAMS 0x0000000082bc2e00, 0x0000000082b00000| Untracked 
|  44|0x0000000082c00000, 0x0000000082d00000, 0x0000000082d00000|100%| O|  |TAMS 0x0000000082c00000, 0x0000000082c00000| Untracked 
|  45|0x0000000082d00000, 0x0000000082e00000, 0x0000000082e00000|100%| O|  |TAMS 0x0000000082d00000, 0x0000000082d00000| Untracked 
|  46|0x0000000082e00000, 0x0000000082f00000, 0x0000000082f00000|100%|HS|  |TAMS 0x0000000082e00000, 0x0000000082e00000| Complete 
|  47|0x0000000082f00000, 0x0000000083000000, 0x0000000083000000|100%|HC|  |TAMS 0x0000000082f00000, 0x0000000082f00000| Complete 
|  48|0x0000000083000000, 0x0000000083100000, 0x0000000083100000|100%| O|  |TAMS 0x0000000083000000, 0x0000000083000000| Untracked 
|  49|0x0000000083100000, 0x0000000083200000, 0x0000000083200000|100%| O|  |TAMS 0x0000000083100000, 0x0000000083100000| Untracked 
|  50|0x0000000083200000, 0x0000000083300000, 0x0000000083300000|100%| O|  |TAMS 0x0000000083200000, 0x0000000083200000| Untracked 
|  51|0x0000000083300000, 0x0000000083400000, 0x0000000083400000|100%| O|  |TAMS 0x0000000083300000, 0x0000000083300000| Untracked 
|  52|0x0000000083400000, 0x0000000083500000, 0x0000000083500000|100%| O|  |TAMS 0x0000000083400000, 0x0000000083400000| Untracked 
|  53|0x0000000083500000, 0x0000000083600000, 0x0000000083600000|100%| O|  |TAMS 0x0000000083500000, 0x0000000083500000| Untracked 
|  54|0x0000000083600000, 0x0000000083700000, 0x0000000083700000|100%| O|  |TAMS 0x0000000083600000, 0x0000000083600000| Untracked 
|  55|0x0000000083700000, 0x0000000083800000, 0x0000000083800000|100%| O|  |TAMS 0x0000000083700000, 0x0000000083700000| Untracked 
|  56|0x0000000083800000, 0x0000000083900000, 0x0000000083900000|100%| O|  |TAMS 0x0000000083800000, 0x0000000083800000| Untracked 
|  57|0x0000000083900000, 0x0000000083a00000, 0x0000000083a00000|100%| O|  |TAMS 0x0000000083900000, 0x0000000083900000| Untracked 
|  58|0x0000000083a00000, 0x0000000083b00000, 0x0000000083b00000|100%| O|  |TAMS 0x0000000083a00000, 0x0000000083a00000| Untracked 
|  59|0x0000000083b00000, 0x0000000083c00000, 0x0000000083c00000|100%| O|  |TAMS 0x0000000083b00000, 0x0000000083b00000| Untracked 
|  60|0x0000000083c00000, 0x0000000083ca5a00, 0x0000000083d00000| 64%| O|  |TAMS 0x0000000083c00000, 0x0000000083c00000| Untracked 
|  61|0x0000000083d00000, 0x0000000083d00000, 0x0000000083e00000|  0%| F|  |TAMS 0x0000000083d00000, 0x0000000083d00000| Untracked 
|  62|0x0000000083e00000, 0x0000000083e00000, 0x0000000083f00000|  0%| F|  |TAMS 0x0000000083e00000, 0x0000000083e00000| Untracked 
|  63|0x0000000083f00000, 0x0000000083f00000, 0x0000000084000000|  0%| F|  |TAMS 0x0000000083f00000, 0x0000000083f00000| Untracked 
|  64|0x0000000084000000, 0x0000000084000000, 0x0000000084100000|  0%| F|  |TAMS 0x0000000084000000, 0x0000000084000000| Untracked 
|  65|0x0000000084100000, 0x0000000084100000, 0x0000000084200000|  0%| F|  |TAMS 0x0000000084100000, 0x0000000084100000| Untracked 
|  66|0x0000000084200000, 0x0000000084200000, 0x0000000084300000|  0%| F|  |TAMS 0x0000000084200000, 0x0000000084200000| Untracked 
|  67|0x0000000084300000, 0x0000000084300000, 0x0000000084400000|  0%| F|  |TAMS 0x0000000084300000, 0x0000000084300000| Untracked 
|  68|0x0000000084400000, 0x0000000084400000, 0x0000000084500000|  0%| F|  |TAMS 0x0000000084400000, 0x0000000084400000| Untracked 
|  69|0x0000000084500000, 0x0000000084500000, 0x0000000084600000|  0%| F|  |TAMS 0x0000000084500000, 0x0000000084500000| Untracked 
|  70|0x0000000084600000, 0x0000000084600000, 0x0000000084700000|  0%| F|  |TAMS 0x0000000084600000, 0x0000000084600000| Untracked 
|  71|0x0000000084700000, 0x0000000084700000, 0x0000000084800000|  0%| F|  |TAMS 0x0000000084700000, 0x0000000084700000| Untracked 
|  72|0x0000000084800000, 0x0000000084800000, 0x0000000084900000|  0%| F|  |TAMS 0x0000000084800000, 0x0000000084800000| Untracked 
|  73|0x0000000084900000, 0x0000000084900000, 0x0000000084a00000|  0%| F|  |TAMS 0x0000000084900000, 0x0000000084900000| Untracked 
|  74|0x0000000084a00000, 0x0000000084a00000, 0x0000000084b00000|  0%| F|  |TAMS 0x0000000084a00000, 0x0000000084a00000| Untracked 
|  75|0x0000000084b00000, 0x0000000084b00000, 0x0000000084c00000|  0%| F|  |TAMS 0x0000000084b00000, 0x0000000084b00000| Untracked 
|  76|0x0000000084c00000, 0x0000000084c00000, 0x0000000084d00000|  0%| F|  |TAMS 0x0000000084c00000, 0x0000000084c00000| Untracked 
|  77|0x0000000084d00000, 0x0000000084d00000, 0x0000000084e00000|  0%| F|  |TAMS 0x0000000084d00000, 0x0000000084d00000| Untracked 
|  78|0x0000000084e00000, 0x0000000084e00000, 0x0000000084f00000|  0%| F|  |TAMS 0x0000000084e00000, 0x0000000084e00000| Untracked 
|  79|0x0000000084f00000, 0x0000000084f00000, 0x0000000085000000|  0%| F|  |TAMS 0x0000000084f00000, 0x0000000084f00000| Untracked 
|  80|0x0000000085000000, 0x0000000085000000, 0x0000000085100000|  0%| F|  |TAMS 0x0000000085000000, 0x0000000085000000| Untracked 
|  81|0x0000000085100000, 0x0000000085100000, 0x0000000085200000|  0%| F|  |TAMS 0x0000000085100000, 0x0000000085100000| Untracked 
|  82|0x0000000085200000, 0x0000000085200000, 0x0000000085300000|  0%| F|  |TAMS 0x0000000085200000, 0x0000000085200000| Untracked 
|  83|0x0000000085300000, 0x0000000085300000, 0x0000000085400000|  0%| F|  |TAMS 0x0000000085300000, 0x0000000085300000| Untracked 
|  84|0x0000000085400000, 0x0000000085400000, 0x0000000085500000|  0%| F|  |TAMS 0x0000000085400000, 0x0000000085400000| Untracked 
|  85|0x0000000085500000, 0x0000000085500000, 0x0000000085600000|  0%| F|  |TAMS 0x0000000085500000, 0x0000000085500000| Untracked 
|  86|0x0000000085600000, 0x0000000085600000, 0x0000000085700000|  0%| F|  |TAMS 0x0000000085600000, 0x0000000085600000| Untracked 
|  87|0x0000000085700000, 0x0000000085700000, 0x0000000085800000|  0%| F|  |TAMS 0x0000000085700000, 0x0000000085700000| Untracked 
|  88|0x0000000085800000, 0x0000000085800000, 0x0000000085900000|  0%| F|  |TAMS 0x0000000085800000, 0x0000000085800000| Untracked 
|  89|0x0000000085900000, 0x0000000085900000, 0x0000000085a00000|  0%| F|  |TAMS 0x0000000085900000, 0x0000000085900000| Untracked 
|  90|0x0000000085a00000, 0x0000000085a00000, 0x0000000085b00000|  0%| F|  |TAMS 0x0000000085a00000, 0x0000000085a00000| Untracked 
|  91|0x0000000085b00000, 0x0000000085b00000, 0x0000000085c00000|  0%| F|  |TAMS 0x0000000085b00000, 0x0000000085b00000| Untracked 
|  92|0x0000000085c00000, 0x0000000085c00000, 0x0000000085d00000|  0%| F|  |TAMS 0x0000000085c00000, 0x0000000085c00000| Untracked 
|  93|0x0000000085d00000, 0x0000000085d00000, 0x0000000085e00000|  0%| F|  |TAMS 0x0000000085d00000, 0x0000000085d00000| Untracked 
|  94|0x0000000085e00000, 0x0000000085e00000, 0x0000000085f00000|  0%| F|  |TAMS 0x0000000085e00000, 0x0000000085e00000| Untracked 
|  95|0x0000000085f00000, 0x0000000085f00000, 0x0000000086000000|  0%| F|  |TAMS 0x0000000085f00000, 0x0000000085f00000| Untracked 
|  96|0x0000000086000000, 0x0000000086000000, 0x0000000086100000|  0%| F|  |TAMS 0x0000000086000000, 0x0000000086000000| Untracked 
|  97|0x0000000086100000, 0x0000000086100000, 0x0000000086200000|  0%| F|  |TAMS 0x0000000086100000, 0x0000000086100000| Untracked 
|  98|0x0000000086200000, 0x0000000086200000, 0x0000000086300000|  0%| F|  |TAMS 0x0000000086200000, 0x0000000086200000| Untracked 
|  99|0x0000000086300000, 0x0000000086300000, 0x0000000086400000|  0%| F|  |TAMS 0x0000000086300000, 0x0000000086300000| Untracked 
| 100|0x0000000086400000, 0x0000000086400000, 0x0000000086500000|  0%| F|  |TAMS 0x0000000086400000, 0x0000000086400000| Untracked 
| 101|0x0000000086500000, 0x0000000086500000, 0x0000000086600000|  0%| F|  |TAMS 0x0000000086500000, 0x0000000086500000| Untracked 
| 102|0x0000000086600000, 0x0000000086600000, 0x0000000086700000|  0%| F|  |TAMS 0x0000000086600000, 0x0000000086600000| Untracked 
| 103|0x0000000086700000, 0x0000000086700000, 0x0000000086800000|  0%| F|  |TAMS 0x0000000086700000, 0x0000000086700000| Untracked 
| 104|0x0000000086800000, 0x0000000086800000, 0x0000000086900000|  0%| F|  |TAMS 0x0000000086800000, 0x0000000086800000| Untracked 
| 105|0x0000000086900000, 0x0000000086900000, 0x0000000086a00000|  0%| F|  |TAMS 0x0000000086900000, 0x0000000086900000| Untracked 
| 106|0x0000000086a00000, 0x0000000086a00000, 0x0000000086b00000|  0%| F|  |TAMS 0x0000000086a00000, 0x0000000086a00000| Untracked 
| 107|0x0000000086b00000, 0x0000000086b00000, 0x0000000086c00000|  0%| F|  |TAMS 0x0000000086b00000, 0x0000000086b00000| Untracked 
| 108|0x0000000086c00000, 0x0000000086d00000, 0x0000000086d00000|100%| S|CS|TAMS 0x0000000086c00000, 0x0000000086c00000| Complete 
| 109|0x0000000086d00000, 0x0000000086e00000, 0x0000000086e00000|100%| S|CS|TAMS 0x0000000086d00000, 0x0000000086d00000| Complete 
| 110|0x0000000086e00000, 0x0000000086f00000, 0x0000000086f00000|100%| S|CS|TAMS 0x0000000086e00000, 0x0000000086e00000| Complete 
| 111|0x0000000086f00000, 0x0000000087000000, 0x0000000087000000|100%| S|CS|TAMS 0x0000000086f00000, 0x0000000086f00000| Complete 
| 112|0x0000000087000000, 0x0000000087000000, 0x0000000087100000|  0%| F|  |TAMS 0x0000000087000000, 0x0000000087000000| Untracked 
| 113|0x0000000087100000, 0x0000000087100000, 0x0000000087200000|  0%| F|  |TAMS 0x0000000087100000, 0x0000000087100000| Untracked 
| 114|0x0000000087200000, 0x0000000087200000, 0x0000000087300000|  0%| F|  |TAMS 0x0000000087200000, 0x0000000087200000| Untracked 
| 115|0x0000000087300000, 0x0000000087300000, 0x0000000087400000|  0%| F|  |TAMS 0x0000000087300000, 0x0000000087300000| Untracked 
| 116|0x0000000087400000, 0x0000000087400000, 0x0000000087500000|  0%| F|  |TAMS 0x0000000087400000, 0x0000000087400000| Untracked 
| 117|0x0000000087500000, 0x0000000087500000, 0x0000000087600000|  0%| F|  |TAMS 0x0000000087500000, 0x0000000087500000| Untracked 
| 118|0x0000000087600000, 0x0000000087600000, 0x0000000087700000|  0%| F|  |TAMS 0x0000000087600000, 0x0000000087600000| Untracked 
| 119|0x0000000087700000, 0x0000000087700000, 0x0000000087800000|  0%| F|  |TAMS 0x0000000087700000, 0x0000000087700000| Untracked 
| 120|0x0000000087800000, 0x0000000087800000, 0x0000000087900000|  0%| F|  |TAMS 0x0000000087800000, 0x0000000087800000| Untracked 
| 121|0x0000000087900000, 0x0000000087900000, 0x0000000087a00000|  0%| F|  |TAMS 0x0000000087900000, 0x0000000087900000| Untracked 
| 122|0x0000000087a00000, 0x0000000087a00000, 0x0000000087b00000|  0%| F|  |TAMS 0x0000000087a00000, 0x0000000087a00000| Untracked 
| 123|0x0000000087b00000, 0x0000000087b00000, 0x0000000087c00000|  0%| F|  |TAMS 0x0000000087b00000, 0x0000000087b00000| Untracked 
| 124|0x0000000087c00000, 0x0000000087c00000, 0x0000000087d00000|  0%| F|  |TAMS 0x0000000087c00000, 0x0000000087c00000| Untracked 
| 125|0x0000000087d00000, 0x0000000087d00000, 0x0000000087e00000|  0%| F|  |TAMS 0x0000000087d00000, 0x0000000087d00000| Untracked 
| 126|0x0000000087e00000, 0x0000000087e00000, 0x0000000087f00000|  0%| F|  |TAMS 0x0000000087e00000, 0x0000000087e00000| Untracked 
| 127|0x0000000087f00000, 0x0000000087f00000, 0x0000000088000000|  0%| F|  |TAMS 0x0000000087f00000, 0x0000000087f00000| Untracked 
| 128|0x0000000088000000, 0x0000000088100000, 0x0000000088100000|100%| S|CS|TAMS 0x0000000088000000, 0x0000000088000000| Complete 
| 129|0x0000000088100000, 0x0000000088200000, 0x0000000088200000|100%| S|CS|TAMS 0x0000000088100000, 0x0000000088100000| Complete 
| 130|0x0000000088200000, 0x0000000088300000, 0x0000000088300000|100%| S|CS|TAMS 0x0000000088200000, 0x0000000088200000| Complete 
| 131|0x0000000088300000, 0x0000000088400000, 0x0000000088400000|100%| S|CS|TAMS 0x0000000088300000, 0x0000000088300000| Complete 
| 132|0x0000000088400000, 0x0000000088500000, 0x0000000088500000|100%| S|CS|TAMS 0x0000000088400000, 0x0000000088400000| Complete 
| 133|0x0000000088500000, 0x0000000088600000, 0x0000000088600000|100%| S|CS|TAMS 0x0000000088500000, 0x0000000088500000| Complete 
| 134|0x0000000088600000, 0x0000000088700000, 0x0000000088700000|100%| S|CS|TAMS 0x0000000088600000, 0x0000000088600000| Complete 
| 135|0x0000000088700000, 0x0000000088800000, 0x0000000088800000|100%| S|CS|TAMS 0x0000000088700000, 0x0000000088700000| Complete 
| 136|0x0000000088800000, 0x0000000088900000, 0x0000000088900000|100%| S|CS|TAMS 0x0000000088800000, 0x0000000088800000| Complete 
| 137|0x0000000088900000, 0x0000000088a00000, 0x0000000088a00000|100%| S|CS|TAMS 0x0000000088900000, 0x0000000088900000| Complete 
| 138|0x0000000088a00000, 0x0000000088b00000, 0x0000000088b00000|100%| S|CS|TAMS 0x0000000088a00000, 0x0000000088a00000| Complete 
| 139|0x0000000088b00000, 0x0000000088c00000, 0x0000000088c00000|100%| S|CS|TAMS 0x0000000088b00000, 0x0000000088b00000| Complete 
| 140|0x0000000088c00000, 0x0000000088d00000, 0x0000000088d00000|100%| S|CS|TAMS 0x0000000088c00000, 0x0000000088c00000| Complete 
| 141|0x0000000088d00000, 0x0000000088d00000, 0x0000000088e00000|  0%| F|  |TAMS 0x0000000088d00000, 0x0000000088d00000| Untracked 
| 142|0x0000000088e00000, 0x0000000088e00000, 0x0000000088f00000|  0%| F|  |TAMS 0x0000000088e00000, 0x0000000088e00000| Untracked 
| 143|0x0000000088f00000, 0x0000000088f00000, 0x0000000089000000|  0%| F|  |TAMS 0x0000000088f00000, 0x0000000088f00000| Untracked 
| 144|0x0000000089000000, 0x0000000089000000, 0x0000000089100000|  0%| F|  |TAMS 0x0000000089000000, 0x0000000089000000| Untracked 
| 145|0x0000000089100000, 0x0000000089200000, 0x0000000089200000|100%| S|CS|TAMS 0x0000000089100000, 0x0000000089100000| Complete 
| 146|0x0000000089200000, 0x0000000089300000, 0x0000000089300000|100%| S|CS|TAMS 0x0000000089200000, 0x0000000089200000| Complete 
| 147|0x0000000089300000, 0x0000000089400000, 0x0000000089400000|100%| S|CS|TAMS 0x0000000089300000, 0x0000000089300000| Complete 
| 148|0x0000000089400000, 0x0000000089400000, 0x0000000089500000|  0%| F|  |TAMS 0x0000000089400000, 0x0000000089400000| Untracked 
| 149|0x0000000089500000, 0x0000000089500000, 0x0000000089600000|  0%| F|  |TAMS 0x0000000089500000, 0x0000000089500000| Untracked 
| 150|0x0000000089600000, 0x0000000089600000, 0x0000000089700000|  0%| F|  |TAMS 0x0000000089600000, 0x0000000089600000| Untracked 
| 151|0x0000000089700000, 0x0000000089700000, 0x0000000089800000|  0%| F|  |TAMS 0x0000000089700000, 0x0000000089700000| Untracked 
| 152|0x0000000089800000, 0x0000000089800000, 0x0000000089900000|  0%| F|  |TAMS 0x0000000089800000, 0x0000000089800000| Untracked 
| 153|0x0000000089900000, 0x0000000089900000, 0x0000000089a00000|  0%| F|  |TAMS 0x0000000089900000, 0x0000000089900000| Untracked 
| 154|0x0000000089a00000, 0x0000000089a00000, 0x0000000089b00000|  0%| F|  |TAMS 0x0000000089a00000, 0x0000000089a00000| Untracked 
| 155|0x0000000089b00000, 0x0000000089b00000, 0x0000000089c00000|  0%| F|  |TAMS 0x0000000089b00000, 0x0000000089b00000| Untracked 
| 156|0x0000000089c00000, 0x0000000089c00000, 0x0000000089d00000|  0%| F|  |TAMS 0x0000000089c00000, 0x0000000089c00000| Untracked 
| 157|0x0000000089d00000, 0x0000000089d00000, 0x0000000089e00000|  0%| F|  |TAMS 0x0000000089d00000, 0x0000000089d00000| Untracked 
| 158|0x0000000089e00000, 0x0000000089e00000, 0x0000000089f00000|  0%| F|  |TAMS 0x0000000089e00000, 0x0000000089e00000| Untracked 
| 159|0x0000000089f00000, 0x0000000089f00000, 0x000000008a000000|  0%| F|  |TAMS 0x0000000089f00000, 0x0000000089f00000| Untracked 
| 160|0x000000008a000000, 0x000000008a000000, 0x000000008a100000|  0%| F|  |TAMS 0x000000008a000000, 0x000000008a000000| Untracked 
| 161|0x000000008a100000, 0x000000008a100000, 0x000000008a200000|  0%| F|  |TAMS 0x000000008a100000, 0x000000008a100000| Untracked 
| 162|0x000000008a200000, 0x000000008a200000, 0x000000008a300000|  0%| F|  |TAMS 0x000000008a200000, 0x000000008a200000| Untracked 
| 163|0x000000008a300000, 0x000000008a300000, 0x000000008a400000|  0%| F|  |TAMS 0x000000008a300000, 0x000000008a300000| Untracked 
| 164|0x000000008a400000, 0x000000008a400000, 0x000000008a500000|  0%| F|  |TAMS 0x000000008a400000, 0x000000008a400000| Untracked 
| 165|0x000000008a500000, 0x000000008a500000, 0x000000008a600000|  0%| F|  |TAMS 0x000000008a500000, 0x000000008a500000| Untracked 
| 166|0x000000008a600000, 0x000000008a600000, 0x000000008a700000|  0%| F|  |TAMS 0x000000008a600000, 0x000000008a600000| Untracked 
| 167|0x000000008a700000, 0x000000008a700000, 0x000000008a800000|  0%| F|  |TAMS 0x000000008a700000, 0x000000008a700000| Untracked 
| 168|0x000000008a800000, 0x000000008a800000, 0x000000008a900000|  0%| F|  |TAMS 0x000000008a800000, 0x000000008a800000| Untracked 
| 169|0x000000008a900000, 0x000000008a900000, 0x000000008aa00000|  0%| F|  |TAMS 0x000000008a900000, 0x000000008a900000| Untracked 
| 170|0x000000008aa00000, 0x000000008aa00000, 0x000000008ab00000|  0%| F|  |TAMS 0x000000008aa00000, 0x000000008aa00000| Untracked 
| 171|0x000000008ab00000, 0x000000008ab00000, 0x000000008ac00000|  0%| F|  |TAMS 0x000000008ab00000, 0x000000008ab00000| Untracked 
| 172|0x000000008ac00000, 0x000000008ac00000, 0x000000008ad00000|  0%| F|  |TAMS 0x000000008ac00000, 0x000000008ac00000| Untracked 
| 173|0x000000008ad00000, 0x000000008ad00000, 0x000000008ae00000|  0%| F|  |TAMS 0x000000008ad00000, 0x000000008ad00000| Untracked 
| 174|0x000000008ae00000, 0x000000008ae00000, 0x000000008af00000|  0%| F|  |TAMS 0x000000008ae00000, 0x000000008ae00000| Untracked 
| 175|0x000000008af00000, 0x000000008af00000, 0x000000008b000000|  0%| F|  |TAMS 0x000000008af00000, 0x000000008af00000| Untracked 
| 176|0x000000008b000000, 0x000000008b000000, 0x000000008b100000|  0%| F|  |TAMS 0x000000008b000000, 0x000000008b000000| Untracked 
| 177|0x000000008b100000, 0x000000008b100000, 0x000000008b200000|  0%| F|  |TAMS 0x000000008b100000, 0x000000008b100000| Untracked 
| 178|0x000000008b200000, 0x000000008b200000, 0x000000008b300000|  0%| F|  |TAMS 0x000000008b200000, 0x000000008b200000| Untracked 
| 179|0x000000008b300000, 0x000000008b300000, 0x000000008b400000|  0%| F|  |TAMS 0x000000008b300000, 0x000000008b300000| Untracked 
| 180|0x000000008b400000, 0x000000008b400000, 0x000000008b500000|  0%| F|  |TAMS 0x000000008b400000, 0x000000008b400000| Untracked 
| 181|0x000000008b500000, 0x000000008b500000, 0x000000008b600000|  0%| F|  |TAMS 0x000000008b500000, 0x000000008b500000| Untracked 
| 182|0x000000008b600000, 0x000000008b600000, 0x000000008b700000|  0%| F|  |TAMS 0x000000008b600000, 0x000000008b600000| Untracked 
| 183|0x000000008b700000, 0x000000008b700000, 0x000000008b800000|  0%| F|  |TAMS 0x000000008b700000, 0x000000008b700000| Untracked 
| 184|0x000000008b800000, 0x000000008b800000, 0x000000008b900000|  0%| F|  |TAMS 0x000000008b800000, 0x000000008b800000| Untracked 
| 185|0x000000008b900000, 0x000000008b900000, 0x000000008ba00000|  0%| F|  |TAMS 0x000000008b900000, 0x000000008b900000| Untracked 
| 186|0x000000008ba00000, 0x000000008ba00000, 0x000000008bb00000|  0%| F|  |TAMS 0x000000008ba00000, 0x000000008ba00000| Untracked 
| 187|0x000000008bb00000, 0x000000008bb00000, 0x000000008bc00000|  0%| F|  |TAMS 0x000000008bb00000, 0x000000008bb00000| Untracked 
| 188|0x000000008bc00000, 0x000000008bc00000, 0x000000008bd00000|  0%| F|  |TAMS 0x000000008bc00000, 0x000000008bc00000| Untracked 
| 189|0x000000008bd00000, 0x000000008bd00000, 0x000000008be00000|  0%| F|  |TAMS 0x000000008bd00000, 0x000000008bd00000| Untracked 
| 190|0x000000008be00000, 0x000000008be00000, 0x000000008bf00000|  0%| F|  |TAMS 0x000000008be00000, 0x000000008be00000| Untracked 
| 191|0x000000008bf00000, 0x000000008bf00000, 0x000000008c000000|  0%| F|  |TAMS 0x000000008bf00000, 0x000000008bf00000| Untracked 
| 192|0x000000008c000000, 0x000000008c000000, 0x000000008c100000|  0%| F|  |TAMS 0x000000008c000000, 0x000000008c000000| Untracked 
| 193|0x000000008c100000, 0x000000008c100000, 0x000000008c200000|  0%| F|  |TAMS 0x000000008c100000, 0x000000008c100000| Untracked 
| 194|0x000000008c200000, 0x000000008c200000, 0x000000008c300000|  0%| F|  |TAMS 0x000000008c200000, 0x000000008c200000| Untracked 
| 195|0x000000008c300000, 0x000000008c300000, 0x000000008c400000|  0%| F|  |TAMS 0x000000008c300000, 0x000000008c300000| Untracked 
| 196|0x000000008c400000, 0x000000008c400000, 0x000000008c500000|  0%| F|  |TAMS 0x000000008c400000, 0x000000008c400000| Untracked 
| 197|0x000000008c500000, 0x000000008c500000, 0x000000008c600000|  0%| F|  |TAMS 0x000000008c500000, 0x000000008c500000| Untracked 
| 198|0x000000008c600000, 0x000000008c600000, 0x000000008c700000|  0%| F|  |TAMS 0x000000008c600000, 0x000000008c600000| Untracked 
| 199|0x000000008c700000, 0x000000008c700000, 0x000000008c800000|  0%| F|  |TAMS 0x000000008c700000, 0x000000008c700000| Untracked 
| 200|0x000000008c800000, 0x000000008c800000, 0x000000008c900000|  0%| F|  |TAMS 0x000000008c800000, 0x000000008c800000| Untracked 
| 201|0x000000008c900000, 0x000000008c900000, 0x000000008ca00000|  0%| F|  |TAMS 0x000000008c900000, 0x000000008c900000| Untracked 
| 202|0x000000008ca00000, 0x000000008ca00000, 0x000000008cb00000|  0%| F|  |TAMS 0x000000008ca00000, 0x000000008ca00000| Untracked 
| 203|0x000000008cb00000, 0x000000008cb00000, 0x000000008cc00000|  0%| F|  |TAMS 0x000000008cb00000, 0x000000008cb00000| Untracked 
| 204|0x000000008cc00000, 0x000000008cc00000, 0x000000008cd00000|  0%| F|  |TAMS 0x000000008cc00000, 0x000000008cc00000| Untracked 
| 205|0x000000008cd00000, 0x000000008cd00000, 0x000000008ce00000|  0%| F|  |TAMS 0x000000008cd00000, 0x000000008cd00000| Untracked 
| 206|0x000000008ce00000, 0x000000008ce00000, 0x000000008cf00000|  0%| F|  |TAMS 0x000000008ce00000, 0x000000008ce00000| Untracked 
| 207|0x000000008cf00000, 0x000000008cf00000, 0x000000008d000000|  0%| F|  |TAMS 0x000000008cf00000, 0x000000008cf00000| Untracked 
| 208|0x000000008d000000, 0x000000008d000000, 0x000000008d100000|  0%| F|  |TAMS 0x000000008d000000, 0x000000008d000000| Untracked 
| 209|0x000000008d100000, 0x000000008d100000, 0x000000008d200000|  0%| F|  |TAMS 0x000000008d100000, 0x000000008d100000| Untracked 
| 210|0x000000008d200000, 0x000000008d200000, 0x000000008d300000|  0%| F|  |TAMS 0x000000008d200000, 0x000000008d200000| Untracked 
| 211|0x000000008d300000, 0x000000008d300000, 0x000000008d400000|  0%| F|  |TAMS 0x000000008d300000, 0x000000008d300000| Untracked 
| 212|0x000000008d400000, 0x000000008d400000, 0x000000008d500000|  0%| F|  |TAMS 0x000000008d400000, 0x000000008d400000| Untracked 
| 213|0x000000008d500000, 0x000000008d500000, 0x000000008d600000|  0%| F|  |TAMS 0x000000008d500000, 0x000000008d500000| Untracked 
| 214|0x000000008d600000, 0x000000008d600000, 0x000000008d700000|  0%| F|  |TAMS 0x000000008d600000, 0x000000008d600000| Untracked 
| 215|0x000000008d700000, 0x000000008d700000, 0x000000008d800000|  0%| F|  |TAMS 0x000000008d700000, 0x000000008d700000| Untracked 
| 216|0x000000008d800000, 0x000000008d800000, 0x000000008d900000|  0%| F|  |TAMS 0x000000008d800000, 0x000000008d800000| Untracked 
| 217|0x000000008d900000, 0x000000008d900000, 0x000000008da00000|  0%| F|  |TAMS 0x000000008d900000, 0x000000008d900000| Untracked 
| 218|0x000000008da00000, 0x000000008da00000, 0x000000008db00000|  0%| F|  |TAMS 0x000000008da00000, 0x000000008da00000| Untracked 
| 219|0x000000008db00000, 0x000000008db00000, 0x000000008dc00000|  0%| F|  |TAMS 0x000000008db00000, 0x000000008db00000| Untracked 
| 220|0x000000008dc00000, 0x000000008dc00000, 0x000000008dd00000|  0%| F|  |TAMS 0x000000008dc00000, 0x000000008dc00000| Untracked 
| 221|0x000000008dd00000, 0x000000008dd00000, 0x000000008de00000|  0%| F|  |TAMS 0x000000008dd00000, 0x000000008dd00000| Untracked 
| 222|0x000000008de00000, 0x000000008de00000, 0x000000008df00000|  0%| F|  |TAMS 0x000000008de00000, 0x000000008de00000| Untracked 
| 223|0x000000008df00000, 0x000000008df00000, 0x000000008e000000|  0%| F|  |TAMS 0x000000008df00000, 0x000000008df00000| Untracked 
| 224|0x000000008e000000, 0x000000008e000000, 0x000000008e100000|  0%| F|  |TAMS 0x000000008e000000, 0x000000008e000000| Untracked 
| 225|0x000000008e100000, 0x000000008e100000, 0x000000008e200000|  0%| F|  |TAMS 0x000000008e100000, 0x000000008e100000| Untracked 
| 226|0x000000008e200000, 0x000000008e200000, 0x000000008e300000|  0%| F|  |TAMS 0x000000008e200000, 0x000000008e200000| Untracked 
| 227|0x000000008e300000, 0x000000008e300000, 0x000000008e400000|  0%| F|  |TAMS 0x000000008e300000, 0x000000008e300000| Untracked 
| 228|0x000000008e400000, 0x000000008e400000, 0x000000008e500000|  0%| F|  |TAMS 0x000000008e400000, 0x000000008e400000| Untracked 
| 229|0x000000008e500000, 0x000000008e500000, 0x000000008e600000|  0%| F|  |TAMS 0x000000008e500000, 0x000000008e500000| Untracked 
| 230|0x000000008e600000, 0x000000008e600000, 0x000000008e700000|  0%| F|  |TAMS 0x000000008e600000, 0x000000008e600000| Untracked 
| 231|0x000000008e700000, 0x000000008e700000, 0x000000008e800000|  0%| F|  |TAMS 0x000000008e700000, 0x000000008e700000| Untracked 
| 232|0x000000008e800000, 0x000000008e800000, 0x000000008e900000|  0%| F|  |TAMS 0x000000008e800000, 0x000000008e800000| Untracked 
| 233|0x000000008e900000, 0x000000008e900000, 0x000000008ea00000|  0%| F|  |TAMS 0x000000008e900000, 0x000000008e900000| Untracked 
| 234|0x000000008ea00000, 0x000000008ea00000, 0x000000008eb00000|  0%| F|  |TAMS 0x000000008ea00000, 0x000000008ea00000| Untracked 
| 235|0x000000008eb00000, 0x000000008eb00000, 0x000000008ec00000|  0%| F|  |TAMS 0x000000008eb00000, 0x000000008eb00000| Untracked 
| 236|0x000000008ec00000, 0x000000008ec00000, 0x000000008ed00000|  0%| F|  |TAMS 0x000000008ec00000, 0x000000008ec00000| Untracked 
| 237|0x000000008ed00000, 0x000000008ed00000, 0x000000008ee00000|  0%| F|  |TAMS 0x000000008ed00000, 0x000000008ed00000| Untracked 
| 238|0x000000008ee00000, 0x000000008ee00000, 0x000000008ef00000|  0%| F|  |TAMS 0x000000008ee00000, 0x000000008ee00000| Untracked 
| 239|0x000000008ef00000, 0x000000008ef00000, 0x000000008f000000|  0%| F|  |TAMS 0x000000008ef00000, 0x000000008ef00000| Untracked 
| 240|0x000000008f000000, 0x000000008f000000, 0x000000008f100000|  0%| F|  |TAMS 0x000000008f000000, 0x000000008f000000| Untracked 
| 241|0x000000008f100000, 0x000000008f100000, 0x000000008f200000|  0%| F|  |TAMS 0x000000008f100000, 0x000000008f100000| Untracked 
| 242|0x000000008f200000, 0x000000008f200000, 0x000000008f300000|  0%| F|  |TAMS 0x000000008f200000, 0x000000008f200000| Untracked 
| 243|0x000000008f300000, 0x000000008f300000, 0x000000008f400000|  0%| F|  |TAMS 0x000000008f300000, 0x000000008f300000| Untracked 
| 244|0x000000008f400000, 0x000000008f400000, 0x000000008f500000|  0%| F|  |TAMS 0x000000008f400000, 0x000000008f400000| Untracked 
| 245|0x000000008f500000, 0x000000008f500000, 0x000000008f600000|  0%| F|  |TAMS 0x000000008f500000, 0x000000008f500000| Untracked 
| 246|0x000000008f600000, 0x000000008f600000, 0x000000008f700000|  0%| F|  |TAMS 0x000000008f600000, 0x000000008f600000| Untracked 
| 247|0x000000008f700000, 0x000000008f700000, 0x000000008f800000|  0%| F|  |TAMS 0x000000008f700000, 0x000000008f700000| Untracked 
| 248|0x000000008f800000, 0x000000008f800000, 0x000000008f900000|  0%| F|  |TAMS 0x000000008f800000, 0x000000008f800000| Untracked 
| 249|0x000000008f900000, 0x000000008f900000, 0x000000008fa00000|  0%| F|  |TAMS 0x000000008f900000, 0x000000008f900000| Untracked 
| 250|0x000000008fa00000, 0x000000008fa00000, 0x000000008fb00000|  0%| F|  |TAMS 0x000000008fa00000, 0x000000008fa00000| Untracked 
| 251|0x000000008fb00000, 0x000000008fb00000, 0x000000008fc00000|  0%| F|  |TAMS 0x000000008fb00000, 0x000000008fb00000| Untracked 
| 252|0x000000008fc00000, 0x000000008fc00000, 0x000000008fd00000|  0%| F|  |TAMS 0x000000008fc00000, 0x000000008fc00000| Untracked 
| 253|0x000000008fd00000, 0x000000008fd00000, 0x000000008fe00000|  0%| F|  |TAMS 0x000000008fd00000, 0x000000008fd00000| Untracked 
| 254|0x000000008fe00000, 0x000000008fe00000, 0x000000008ff00000|  0%| F|  |TAMS 0x000000008fe00000, 0x000000008fe00000| Untracked 
| 255|0x000000008ff00000, 0x000000008ff00000, 0x0000000090000000|  0%| F|  |TAMS 0x000000008ff00000, 0x000000008ff00000| Untracked 
| 256|0x0000000090000000, 0x0000000090000000, 0x0000000090100000|  0%| F|  |TAMS 0x0000000090000000, 0x0000000090000000| Untracked 
| 257|0x0000000090100000, 0x0000000090100000, 0x0000000090200000|  0%| F|  |TAMS 0x0000000090100000, 0x0000000090100000| Untracked 
| 258|0x0000000090200000, 0x0000000090200000, 0x0000000090300000|  0%| F|  |TAMS 0x0000000090200000, 0x0000000090200000| Untracked 
| 259|0x0000000090300000, 0x0000000090300000, 0x0000000090400000|  0%| F|  |TAMS 0x0000000090300000, 0x0000000090300000| Untracked 
| 260|0x0000000090400000, 0x0000000090400000, 0x0000000090500000|  0%| F|  |TAMS 0x0000000090400000, 0x0000000090400000| Untracked 
| 261|0x0000000090500000, 0x0000000090500000, 0x0000000090600000|  0%| F|  |TAMS 0x0000000090500000, 0x0000000090500000| Untracked 
| 262|0x0000000090600000, 0x0000000090600000, 0x0000000090700000|  0%| F|  |TAMS 0x0000000090600000, 0x0000000090600000| Untracked 
| 263|0x0000000090700000, 0x0000000090700000, 0x0000000090800000|  0%| F|  |TAMS 0x0000000090700000, 0x0000000090700000| Untracked 
| 264|0x0000000090800000, 0x0000000090800000, 0x0000000090900000|  0%| F|  |TAMS 0x0000000090800000, 0x0000000090800000| Untracked 
| 265|0x0000000090900000, 0x0000000090900000, 0x0000000090a00000|  0%| F|  |TAMS 0x0000000090900000, 0x0000000090900000| Untracked 
| 266|0x0000000090a00000, 0x0000000090a00000, 0x0000000090b00000|  0%| F|  |TAMS 0x0000000090a00000, 0x0000000090a00000| Untracked 
| 267|0x0000000090b00000, 0x0000000090b00000, 0x0000000090c00000|  0%| F|  |TAMS 0x0000000090b00000, 0x0000000090b00000| Untracked 
| 268|0x0000000090c00000, 0x0000000090c00000, 0x0000000090d00000|  0%| F|  |TAMS 0x0000000090c00000, 0x0000000090c00000| Untracked 
| 269|0x0000000090d00000, 0x0000000090d00000, 0x0000000090e00000|  0%| F|  |TAMS 0x0000000090d00000, 0x0000000090d00000| Untracked 
| 270|0x0000000090e00000, 0x0000000090e00000, 0x0000000090f00000|  0%| F|  |TAMS 0x0000000090e00000, 0x0000000090e00000| Untracked 
| 271|0x0000000090f00000, 0x0000000090f00000, 0x0000000091000000|  0%| F|  |TAMS 0x0000000090f00000, 0x0000000090f00000| Untracked 
| 272|0x0000000091000000, 0x0000000091000000, 0x0000000091100000|  0%| F|  |TAMS 0x0000000091000000, 0x0000000091000000| Untracked 
| 273|0x0000000091100000, 0x0000000091100000, 0x0000000091200000|  0%| F|  |TAMS 0x0000000091100000, 0x0000000091100000| Untracked 
| 274|0x0000000091200000, 0x0000000091200000, 0x0000000091300000|  0%| F|  |TAMS 0x0000000091200000, 0x0000000091200000| Untracked 
| 275|0x0000000091300000, 0x0000000091300000, 0x0000000091400000|  0%| F|  |TAMS 0x0000000091300000, 0x0000000091300000| Untracked 
| 276|0x0000000091400000, 0x0000000091400000, 0x0000000091500000|  0%| F|  |TAMS 0x0000000091400000, 0x0000000091400000| Untracked 
| 277|0x0000000091500000, 0x0000000091500000, 0x0000000091600000|  0%| F|  |TAMS 0x0000000091500000, 0x0000000091500000| Untracked 
| 278|0x0000000091600000, 0x0000000091600000, 0x0000000091700000|  0%| F|  |TAMS 0x0000000091600000, 0x0000000091600000| Untracked 
| 279|0x0000000091700000, 0x0000000091700000, 0x0000000091800000|  0%| F|  |TAMS 0x0000000091700000, 0x0000000091700000| Untracked 
| 280|0x0000000091800000, 0x0000000091800000, 0x0000000091900000|  0%| F|  |TAMS 0x0000000091800000, 0x0000000091800000| Untracked 
| 281|0x0000000091900000, 0x0000000091900000, 0x0000000091a00000|  0%| F|  |TAMS 0x0000000091900000, 0x0000000091900000| Untracked 
| 282|0x0000000091a00000, 0x0000000091a00000, 0x0000000091b00000|  0%| F|  |TAMS 0x0000000091a00000, 0x0000000091a00000| Untracked 
| 283|0x0000000091b00000, 0x0000000091b00000, 0x0000000091c00000|  0%| F|  |TAMS 0x0000000091b00000, 0x0000000091b00000| Untracked 
| 284|0x0000000091c00000, 0x0000000091c00000, 0x0000000091d00000|  0%| F|  |TAMS 0x0000000091c00000, 0x0000000091c00000| Untracked 
| 285|0x0000000091d00000, 0x0000000091d00000, 0x0000000091e00000|  0%| F|  |TAMS 0x0000000091d00000, 0x0000000091d00000| Untracked 
| 286|0x0000000091e00000, 0x0000000091e00000, 0x0000000091f00000|  0%| F|  |TAMS 0x0000000091e00000, 0x0000000091e00000| Untracked 
| 287|0x0000000091f00000, 0x0000000091f00000, 0x0000000092000000|  0%| F|  |TAMS 0x0000000091f00000, 0x0000000091f00000| Untracked 

Card table byte_map: [0x0000022477650000,0x0000022477a50000] _byte_map_base: 0x0000022477250000

Marking Bits (Prev, Next): (CMBitMap*) 0x0000022471930a28, (CMBitMap*) 0x0000022471930a60
 Prev Bits: [0x0000022477e50000, 0x0000022479e50000)
 Next Bits: [0x0000022479e50000, 0x000002247be50000)

Polling page: 0x00000224716d0000

Metaspace:

Usage:
  Non-class:     72.97 MB capacity,    71.60 MB ( 98%) used,     1.12 MB (  2%) free+waste,   254.19 KB ( <1%) overhead. 
      Class:     11.61 MB capacity,    10.77 MB ( 93%) used,   738.25 KB (  6%) free+waste,   116.19 KB ( <1%) overhead. 
       Both:     84.58 MB capacity,    82.38 MB ( 97%) used,     1.84 MB (  2%) free+waste,   370.38 KB ( <1%) overhead. 

Virtual space:
  Non-class space:       74.00 MB reserved,      73.17 MB ( 99%) committed 
      Class space:        1.00 GB reserved,      11.63 MB (  1%) committed 
             Both:        1.07 GB reserved,      84.79 MB (  8%) committed 

Chunk freelists:
   Non-Class:  12.00 KB
       Class:  18.00 KB
        Both:  30.00 KB

MaxMetaspaceSize: 17179869184.00 GB
CompressedClassSpaceSize: 1.00 GB
Initial GC threshold: 20.80 MB
Current GC threshold: 114.03 MB
CDS: off

CodeHeap 'non-profiled nmethods': size=120064Kb used=5720Kb max_used=5720Kb free=114344Kb
 bounds [0x0000022407ac0000, 0x0000022408060000, 0x000002240f000000]
CodeHeap 'profiled nmethods': size=120000Kb used=21866Kb max_used=21866Kb free=98133Kb
 bounds [0x0000022400590000, 0x0000022401af0000, 0x0000022407ac0000]
CodeHeap 'non-nmethods': size=5696Kb used=2406Kb max_used=2411Kb free=3289Kb
 bounds [0x0000022400000000, 0x0000022400270000, 0x0000022400590000]
 total_blobs=10907 nmethods=10025 adapters=792
 compilation: enabled
              stopped_count=0, restarted_count=0
 full_count=0

Compilation events (20 events):
Event: 18.256 Thread 0x000002247ed4f000 10119       2       org.apache.xerces.impl.XMLScanner::normalizeWhitespace (56 bytes)
Event: 18.256 Thread 0x000002247ed4f000 nmethod 10119 0x0000022401ad6790 code [0x0000022401ad6940, 0x0000022401ad6b18]
Event: 18.269 Thread 0x000002247ed4f000 10123       2       org.apache.xerces.util.XMLChar::isInvalid (13 bytes)
Event: 18.269 Thread 0x000002247ed4f000 nmethod 10123 0x0000022401ad6c90 code [0x0000022401ad6e40, 0x0000022401ad6fb8]
Event: 18.269 Thread 0x000002247ed4f000 10124       2       org.apache.xerces.util.XMLChar::isValid (34 bytes)
Event: 18.269 Thread 0x000002247ed4f000 nmethod 10124 0x0000022401ad7090 code [0x0000022401ad7240, 0x0000022401ad7398]
Event: 18.277 Thread 0x000002247ed4f000 10126       2       org.apache.xerces.impl.XMLScanner::isInvalidLiteral (5 bytes)
Event: 18.278 Thread 0x000002247ed4f000 nmethod 10126 0x0000022401ad7490 code [0x0000022401ad7640, 0x0000022401ad7768]
Event: 18.278 Thread 0x000002247ed4f000 10127       2       org.apache.xerces.impl.XMLEntityScanner::load (198 bytes)
Event: 18.279 Thread 0x000002247ed4f000 nmethod 10127 0x0000022401ad7810 code [0x0000022401ad79e0, 0x0000022401ad7c68]
Event: 18.335 Thread 0x000002247ed4f000 10134       2       org.apache.xerces.util.XMLStringBuffer::append (87 bytes)
Event: 18.335 Thread 0x000002247ed4f000 nmethod 10134 0x0000022401ad7e90 code [0x0000022401ad8060, 0x0000022401ad8368]
Event: 18.400 Thread 0x000002247ed4f000 10138 % !   3       org.apache.xerces.impl.XMLDocumentFragmentScannerImpl$FragmentContentDispatcher::dispatch @ 0 (1128 bytes)
Event: 18.402 Thread 0x0000022410831000 nmethod 10045 0x000002240804c610 code [0x000002240804ca80, 0x0000022408052e98]
Event: 18.402 Thread 0x0000022410831000 10109       4       java.lang.StringUTF16::compress (50 bytes)
Event: 18.408 Thread 0x000002247ed4f000 nmethod 10138% 0x0000022401ad8490 code [0x0000022401ad8c80, 0x0000022401ade938]
Event: 18.410 Thread 0x000002247ed4f000 10139   !   3       org.apache.xerces.impl.XMLDocumentFragmentScannerImpl$FragmentContentDispatcher::dispatch (1128 bytes)
Event: 18.411 Thread 0x0000022410831000 nmethod 10109 0x0000022408055a10 code [0x0000022408055ba0, 0x0000022408055eb8]
Event: 18.412 Thread 0x0000022410831000 10110       4       org.apache.xerces.impl.XMLEntityScanner::scanLiteral (746 bytes)
Event: 18.416 Thread 0x000002247ed4f000 nmethod 10139 0x0000022401ae1e10 code [0x0000022401ae2600, 0x0000022401ae76d8]

GC Heap History (20 events):
Event: 1.391 GC heap after
{Heap after GC invocations=3 (full 0):
 garbage-first heap   total 294912K, used 12204K [0x0000000080000000, 0x0000000100000000)
  region size 1024K, 4 young (4096K), 4 survivors (4096K)
 Metaspace       used 10846K, capacity 11073K, committed 11264K, reserved 1058816K
  class space    used 1131K, capacity 1207K, committed 1280K, reserved 1048576K
}
Event: 3.146 GC heap before
{Heap before GC invocations=3 (full 0):
 garbage-first heap   total 294912K, used 61356K [0x0000000080000000, 0x0000000100000000)
  region size 1024K, 52 young (53248K), 4 survivors (4096K)
 Metaspace       used 18660K, capacity 19008K, committed 19328K, reserved 1067008K
  class space    used 2232K, capacity 2342K, committed 2432K, reserved 1048576K
}
Event: 3.153 GC heap after
{Heap after GC invocations=4 (full 0):
 garbage-first heap   total 294912K, used 16451K [0x0000000080000000, 0x0000000100000000)
  region size 1024K, 7 young (7168K), 7 survivors (7168K)
 Metaspace       used 18660K, capacity 19008K, committed 19328K, reserved 1067008K
  class space    used 2232K, capacity 2342K, committed 2432K, reserved 1048576K
}
Event: 3.386 GC heap before
{Heap before GC invocations=4 (full 0):
 garbage-first heap   total 294912K, used 35907K [0x0000000080000000, 0x0000000100000000)
  region size 1024K, 28 young (28672K), 7 survivors (7168K)
 Metaspace       used 20747K, capacity 21138K, committed 21248K, reserved 1067008K
  class space    used 2549K, capacity 2711K, committed 2816K, reserved 1048576K
}
Event: 3.395 GC heap after
{Heap after GC invocations=5 (full 0):
 garbage-first heap   total 294912K, used 17670K [0x0000000080000000, 0x0000000100000000)
  region size 1024K, 5 young (5120K), 5 survivors (5120K)
 Metaspace       used 20747K, capacity 21138K, committed 21248K, reserved 1067008K
  class space    used 2549K, capacity 2711K, committed 2816K, reserved 1048576K
}
Event: 4.147 GC heap before
{Heap before GC invocations=6 (full 0):
 garbage-first heap   total 294912K, used 72966K [0x0000000080000000, 0x0000000100000000)
  region size 1024K, 59 young (60416K), 5 survivors (5120K)
 Metaspace       used 26659K, capacity 27268K, committed 27520K, reserved 1073152K
  class space    used 3477K, capacity 3701K, committed 3712K, reserved 1048576K
}
Event: 4.155 GC heap after
{Heap after GC invocations=7 (full 0):
 garbage-first heap   total 294912K, used 19579K [0x0000000080000000, 0x0000000100000000)
  region size 1024K, 3 young (3072K), 3 survivors (3072K)
 Metaspace       used 26659K, capacity 27268K, committed 27520K, reserved 1073152K
  class space    used 3477K, capacity 3701K, committed 3712K, reserved 1048576K
}
Event: 5.173 GC heap before
{Heap before GC invocations=7 (full 0):
 garbage-first heap   total 294912K, used 75899K [0x0000000080000000, 0x0000000100000000)
  region size 1024K, 59 young (60416K), 3 survivors (3072K)
 Metaspace       used 34929K, capacity 35786K, committed 35840K, reserved 1081344K
  class space    used 4532K, capacity 4839K, committed 4864K, reserved 1048576K
}
Event: 5.187 GC heap after
{Heap after GC invocations=8 (full 0):
 garbage-first heap   total 294912K, used 22722K [0x0000000080000000, 0x0000000100000000)
  region size 1024K, 6 young (6144K), 6 survivors (6144K)
 Metaspace       used 34929K, capacity 35786K, committed 35840K, reserved 1081344K
  class space    used 4532K, capacity 4839K, committed 4864K, reserved 1048576K
}
Event: 6.599 GC heap before
{Heap before GC invocations=9 (full 0):
 garbage-first heap   total 294912K, used 111810K [0x0000000080000000, 0x0000000100000000)
  region size 1024K, 91 young (93184K), 6 survivors (6144K)
 Metaspace       used 42049K, capacity 43020K, committed 43264K, reserved 1087488K
  class space    used 5420K, capacity 5788K, committed 5888K, reserved 1048576K
}
Event: 6.615 GC heap after
{Heap after GC invocations=10 (full 0):
 garbage-first heap   total 294912K, used 28971K [0x0000000080000000, 0x0000000100000000)
  region size 1024K, 12 young (12288K), 12 survivors (12288K)
 Metaspace       used 42049K, capacity 43020K, committed 43264K, reserved 1087488K
  class space    used 5420K, capacity 5788K, committed 5888K, reserved 1048576K
}
Event: 8.583 GC heap before
{Heap before GC invocations=10 (full 0):
 garbage-first heap   total 294912K, used 152875K [0x0000000080000000, 0x0000000100000000)
  region size 1024K, 129 young (132096K), 12 survivors (12288K)
 Metaspace       used 49134K, capacity 50442K, committed 50560K, reserved 1093632K
  class space    used 6289K, capacity 6752K, committed 6784K, reserved 1048576K
}
Event: 8.604 GC heap after
{Heap after GC invocations=11 (full 0):
 garbage-first heap   total 294912K, used 43682K [0x0000000080000000, 0x0000000100000000)
  region size 1024K, 17 young (17408K), 17 survivors (17408K)
 Metaspace       used 49134K, capacity 50442K, committed 50560K, reserved 1093632K
  class space    used 6289K, capacity 6752K, committed 6784K, reserved 1048576K
}
Event: 9.713 GC heap before
{Heap before GC invocations=11 (full 0):
 garbage-first heap   total 294912K, used 108194K [0x0000000080000000, 0x0000000100000000)
  region size 1024K, 81 young (82944K), 17 survivors (17408K)
 Metaspace       used 58398K, capacity 59784K, committed 59948K, reserved 1101824K
  class space    used 7439K, capacity 7964K, committed 8064K, reserved 1048576K
}
Event: 9.735 GC heap after
{Heap after GC invocations=12 (full 0):
 garbage-first heap   total 294912K, used 46364K [0x0000000080000000, 0x0000000100000000)
  region size 1024K, 14 young (14336K), 14 survivors (14336K)
 Metaspace       used 58398K, capacity 59784K, committed 59948K, reserved 1101824K
  class space    used 7439K, capacity 7964K, committed 8064K, reserved 1048576K
}
Event: 11.711 GC heap before
{Heap before GC invocations=13 (full 0):
 garbage-first heap   total 294912K, used 182556K [0x0000000080000000, 0x0000000100000000)
  region size 1024K, 147 young (150528K), 14 survivors (14336K)
 Metaspace       used 67996K, capacity 69659K, committed 69676K, reserved 1110016K
  class space    used 8745K, capacity 9343K, committed 9344K, reserved 1048576K
}
Event: 11.758 GC heap after
{Heap after GC invocations=14 (full 0):
 garbage-first heap   total 294912K, used 56587K [0x0000000080000000, 0x0000000100000000)
  region size 1024K, 13 young (13312K), 13 survivors (13312K)
 Metaspace       used 67996K, capacity 69659K, committed 69676K, reserved 1110016K
  class space    used 8745K, capacity 9343K, committed 9344K, reserved 1048576K
}
Event: 14.380 GC heap before
{Heap before GC invocations=15 (full 0):
 garbage-first heap   total 294912K, used 203019K [0x0000000080000000, 0x0000000100000000)
  region size 1024K, 156 young (159744K), 13 survivors (13312K)
 Metaspace       used 79132K, capacity 81014K, committed 81196K, reserved 1120256K
  class space    used 10380K, capacity 11038K, committed 11136K, reserved 1048576K
}
Event: 14.415 GC heap after
{Heap after GC invocations=16 (full 0):
 garbage-first heap   total 294912K, used 66934K [0x0000000080000000, 0x0000000100000000)
  region size 1024K, 20 young (20480K), 20 survivors (20480K)
 Metaspace       used 79132K, capacity 81014K, committed 81196K, reserved 1120256K
  class space    used 10380K, capacity 11038K, committed 11136K, reserved 1048576K
}
Event: 18.427 GC heap before
{Heap before GC invocations=16 (full 0):
 garbage-first heap   total 294912K, used 211318K [0x0000000080000000, 0x0000000100000000)
  region size 1024K, 160 young (163840K), 20 survivors (20480K)
 Metaspace       used 84353K, capacity 86606K, committed 86828K, reserved 1124352K
  class space    used 11031K, capacity 11886K, committed 11904K, reserved 1048576K
}

Deoptimization events (20 events):
Event: 18.375 Thread 0x00000224136bf000 DEOPT PACKING pc=0x0000022401ab779b sp=0x000000ac5e3fa410
Event: 18.375 Thread 0x00000224136bf000 DEOPT UNPACKING pc=0x000002240004a95e sp=0x000000ac5e3f9880 mode 0
Event: 18.381 Thread 0x00000224136bf000 DEOPT PACKING pc=0x0000022401ab779b sp=0x000000ac5e3fa410
Event: 18.381 Thread 0x00000224136bf000 DEOPT UNPACKING pc=0x000002240004a95e sp=0x000000ac5e3f9880 mode 0
Event: 18.387 Thread 0x00000224136bf000 DEOPT PACKING pc=0x0000022401ab779b sp=0x000000ac5e3fa410
Event: 18.387 Thread 0x00000224136bf000 DEOPT UNPACKING pc=0x000002240004a95e sp=0x000000ac5e3f9880 mode 0
Event: 18.388 Thread 0x00000224136bf000 DEOPT PACKING pc=0x0000022401ab779b sp=0x000000ac5e3fa410
Event: 18.388 Thread 0x00000224136bf000 DEOPT UNPACKING pc=0x000002240004a95e sp=0x000000ac5e3f9880 mode 0
Event: 18.389 Thread 0x00000224136bf000 DEOPT PACKING pc=0x0000022401ab779b sp=0x000000ac5e3fa410
Event: 18.389 Thread 0x00000224136bf000 DEOPT UNPACKING pc=0x000002240004a95e sp=0x000000ac5e3f9880 mode 0
Event: 18.391 Thread 0x00000224136bf000 DEOPT PACKING pc=0x0000022401ab779b sp=0x000000ac5e3fa410
Event: 18.391 Thread 0x00000224136bf000 DEOPT UNPACKING pc=0x000002240004a95e sp=0x000000ac5e3f9880 mode 0
Event: 18.392 Thread 0x00000224136bf000 DEOPT PACKING pc=0x0000022401ab779b sp=0x000000ac5e3fa410
Event: 18.392 Thread 0x00000224136bf000 DEOPT UNPACKING pc=0x000002240004a95e sp=0x000000ac5e3f9880 mode 0
Event: 18.395 Thread 0x00000224136bf000 DEOPT PACKING pc=0x0000022401ab779b sp=0x000000ac5e3fa3e0
Event: 18.395 Thread 0x00000224136bf000 DEOPT UNPACKING pc=0x000002240004a95e sp=0x000000ac5e3f9850 mode 0
Event: 18.399 Thread 0x00000224136bf000 DEOPT PACKING pc=0x0000022401ab779b sp=0x000000ac5e3fa410
Event: 18.399 Thread 0x00000224136bf000 DEOPT UNPACKING pc=0x000002240004a95e sp=0x000000ac5e3f9880 mode 0
Event: 18.400 Thread 0x00000224136bf000 DEOPT PACKING pc=0x0000022401ab779b sp=0x000000ac5e3fa410
Event: 18.400 Thread 0x00000224136bf000 DEOPT UNPACKING pc=0x000002240004a95e sp=0x000000ac5e3f9880 mode 0

Classes redefined (0 events):
No events

Internal exceptions (20 events):
Event: 14.629 Thread 0x0000022410d27000 Exception <a 'java/lang/NoSuchMethodError'{0x000000009130c638}: <clinit>> (0x000000009130c638) thrown at [./src/hotspot/share/prims/jni.cpp, line 1365]
Event: 14.629 Thread 0x0000022410d27000 Exception <a 'java/lang/NoSuchMethodError'{0x000000009130d910}: <clinit>> (0x000000009130d910) thrown at [./src/hotspot/share/prims/jni.cpp, line 1365]
Event: 14.643 Thread 0x00000224136bc800 Exception <a 'java/lang/NoSuchMethodError'{0x00000000914c9b68}: <clinit>> (0x00000000914c9b68) thrown at [./src/hotspot/share/prims/jni.cpp, line 1365]
Event: 14.647 Thread 0x00000224136bc800 Exception <a 'java/lang/NoSuchMethodError'{0x00000000914d3da0}: 'void java.lang.invoke.DirectMethodHandle$Holder.invokeSpecial(java.lang.Object, java.lang.Object, java.lang.Object, int)'> (0x00000000914d3da0) thrown at [./src/hotspot/share/interpreter/linkResolver.cpp, line 773]
Event: 14.674 Thread 0x00000224136bf000 Exception <a 'java/lang/IncompatibleClassChangeError'{0x0000000091384350}: Found class java.lang.Object, but interface was expected> (0x0000000091384350) thrown at [./src/hotspot/share/interpreter/linkResolver.cpp, line 839]
Event: 14.775 Thread 0x00000224136bf000 Exception <a 'java/lang/NoSuchMethodError'{0x0000000091283b10}: 'java.lang.Object java.lang.invoke.DirectMethodHandle$Holder.invokeInterface(java.lang.Object, java.lang.Object, int)'> (0x0000000091283b10) thrown at [./src/hotspot/share/interpreter/linkResolver.cpp, line 773]
Event: 14.777 Thread 0x00000224136bf000 Exception <a 'java/lang/NoSuchMethodError'{0x0000000091295d20}: 'void java.lang.invoke.DirectMethodHandle$Holder.invokeStatic(java.lang.Object, java.lang.Object, java.lang.Object, int)'> (0x0000000091295d20) thrown at [./src/hotspot/share/interpreter/linkResolver.cpp, line 773]
Event: 14.809 Thread 0x0000022410d27000 Exception <a 'java/lang/NoSuchMethodError'{0x000000009113f6a8}: <clinit>> (0x000000009113f6a8) thrown at [./src/hotspot/share/prims/jni.cpp, line 1365]
Event: 14.853 Thread 0x00000224136bf000 Implicit null exception at 0x0000022407d34c77 to 0x0000022407d34e00
Event: 14.946 Thread 0x00000224136bf000 Exception <a 'java/lang/IncompatibleClassChangeError'{0x00000000910f2c90}: Found class java.lang.Object, but interface was expected> (0x00000000910f2c90) thrown at [./src/hotspot/share/interpreter/linkResolver.cpp, line 839]
Event: 15.782 Thread 0x00000224136bf000 Exception <a 'java/lang/NoSuchMethodError'{0x0000000090230d60}: 'void java.lang.invoke.DirectMethodHandle$Holder.invokeStatic(java.lang.Object, java.lang.Object, java.lang.Object, java.lang.Object, int, java.lang.Object, java.lang.Object)'> (0x0000000090230d60) thrown at [./src/hotspot/share/interpreter/linkResolver.cpp, line 773]
Event: 15.817 Thread 0x0000022411dee000 Exception <a 'java/lang/NoSuchMethodError'{0x000000008fbeede8}: 'java.lang.Object java.lang.invoke.DirectMethodHandle$Holder.invokeSpecialIFC(java.lang.Object, java.lang.Object, java.lang.Object)'> (0x000000008fbeede8) thrown at [./src/hotspot/share/interpreter/linkResolver.cpp, line 773]
Event: 15.817 Thread 0x0000022411ded000 Exception <a 'java/lang/NoSuchMethodError'{0x000000008fa0ee38}: 'java.lang.Object java.lang.invoke.DirectMethodHandle$Holder.invokeSpecialIFC(java.lang.Object, java.lang.Object, java.lang.Object)'> (0x000000008fa0ee38) thrown at [./src/hotspot/share/interpreter/linkResolver.cpp, line 773]
Event: 15.817 Thread 0x0000022411dee800 Exception <a 'java/lang/NoSuchMethodError'{0x000000008fa37fc8}: 'java.lang.Object java.lang.invoke.DirectMethodHandle$Holder.invokeSpecialIFC(java.lang.Object, java.lang.Object, java.lang.Object)'> (0x000000008fa37fc8) thrown at [./src/hotspot/share/interpreter/linkResolver.cpp, line 773]
Event: 15.817 Thread 0x0000022411d53000 Exception <a 'java/lang/NoSuchMethodError'{0x000000008fbd0f40}: 'java.lang.Object java.lang.invoke.DirectMethodHandle$Holder.invokeSpecialIFC(java.lang.Object, java.lang.Object, java.lang.Object)'> (0x000000008fbd0f40) thrown at [./src/hotspot/share/interpreter/linkResolver.cpp, line 773]
Event: 15.861 Thread 0x0000022411d53000 Exception <a 'java/lang/NoSuchMethodError'{0x000000008f8e1868}: 'int java.lang.invoke.DirectMethodHandle$Holder.invokeStaticInit(java.lang.Object, java.lang.Object, java.lang.Object, java.lang.Object, java.lang.Object)'> (0x000000008f8e1868) thrown at [./src/hotspot/share/interpreter/linkResolver.cpp, line 773]
Event: 16.365 Thread 0x0000022411dee000 Exception <a 'java/lang/NoSuchMethodError'{0x000000008dec7190}: 'void java.lang.invoke.DirectMethodHandle$Holder.invokeVirtual(java.lang.Object, java.lang.Object)'> (0x000000008dec7190) thrown at [./src/hotspot/share/interpreter/linkResolver.cpp, line 773]
Event: 16.934 Thread 0x0000022415387800 Implicit null exception at 0x0000022407fee94c to 0x0000022407fef154
Event: 16.972 Thread 0x0000022411dee800 Exception <a 'java/lang/NoSuchMethodError'{0x000000008c9fb920}: 'java.lang.Object java.lang.invoke.DirectMethodHandle$Holder.newInvokeSpecial(java.lang.Object, java.lang.Object, java.lang.Object, java.lang.Object)'> (0x000000008c9fb920) thrown at [./src/hotspot/share/interpreter/linkResolver.cpp, line 773]
Event: 17.055 Thread 0x0000022411dee000 Implicit null exception at 0x0000022407ff5f91 to 0x0000022407ff6768

Events (20 events):
Event: 18.126 loading class com/google/common/io/ByteSource$ByteArrayByteSource done
Event: 18.126 loading class com/google/common/io/ByteSource$SlicedByteSource
Event: 18.126 loading class com/google/common/io/ByteSource$SlicedByteSource done
Event: 18.127 loading class com/google/common/io/Closer
Event: 18.127 loading class com/google/common/io/Closer done
Event: 18.127 loading class com/google/common/io/Closer$Suppressor
Event: 18.127 loading class com/google/common/io/Closer$Suppressor done
Event: 18.128 loading class com/google/common/io/Closer$SuppressingSuppressor
Event: 18.128 loading class com/google/common/io/Closer$SuppressingSuppressor done
Event: 18.128 loading class com/google/common/io/ByteStreams
Event: 18.128 loading class com/google/common/io/ByteStreams done
Event: 18.129 loading class com/google/common/io/ByteArrayDataOutput
Event: 18.129 loading class com/google/common/io/ByteArrayDataOutput done
Event: 18.130 loading class com/google/common/io/ByteArrayDataInput
Event: 18.130 loading class com/google/common/io/ByteArrayDataInput done
Event: 18.130 loading class com/google/common/io/ByteStreams$1
Event: 18.130 loading class com/google/common/io/ByteStreams$1 done
Event: 18.131 loading class com/google/common/io/ByteStreams$LimitedInputStream
Event: 18.131 loading class com/google/common/io/ByteStreams$LimitedInputStream done
Event: 18.427 Executing VM operation: G1CollectForAllocation


Dynamic libraries:
0x00007ff616850000 - 0x00007ff61685a000 	C:\Program Files\Android\Android Studio\jre\bin\java.exe
0x00007fff55860000 - 0x00007fff55a69000 	C:\Windows\SYSTEM32\ntdll.dll
0x00007fff55370000 - 0x00007fff5542d000 	C:\Windows\System32\KERNEL32.DLL
0x00007fff52e50000 - 0x00007fff531cb000 	C:\Windows\System32\KERNELBASE.dll
0x00007fff53200000 - 0x00007fff53311000 	C:\Windows\System32\ucrtbase.dll
0x00007fff42130000 - 0x00007fff42147000 	C:\Program Files\Android\Android Studio\jre\bin\VCRUNTIME140.dll
0x00007fff40d40000 - 0x00007fff40d59000 	C:\Program Files\Android\Android Studio\jre\bin\jli.dll
0x00007fff543a0000 - 0x00007fff5454d000 	C:\Windows\System32\USER32.dll
0x00007fff41d00000 - 0x00007fff41fa5000 	C:\Windows\WinSxS\amd64_microsoft.windows.common-controls_6595b64144ccf1df_6.0.22000.120_none_9d947278b86cc467\COMCTL32.dll
0x00007fff55030000 - 0x00007fff550d3000 	C:\Windows\System32\msvcrt.dll
0x00007fff54170000 - 0x00007fff54199000 	C:\Windows\System32\GDI32.dll
0x00007fff531d0000 - 0x00007fff531f6000 	C:\Windows\System32\win32u.dll
0x00007fff52d30000 - 0x00007fff52e48000 	C:\Windows\System32\gdi32full.dll
0x00007fff53320000 - 0x00007fff533bd000 	C:\Windows\System32\msvcp_win.dll
0x00007fff54fe0000 - 0x00007fff55011000 	C:\Windows\System32\IMM32.DLL
0x00007fff2a600000 - 0x00007fff2a69d000 	C:\Program Files\Android\Android Studio\jre\bin\msvcp140.dll
0x00007ffedc750000 - 0x00007ffedd235000 	C:\Program Files\Android\Android Studio\jre\bin\server\jvm.dll
0x00007fff53d40000 - 0x00007fff53dee000 	C:\Windows\System32\ADVAPI32.dll
0x00007fff55430000 - 0x00007fff554ce000 	C:\Windows\System32\sechost.dll
0x00007fff55230000 - 0x00007fff55350000 	C:\Windows\System32\RPCRT4.dll
0x00007fff53760000 - 0x00007fff53768000 	C:\Windows\System32\PSAPI.DLL
0x00007fff3efc0000 - 0x00007fff3efc9000 	C:\Windows\SYSTEM32\WSOCK32.dll
0x00007fff4b810000 - 0x00007fff4b843000 	C:\Windows\SYSTEM32\WINMM.dll
0x00007fff53770000 - 0x00007fff537df000 	C:\Windows\System32\WS2_32.dll
0x00007fff4a3e0000 - 0x00007fff4a3ea000 	C:\Windows\SYSTEM32\VERSION.dll
0x00007fff51db0000 - 0x00007fff51dc8000 	C:\Windows\SYSTEM32\kernel.appcore.dll
0x00007fff25c60000 - 0x00007fff25c71000 	C:\Program Files\Android\Android Studio\jre\bin\verify.dll
0x00007fff508d0000 - 0x00007fff50af1000 	C:\Windows\SYSTEM32\DBGHELP.DLL
0x00007fff3b880000 - 0x00007fff3b8b1000 	C:\Windows\SYSTEM32\dbgcore.DLL
0x00007fff53480000 - 0x00007fff534ff000 	C:\Windows\System32\bcryptPrimitives.dll
0x00007fff25c30000 - 0x00007fff25c59000 	C:\Program Files\Android\Android Studio\jre\bin\java.dll
0x00007fff3bf80000 - 0x00007fff3bf8b000 	C:\Program Files\Android\Android Studio\jre\bin\jimage.dll
0x00007fff25c10000 - 0x00007fff25c28000 	C:\Program Files\Android\Android Studio\jre\bin\zip.dll
0x00007fff54550000 - 0x00007fff54d08000 	C:\Windows\System32\SHELL32.dll
0x00007fff50e20000 - 0x00007fff51685000 	C:\Windows\SYSTEM32\windows.storage.dll
0x00007fff53df0000 - 0x00007fff54167000 	C:\Windows\System32\combase.dll
0x00007fff50cb0000 - 0x00007fff50e16000 	C:\Windows\SYSTEM32\wintypes.dll
0x00007fff537e0000 - 0x00007fff538ca000 	C:\Windows\System32\SHCORE.dll
0x00007fff54e00000 - 0x00007fff54e5d000 	C:\Windows\System32\shlwapi.dll
0x00007fff52c60000 - 0x00007fff52c81000 	C:\Windows\SYSTEM32\profapi.dll
0x00007fff1c6e0000 - 0x00007fff1c6fa000 	C:\Program Files\Android\Android Studio\jre\bin\net.dll
0x00007fff4ac90000 - 0x00007fff4ad9c000 	C:\Windows\SYSTEM32\WINHTTP.dll
0x00007fff52250000 - 0x00007fff522b7000 	C:\Windows\system32\mswsock.dll
0x00007fff1c6c0000 - 0x00007fff1c6d4000 	C:\Program Files\Android\Android Studio\jre\bin\nio.dll
0x00007fff02730000 - 0x00007fff02757000 	C:\Users\User\.gradle\native\e1d6ef7f7dcc3fd88c89a11ec53ec762bb8ba0a96d01ffa2cd45eb1d1d8dd5c5\windows-amd64\native-platform.dll
0x00007fff285b0000 - 0x00007fff286f4000 	C:\Users\User\.gradle\native\5664cfc778a61ccfe75a443a1ab52a65af34e5dc3c78e0209fed803814484fcb\windows-amd64\native-platform-file-events.dll
0x00007fff26be0000 - 0x00007fff26bea000 	C:\Program Files\Android\Android Studio\jre\bin\management.dll
0x00007fff1c6b0000 - 0x00007fff1c6bd000 	C:\Program Files\Android\Android Studio\jre\bin\management_ext.dll
0x00007fff52490000 - 0x00007fff524a8000 	C:\Windows\SYSTEM32\CRYPTSP.dll
0x00007fff51d10000 - 0x00007fff51d45000 	C:\Windows\system32\rsaenh.dll
0x00007fff52340000 - 0x00007fff52369000 	C:\Windows\SYSTEM32\USERENV.dll
0x00007fff52690000 - 0x00007fff526b7000 	C:\Windows\SYSTEM32\bcrypt.dll
0x00007fff524b0000 - 0x00007fff524bc000 	C:\Windows\SYSTEM32\CRYPTBASE.dll
0x00007fff518e0000 - 0x00007fff5190d000 	C:\Windows\SYSTEM32\IPHLPAPI.DLL
0x00007fff55020000 - 0x00007fff55029000 	C:\Windows\System32\NSI.dll
0x00007fff4a9e0000 - 0x00007fff4a9f9000 	C:\Windows\SYSTEM32\dhcpcsvc6.DLL
0x00007fff4ada0000 - 0x00007fff4adbe000 	C:\Windows\SYSTEM32\dhcpcsvc.DLL
0x00007fff51910000 - 0x00007fff519f8000 	C:\Windows\SYSTEM32\DNSAPI.dll

dbghelp: loaded successfully - version: 4.0.5 - missing functions: none
symbol engine: initialized successfully - sym options: 0x614 - pdb path: .;C:\Program Files\Android\Android Studio\jre\bin;C:\Windows\SYSTEM32;C:\Windows\WinSxS\amd64_microsoft.windows.common-controls_6595b64144ccf1df_6.0.22000.120_none_9d947278b86cc467;C:\Program Files\Android\Android Studio\jre\bin\server;C:\Users\User\.gradle\native\e1d6ef7f7dcc3fd88c89a11ec53ec762bb8ba0a96d01ffa2cd45eb1d1d8dd5c5\windows-amd64;C:\Users\User\.gradle\native\5664cfc778a61ccfe75a443a1ab52a65af34e5dc3c78e0209fed803814484fcb\windows-amd64

VM Arguments:
jvm_args: --add-opens=java.base/java.util=ALL-UNNAMED --add-opens=java.base/java.lang=ALL-UNNAMED --add-opens=java.base/java.lang.invoke=ALL-UNNAMED --add-opens=java.base/java.util=ALL-UNNAMED --add-opens=java.prefs/java.util.prefs=ALL-UNNAMED --add-opens=java.prefs/java.util.prefs=ALL-UNNAMED --add-opens=java.base/java.nio.charset=ALL-UNNAMED --add-opens=java.base/java.net=ALL-UNNAMED --add-opens=java.base/java.util.concurrent.atomic=ALL-UNNAMED -Xmx2048m -Dfile.encoding=UTF-8 -Duser.country=US -Duser.language=en -Duser.variant 
java_command: org.gradle.launcher.daemon.bootstrap.GradleDaemon 7.3.3
java_class_path (initial): C:\Users\User\.gradle\wrapper\dists\gradle-7.3.3-bin\6a41zxkdtcxs8rphpq6y0069z\gradle-7.3.3\lib\gradle-launcher-7.3.3.jar
Launcher Type: SUN_STANDARD

[Global flags]
     intx CICompilerCount                          = 3                                         {product} {ergonomic}
     uint ConcGCThreads                            = 1                                         {product} {ergonomic}
     uint G1ConcRefinementThreads                  = 4                                         {product} {ergonomic}
   size_t G1HeapRegionSize                         = 1048576                                   {product} {ergonomic}
    uintx GCDrainStackTargetSize                   = 64                                        {product} {ergonomic}
   size_t InitialHeapSize                          = 301989888                                 {product} {ergonomic}
   size_t MarkStackSize                            = 4194304                                   {product} {ergonomic}
   size_t MaxHeapSize                              = 2147483648                                {product} {command line}
   size_t MaxNewSize                               = 1287651328                                {product} {ergonomic}
   size_t MinHeapDeltaBytes                        = 1048576                                   {product} {ergonomic}
    uintx NonNMethodCodeHeapSize                   = 5830732                                {pd product} {ergonomic}
    uintx NonProfiledCodeHeapSize                  = 122913754                              {pd product} {ergonomic}
    uintx ProfiledCodeHeapSize                     = 122913754                              {pd product} {ergonomic}
    uintx ReservedCodeCacheSize                    = 251658240                              {pd product} {ergonomic}
     bool SegmentedCodeCache                       = true                                      {product} {ergonomic}
     bool UseCompressedClassPointers               = true                                 {lp64_product} {ergonomic}
     bool UseCompressedOops                        = true                                 {lp64_product} {ergonomic}
     bool UseG1GC                                  = true                                      {product} {ergonomic}
     bool UseLargePagesIndividualAllocation        = false                                  {pd product} {ergonomic}

Logging:
Log output configuration:
 #0: stdout all=warning uptime,level,tags
 #1: stderr all=off uptime,level,tags

Environment Variables:
PATH=C:\Program Files\Common Files\Oracle\Java\javapath;C:\Windows\system32;C:\Windows;C:\Windows\System32\Wbem;C:\Windows\System32\WindowsPowerShell\v1.0\;C:\Windows\System32\OpenSSH\;C:\Program Files\Microsoft SQL Server\Client SDK\ODBC\170\Tools\Binn\;C:\Program Files (x86)\Microsoft SQL Server\150\Tools\Binn\;C:\Program Files\Microsoft SQL Server\150\Tools\Binn\;C:\Program Files\Microsoft SQL Server\150\DTS\Binn\;C:\Program Files (x86)\Microsoft SQL Server\150\DTS\Binn\;C:\Program Files\Azure Data Studio\bin;C:\Program Files\nodejs\;C:\Program Files (x86)\Yarn\bin\;C:\Program Files\Git\cmd;C:\Users\User\AppData\Local\Programs\Python\Python310\Scripts\;C:\Users\User\AppData\Local\Programs\Python\Python310\;C:\Program Files\MySQL\MySQL Shell 8.0\bin\;C:\Users\User\AppData\Local\Microsoft\WindowsApps;C:\Program Files\JetBrains\IntelliJ IDEA 2021.3.2\bin;C:\Program Files\Java\jdk-17.0.2\bin;;C:\Program Files\Azure Data Studio\bin;C:\Program Files\Azure Data Studio\bin;C:\Users\User\AppData\Local\Programs\Microsoft VS Code\bin;C:\Users\User\AppData\Roaming\npm;C:\Users\User\AppData\Local\Yarn\bin
USERNAME=User
OS=Windows_NT
PROCESSOR_IDENTIFIER=AMD64 Family 23 Model 24 Stepping 1, AuthenticAMD



---------------  S Y S T E M  ---------------

OS: Windows 10 , 64 bit Build 22000 (10.0.22000.708)
OS uptime: 0 days 11:25 hours

CPU:total 4 (initial active 4) (4 cores per cpu, 2 threads per core) family 23 model 24 stepping 1 microcode 0x0, cmov, cx8, fxsr, mmx, sse, sse2, sse3, ssse3, sse4.1, sse4.2, popcnt, avx, avx2, aes, clmul, mmxext, 3dnowpref, lzcnt, sse4a, ht, tsc, tscinvbit, tscinv, bmi1, bmi2, adx, sha, fma

Memory: 4k page, system-wide physical 18370M (6161M free)
TotalPageFile size 20418M (AvailPageFile size 35M)
current process WorkingSet (physical memory assigned to process): 490M, peak: 490M
current process commit charge ("private bytes"): 569M, peak: 627M

vm_info: OpenJDK 64-Bit Server VM (11.0.12+7-b1504.28-7817840) for windows-amd64 JRE (11.0.12+7-b1504.28-7817840), built on Oct 13 2021 22:12:33 by "builder" with MS VC++ 14.0 (VS2015)

END.
