#
# There is insufficient memory for the Java Runtime Environment to continue.
# Native memory allocation (malloc) failed to allocate 1029216 bytes for Chunk::new
# Possible reasons:
#   The system is out of physical RAM or swap space
#   The process is running with CompressedOops enabled, and the Java Heap may be blocking the growth of the native heap
# Possible solutions:
#   Reduce memory load on the system
#   Increase physical memory or swap space
#   Check if swap backing store is full
#   Decrease Java heap size (-Xmx/-Xms)
#   Decrease number of Java threads
#   Decrease Java thread stack sizes (-Xss)
#   Set larger code cache with -XX:ReservedCodeCacheSize=
#   JVM is running with Unscaled Compressed Oops mode in which the Java heap is
#     placed in the first 4GB address space. The Java Heap base address is the
#     maximum limit for the native heap growth. Please use -XX:HeapBaseMinAddress
#     to set the Java Heap base and to place the Java Heap above 4GB virtual address.
# This output file may be truncated or incomplete.
#
#  Out of Memory Error (./src/hotspot/share/memory/arena.cpp:197), pid=4952, tid=8628
#
# JRE version: OpenJDK Runtime Environment (11.0.12+7) (build 11.0.12+7-b1504.28-7817840)
# Java VM: OpenJDK 64-Bit Server VM (11.0.12+7-b1504.28-7817840, mixed mode, tiered, compressed oops, g1 gc, windows-amd64)
# No core dump will be written. Minidumps are not enabled by default on client versions of Windows
#

---------------  S U M M A R Y ------------

Command Line: --add-opens=java.base/java.util=ALL-UNNAMED --add-opens=java.base/java.lang=ALL-UNNAMED --add-opens=java.base/java.lang.invoke=ALL-UNNAMED --add-opens=java.base/java.util=ALL-UNNAMED --add-opens=java.prefs/java.util.prefs=ALL-UNNAMED --add-opens=java.prefs/java.util.prefs=ALL-UNNAMED --add-opens=java.base/java.nio.charset=ALL-UNNAMED --add-opens=java.base/java.net=ALL-UNNAMED --add-opens=java.base/java.util.concurrent.atomic=ALL-UNNAMED -Xmx2048m -Dfile.encoding=UTF-8 -Duser.country=US -Duser.language=en -Duser.variant org.gradle.launcher.daemon.bootstrap.GradleDaemon 7.3.3

Host: AMD Ryzen 3 3250U with Radeon Graphics         , 4 cores, 17G,  Windows 10 , 64 bit Build 22000 (10.0.22000.708)
Time: Tue Oct 25 10:14:35 2022 Sri Lanka Standard Time elapsed time: 9.202723 seconds (0d 0h 0m 9s)

---------------  T H R E A D  ---------------

Current thread (0x000001d23c2b8000):  JavaThread "C2 CompilerThread0" daemon [_thread_in_native, id=8628, stack(0x00000011ea400000,0x00000011ea500000)]


Current CompileTask:
C2:   9202 5795       4       org.objectweb.asm.Frame::execute (2318 bytes)

Stack: [0x00000011ea400000,0x00000011ea500000]
Native frames: (J=compiled Java code, j=interpreted, Vv=VM code, C=native code)
V  [jvm.dll+0x5fbcea]
V  [jvm.dll+0x731905]
V  [jvm.dll+0x732f1d]
V  [jvm.dll+0x7335d3]
V  [jvm.dll+0x247bf8]
V  [jvm.dll+0xc018c]
V  [jvm.dll+0xc06cc]
V  [jvm.dll+0x2bcc04]
V  [jvm.dll+0x5113a8]
V  [jvm.dll+0x208303]
V  [jvm.dll+0x201fe0]
V  [jvm.dll+0x1ff71f]
V  [jvm.dll+0x18868c]
V  [jvm.dll+0x20e0d7]
V  [jvm.dll+0x20c901]
V  [jvm.dll+0x6f9b7f]
V  [jvm.dll+0x6f26a5]
V  [jvm.dll+0x5fabf6]
C  [ucrtbase.dll+0x26c0c]
C  [KERNEL32.DLL+0x154e0]
C  [ntdll.dll+0x485b]


---------------  P R O C E S S  ---------------

Threads class SMR info:
_java_thread_list=0x000001d241f62380, length=78, elements={
0x000001d221daf800, 0x000001d23c24d800, 0x000001d23c24e800, 0x000001d23c2b1800,
0x000001d23c2b2800, 0x000001d23c2b3800, 0x000001d23c2b8000, 0x000001d23c2bd000,
0x000001d23c2c1000, 0x000001d23c412000, 0x000001d23e39e800, 0x000001d23c7d8800,
0x000001d23ea6b800, 0x000001d23fb5a000, 0x000001d23e244800, 0x000001d23d9eb000,
0x000001d23e1af000, 0x000001d23dd33000, 0x000001d23d031800, 0x000001d23ea00800,
0x000001d23e9fa800, 0x000001d23e9fd000, 0x000001d23ea01000, 0x000001d23e9fb800,
0x000001d23d243800, 0x000001d23e9ff800, 0x000001d23e9fc800, 0x000001d23e9fe000,
0x000001d23e9fe800, 0x000001d2404cc000, 0x000001d2404c9800, 0x000001d2404ca800,
0x000001d2404cd800, 0x000001d2404ce800, 0x000001d2404cd000, 0x000001d2404c8800,
0x000001d2404d1000, 0x000001d2404d2800, 0x000001d2404d3800, 0x000001d2404d4000,
0x000001d2404d5000, 0x000001d2404d0000, 0x000001d2404cf000, 0x000001d2404d5800,
0x000001d2404d6800, 0x000001d2404d1800, 0x000001d23ea49000, 0x000001d23ea45000,
0x000001d23ea43800, 0x000001d23ea47800, 0x000001d23ea4a000, 0x000001d23ea46000,
0x000001d23ea48000, 0x000001d23ea44000, 0x000001d23ea4a800, 0x000001d23ea4b800,
0x000001d23ea4c800, 0x000001d23ea46800, 0x000001d23ea4d000, 0x000001d23ea4f800,
0x000001d23ea4e000, 0x000001d23ea52000, 0x000001d23ea51000, 0x000001d23ea4e800,
0x000001d23ea50800, 0x000001d23ed20000, 0x000001d23ed24000, 0x000001d23ed25000,
0x000001d23ed26800, 0x000001d23ed22800, 0x000001d23ed23000, 0x000001d23ed20800,
0x000001d23ed25800, 0x000001d23ed27800, 0x000001d23ed21800, 0x000001d23ed2c000,
0x000001d23ed29000, 0x000001d23ed2a800
}

Java Threads: ( => current thread )
  0x000001d221daf800 JavaThread "main" [_thread_blocked, id=15764, stack(0x00000011e9800000,0x00000011e9900000)]
  0x000001d23c24d800 JavaThread "Reference Handler" daemon [_thread_blocked, id=12960, stack(0x00000011e9f00000,0x00000011ea000000)]
  0x000001d23c24e800 JavaThread "Finalizer" daemon [_thread_blocked, id=5428, stack(0x00000011ea000000,0x00000011ea100000)]
  0x000001d23c2b1800 JavaThread "Signal Dispatcher" daemon [_thread_blocked, id=1284, stack(0x00000011ea100000,0x00000011ea200000)]
  0x000001d23c2b2800 JavaThread "Attach Listener" daemon [_thread_blocked, id=5384, stack(0x00000011ea200000,0x00000011ea300000)]
  0x000001d23c2b3800 JavaThread "Service Thread" daemon [_thread_blocked, id=10060, stack(0x00000011ea300000,0x00000011ea400000)]
=>0x000001d23c2b8000 JavaThread "C2 CompilerThread0" daemon [_thread_in_native, id=8628, stack(0x00000011ea400000,0x00000011ea500000)]
  0x000001d23c2bd000 JavaThread "C1 CompilerThread0" daemon [_thread_blocked, id=16316, stack(0x00000011ea500000,0x00000011ea600000)]
  0x000001d23c2c1000 JavaThread "Sweeper thread" daemon [_thread_blocked, id=14996, stack(0x00000011ea600000,0x00000011ea700000)]
  0x000001d23c412000 JavaThread "Common-Cleaner" daemon [_thread_blocked, id=2212, stack(0x00000011ea700000,0x00000011ea800000)]
  0x000001d23e39e800 JavaThread "Daemon health stats" [_thread_blocked, id=11652, stack(0x00000011ead00000,0x00000011eae00000)]
  0x000001d23c7d8800 JavaThread "Incoming local TCP Connector on port 14115" [_thread_in_native, id=11352, stack(0x00000011ea900000,0x00000011eaa00000)]
  0x000001d23ea6b800 JavaThread "Daemon periodic checks" [_thread_blocked, id=12240, stack(0x00000011eae00000,0x00000011eaf00000)]
  0x000001d23fb5a000 JavaThread "Daemon" [_thread_blocked, id=10444, stack(0x00000011eaf00000,0x00000011eb000000)]
  0x000001d23e244800 JavaThread "Handler for socket connection from /127.0.0.1:14115 to /127.0.0.1:14116" [_thread_in_native, id=7408, stack(0x00000011eb000000,0x00000011eb100000)]
  0x000001d23d9eb000 JavaThread "Cancel handler" [_thread_blocked, id=7384, stack(0x00000011eb100000,0x00000011eb200000)]
  0x000001d23e1af000 JavaThread "Daemon worker" [_thread_in_vm, id=12568, stack(0x00000011eb200000,0x00000011eb300000)]
  0x000001d23dd33000 JavaThread "Asynchronous log dispatcher for DefaultDaemonConnection: socket connection from /127.0.0.1:14115 to /127.0.0.1:14116" [_thread_blocked, id=11328, stack(0x00000011eb300000,0x00000011eb400000)]
  0x000001d23d031800 JavaThread "Stdin handler" [_thread_blocked, id=6140, stack(0x00000011eb400000,0x00000011eb500000)]
  0x000001d23ea00800 JavaThread "Daemon client event forwarder" [_thread_blocked, id=16988, stack(0x00000011eb500000,0x00000011eb600000)]
  0x000001d23e9fa800 JavaThread "Cache worker for journal cache (C:\Users\User\.gradle\caches\journal-1)" [_thread_blocked, id=16588, stack(0x00000011eb600000,0x00000011eb700000)]
  0x000001d23e9fd000 JavaThread "File lock request listener" [_thread_in_native, id=4628, stack(0x00000011eb700000,0x00000011eb800000)]
  0x000001d23ea01000 JavaThread "Cache worker for file hash cache (C:\Users\User\.gradle\caches\7.3.3\fileHashes)" [_thread_blocked, id=1088, stack(0x00000011eb800000,0x00000011eb900000)]
  0x000001d23e9fb800 JavaThread "Cache worker for file hash cache (E:\YEAR 2 SEM 2\MAD\Book-App\.gradle\7.3.3\fileHashes)" [_thread_blocked, id=14048, stack(0x00000011eb900000,0x00000011eba00000)]
  0x000001d23d243800 JavaThread "C2 CompilerThread1" daemon [_thread_in_native, id=16612, stack(0x00000011eba00000,0x00000011ebb00000)]
  0x000001d23e9ff800 JavaThread "File watcher server" daemon [_thread_in_native, id=9136, stack(0x00000011ebb00000,0x00000011ebc00000)]
  0x000001d23e9fc800 JavaThread "File watcher consumer" daemon [_thread_blocked, id=13780, stack(0x00000011ebc00000,0x00000011ebd00000)]
  0x000001d23e9fe000 JavaThread "Cache worker for checksums cache (E:\YEAR 2 SEM 2\MAD\Book-App\.gradle\7.3.3\checksums)" [_thread_blocked, id=8576, stack(0x00000011ebd00000,0x00000011ebe00000)]
  0x000001d23e9fe800 JavaThread "Cache worker for cache directory md-supplier (C:\Users\User\.gradle\caches\7.3.3\md-supplier)" [_thread_blocked, id=14456, stack(0x00000011ebe00000,0x00000011ebf00000)]
  0x000001d2404cc000 JavaThread "Cache worker for cache directory md-rule (C:\Users\User\.gradle\caches\7.3.3\md-rule)" [_thread_blocked, id=14160, stack(0x00000011ebf00000,0x00000011ec000000)]
  0x000001d2404c9800 JavaThread "Cache worker for execution history cache (C:\Users\User\.gradle\caches\7.3.3\executionHistory)" [_thread_blocked, id=6772, stack(0x00000011ec000000,0x00000011ec100000)]
  0x000001d2404ca800 JavaThread "jar transforms" [_thread_blocked, id=17212, stack(0x00000011ec100000,0x00000011ec200000)]
  0x000001d2404cd800 JavaThread "Cache worker for file content cache (C:\Users\User\.gradle\caches\7.3.3\fileContent)" [_thread_blocked, id=8600, stack(0x00000011ec200000,0x00000011ec300000)]
  0x000001d2404ce800 JavaThread "jar transforms Thread 2" [_thread_blocked, id=13488, stack(0x00000011ec300000,0x00000011ec400000)]
  0x000001d2404cd000 JavaThread "Cache worker for dependencies-accessors (E:\YEAR 2 SEM 2\MAD\Book-App\.gradle\7.3.3\dependencies-accessors)" [_thread_blocked, id=880, stack(0x00000011ec400000,0x00000011ec500000)]
  0x000001d2404c8800 JavaThread "jar transforms Thread 3" [_thread_blocked, id=10044, stack(0x00000011ec500000,0x00000011ec600000)]
  0x000001d2404d1000 JavaThread "Cache worker for Build Output Cleanup Cache (E:\YEAR 2 SEM 2\MAD\Book-App\.gradle\buildOutputCleanup)" [_thread_blocked, id=2304, stack(0x00000011ec600000,0x00000011ec700000)]
  0x000001d2404d2800 JavaThread "Unconstrained build operations" [_thread_blocked, id=17072, stack(0x00000011ec700000,0x00000011ec800000)]
  0x000001d2404d3800 JavaThread "Unconstrained build operations Thread 2" [_thread_blocked, id=7944, stack(0x00000011ec800000,0x00000011ec900000)]
  0x000001d2404d4000 JavaThread "Unconstrained build operations Thread 3" [_thread_blocked, id=3404, stack(0x00000011ec900000,0x00000011eca00000)]
  0x000001d2404d5000 JavaThread "Unconstrained build operations Thread 4" [_thread_blocked, id=5572, stack(0x00000011eca00000,0x00000011ecb00000)]
  0x000001d2404d0000 JavaThread "Unconstrained build operations Thread 5" [_thread_blocked, id=9960, stack(0x00000011ecb00000,0x00000011ecc00000)]
  0x000001d2404cf000 JavaThread "Unconstrained build operations Thread 6" [_thread_blocked, id=11560, stack(0x00000011ecc00000,0x00000011ecd00000)]
  0x000001d2404d5800 JavaThread "Unconstrained build operations Thread 7" [_thread_blocked, id=10148, stack(0x00000011ecd00000,0x00000011ece00000)]
  0x000001d2404d6800 JavaThread "Unconstrained build operations Thread 8" [_thread_blocked, id=6940, stack(0x00000011ece00000,0x00000011ecf00000)]
  0x000001d2404d1800 JavaThread "Unconstrained build operations Thread 9" [_thread_blocked, id=4280, stack(0x00000011ecf00000,0x00000011ed000000)]
  0x000001d23ea49000 JavaThread "Unconstrained build operations Thread 10" [_thread_blocked, id=16280, stack(0x00000011ed000000,0x00000011ed100000)]
  0x000001d23ea45000 JavaThread "Unconstrained build operations Thread 11" [_thread_blocked, id=10956, stack(0x00000011ed100000,0x00000011ed200000)]
  0x000001d23ea43800 JavaThread "Unconstrained build operations Thread 12" [_thread_blocked, id=10480, stack(0x00000011ed200000,0x00000011ed300000)]
  0x000001d23ea47800 JavaThread "Unconstrained build operations Thread 13" [_thread_blocked, id=1764, stack(0x00000011ed300000,0x00000011ed400000)]
  0x000001d23ea4a000 JavaThread "Unconstrained build operations Thread 14" [_thread_blocked, id=3384, stack(0x00000011ed400000,0x00000011ed500000)]
  0x000001d23ea46000 JavaThread "Unconstrained build operations Thread 15" [_thread_blocked, id=13404, stack(0x00000011ed500000,0x00000011ed600000)]
  0x000001d23ea48000 JavaThread "Unconstrained build operations Thread 16" [_thread_blocked, id=9380, stack(0x00000011ed600000,0x00000011ed700000)]
  0x000001d23ea44000 JavaThread "Unconstrained build operations Thread 17" [_thread_blocked, id=15604, stack(0x00000011ed700000,0x00000011ed800000)]
  0x000001d23ea4a800 JavaThread "Unconstrained build operations Thread 18" [_thread_blocked, id=7076, stack(0x00000011ed800000,0x00000011ed900000)]
  0x000001d23ea4b800 JavaThread "Unconstrained build operations Thread 19" [_thread_blocked, id=13428, stack(0x00000011ed900000,0x00000011eda00000)]
  0x000001d23ea4c800 JavaThread "Unconstrained build operations Thread 20" [_thread_blocked, id=15052, stack(0x00000011eda00000,0x00000011edb00000)]
  0x000001d23ea46800 JavaThread "Unconstrained build operations Thread 21" [_thread_blocked, id=8716, stack(0x00000011edb00000,0x00000011edc00000)]
  0x000001d23ea4d000 JavaThread "Unconstrained build operations Thread 22" [_thread_blocked, id=11816, stack(0x00000011edc00000,0x00000011edd00000)]
  0x000001d23ea4f800 JavaThread "Unconstrained build operations Thread 23" [_thread_blocked, id=8164, stack(0x00000011edd00000,0x00000011ede00000)]
  0x000001d23ea4e000 JavaThread "Unconstrained build operations Thread 24" [_thread_blocked, id=15144, stack(0x00000011ede00000,0x00000011edf00000)]
  0x000001d23ea52000 JavaThread "Unconstrained build operations Thread 25" [_thread_blocked, id=10280, stack(0x00000011edf00000,0x00000011ee000000)]
  0x000001d23ea51000 JavaThread "Unconstrained build operations Thread 26" [_thread_blocked, id=7128, stack(0x00000011ee000000,0x00000011ee100000)]
  0x000001d23ea4e800 JavaThread "Unconstrained build operations Thread 27" [_thread_blocked, id=14840, stack(0x00000011ee100000,0x00000011ee200000)]
  0x000001d23ea50800 JavaThread "Unconstrained build operations Thread 28" [_thread_blocked, id=16608, stack(0x00000011ee200000,0x00000011ee300000)]
  0x000001d23ed20000 JavaThread "Unconstrained build operations Thread 29" [_thread_blocked, id=1456, stack(0x00000011ee300000,0x00000011ee400000)]
  0x000001d23ed24000 JavaThread "Unconstrained build operations Thread 30" [_thread_blocked, id=1260, stack(0x00000011ee400000,0x00000011ee500000)]
  0x000001d23ed25000 JavaThread "Unconstrained build operations Thread 31" [_thread_blocked, id=9320, stack(0x00000011ee500000,0x00000011ee600000)]
  0x000001d23ed26800 JavaThread "Unconstrained build operations Thread 32" [_thread_blocked, id=7184, stack(0x00000011ee600000,0x00000011ee700000)]
  0x000001d23ed22800 JavaThread "Unconstrained build operations Thread 33" [_thread_blocked, id=5788, stack(0x00000011ee700000,0x00000011ee800000)]
  0x000001d23ed23000 JavaThread "Unconstrained build operations Thread 34" [_thread_blocked, id=6640, stack(0x00000011ee800000,0x00000011ee900000)]
  0x000001d23ed20800 JavaThread "Unconstrained build operations Thread 35" [_thread_blocked, id=264, stack(0x00000011ee900000,0x00000011eea00000)]
  0x000001d23ed25800 JavaThread "Unconstrained build operations Thread 36" [_thread_blocked, id=12008, stack(0x00000011eea00000,0x00000011eeb00000)]
  0x000001d23ed27800 JavaThread "Unconstrained build operations Thread 37" [_thread_blocked, id=8064, stack(0x00000011eeb00000,0x00000011eec00000)]
  0x000001d23ed21800 JavaThread "Unconstrained build operations Thread 38" [_thread_blocked, id=15572, stack(0x00000011eec00000,0x00000011eed00000)]
  0x000001d23ed2c000 JavaThread "Unconstrained build operations Thread 39" [_thread_blocked, id=15912, stack(0x00000011eed00000,0x00000011eee00000)]
  0x000001d23ed29000 JavaThread "Unconstrained build operations Thread 40" [_thread_blocked, id=17240, stack(0x00000011eee00000,0x00000011eef00000)]
  0x000001d23ed2a800 JavaThread "jar transforms Thread 4" [_thread_blocked, id=11672, stack(0x00000011eef00000,0x00000011ef000000)]

Other Threads:
  0x000001d23c248000 VMThread "VM Thread" [stack: 0x00000011e9e00000,0x00000011e9f00000] [id=7868]
  0x000001d23c466000 WatcherThread [stack: 0x00000011ea800000,0x00000011ea900000] [id=11628]
  0x000001d221dc9000 GCTaskThread "GC Thread#0" [stack: 0x00000011e9900000,0x00000011e9a00000] [id=15544]
  0x000001d23cce4800 GCTaskThread "GC Thread#1" [stack: 0x00000011eaa00000,0x00000011eab00000] [id=8620]
  0x000001d23cb6d000 GCTaskThread "GC Thread#2" [stack: 0x00000011eab00000,0x00000011eac00000] [id=2516]
  0x000001d23cc67000 GCTaskThread "GC Thread#3" [stack: 0x00000011eac00000,0x00000011ead00000] [id=17016]
  0x000001d221dfb800 ConcurrentGCThread "G1 Main Marker" [stack: 0x00000011e9a00000,0x00000011e9b00000] [id=4556]
  0x000001d221dfd800 ConcurrentGCThread "G1 Conc#0" [stack: 0x00000011e9b00000,0x00000011e9c00000] [id=14804]
  0x000001d23b886800 ConcurrentGCThread "G1 Refine#0" [stack: 0x00000011e9c00000,0x00000011e9d00000] [id=2904]
  0x000001d23b889800 ConcurrentGCThread "G1 Young RemSet Sampling" [stack: 0x00000011e9d00000,0x00000011e9e00000] [id=9340]

Threads with active compile tasks:
C2 CompilerThread0   9226 5795       4       org.objectweb.asm.Frame::execute (2318 bytes)
C2 CompilerThread1   9226 5811       4       java.util.Arrays::binarySearch0 (95 bytes)

VM state:not at safepoint (normal execution)

VM Mutex/Monitor currently owned by a thread: None

Heap address: 0x0000000080000000, size: 2048 MB, Compressed Oops mode: 32-bit
Narrow klass base: 0x0000000000000000, Narrow klass shift: 3
Compressed class space size: 1073741824 Address: 0x0000000100000000

Heap:
 garbage-first heap   total 354304K, used 46360K [0x0000000080000000, 0x0000000100000000)
  region size 1024K, 15 young (15360K), 14 survivors (14336K)
 Metaspace       used 58902K, capacity 60390K, committed 60544K, reserved 1101824K
  class space    used 7506K, capacity 8016K, committed 8064K, reserved 1048576K
Heap Regions: E=young(eden), S=young(survivor), O=old, HS=humongous(starts), HC=humongous(continues), CS=collection set, F=free, A=archive, TAMS=top-at-mark-start (previous, next)
|   0|0x0000000080000000, 0x0000000080100000, 0x0000000080100000|100%| O|  |TAMS 0x0000000080100000, 0x0000000080100000| Untracked 
|   1|0x0000000080100000, 0x0000000080200000, 0x0000000080200000|100%| O|  |TAMS 0x0000000080200000, 0x0000000080200000| Untracked 
|   2|0x0000000080200000, 0x0000000080300000, 0x0000000080300000|100%| O|  |TAMS 0x0000000080300000, 0x0000000080300000| Untracked 
|   3|0x0000000080300000, 0x0000000080400000, 0x0000000080400000|100%|HS|  |TAMS 0x0000000080400000, 0x0000000080400000| Complete 
|   4|0x0000000080400000, 0x0000000080500000, 0x0000000080500000|100%|HC|  |TAMS 0x0000000080500000, 0x0000000080500000| Complete 
|   5|0x0000000080500000, 0x0000000080600000, 0x0000000080600000|100%|HC|  |TAMS 0x0000000080600000, 0x0000000080600000| Complete 
|   6|0x0000000080600000, 0x0000000080700000, 0x0000000080700000|100%| O|  |TAMS 0x0000000080700000, 0x0000000080700000| Untracked 
|   7|0x0000000080700000, 0x0000000080800000, 0x0000000080800000|100%| O|  |TAMS 0x0000000080800000, 0x0000000080800000| Untracked 
|   8|0x0000000080800000, 0x0000000080900000, 0x0000000080900000|100%| O|  |TAMS 0x0000000080900000, 0x0000000080900000| Untracked 
|   9|0x0000000080900000, 0x0000000080a00000, 0x0000000080a00000|100%| O|  |TAMS 0x0000000080a00000, 0x0000000080a00000| Untracked 
|  10|0x0000000080a00000, 0x0000000080b00000, 0x0000000080b00000|100%| O|  |TAMS 0x0000000080b00000, 0x0000000080b00000| Untracked 
|  11|0x0000000080b00000, 0x0000000080c00000, 0x0000000080c00000|100%| O|  |TAMS 0x0000000080c00000, 0x0000000080c00000| Untracked 
|  12|0x0000000080c00000, 0x0000000080d00000, 0x0000000080d00000|100%| O|  |TAMS 0x0000000080d00000, 0x0000000080d00000| Untracked 
|  13|0x0000000080d00000, 0x0000000080e00000, 0x0000000080e00000|100%| O|  |TAMS 0x0000000080e00000, 0x0000000080e00000| Untracked 
|  14|0x0000000080e00000, 0x0000000080f00000, 0x0000000080f00000|100%| O|  |TAMS 0x0000000080f00000, 0x0000000080f00000| Untracked 
|  15|0x0000000080f00000, 0x0000000081000000, 0x0000000081000000|100%| O|  |TAMS 0x0000000081000000, 0x0000000081000000| Untracked 
|  16|0x0000000081000000, 0x0000000081100000, 0x0000000081100000|100%| O|  |TAMS 0x0000000081046000, 0x0000000081100000| Untracked 
|  17|0x0000000081100000, 0x0000000081200000, 0x0000000081200000|100%| O|  |TAMS 0x0000000081100000, 0x0000000081200000| Untracked 
|  18|0x0000000081200000, 0x0000000081300000, 0x0000000081300000|100%|HS|  |TAMS 0x0000000081200000, 0x0000000081300000| Complete 
|  19|0x0000000081300000, 0x0000000081400000, 0x0000000081400000|100%|HS|  |TAMS 0x0000000081300000, 0x0000000081400000| Complete 
|  20|0x0000000081400000, 0x0000000081500000, 0x0000000081500000|100%|HS|  |TAMS 0x0000000081400000, 0x0000000081500000| Complete 
|  21|0x0000000081500000, 0x0000000081600000, 0x0000000081600000|100%|HC|  |TAMS 0x0000000081500000, 0x0000000081600000| Complete 
|  22|0x0000000081600000, 0x0000000081700000, 0x0000000081700000|100%| O|  |TAMS 0x0000000081600000, 0x0000000081700000| Untracked 
|  23|0x0000000081700000, 0x0000000081800000, 0x0000000081800000|100%| O|  |TAMS 0x0000000081700000, 0x0000000081800000| Untracked 
|  24|0x0000000081800000, 0x0000000081900000, 0x0000000081900000|100%| O|  |TAMS 0x0000000081800000, 0x0000000081900000| Untracked 
|  25|0x0000000081900000, 0x0000000081a00000, 0x0000000081a00000|100%| O|  |TAMS 0x0000000081900000, 0x0000000081a00000| Untracked 
|  26|0x0000000081a00000, 0x0000000081b00000, 0x0000000081b00000|100%| O|  |TAMS 0x0000000081a00000, 0x0000000081b00000| Untracked 
|  27|0x0000000081b00000, 0x0000000081c00000, 0x0000000081c00000|100%| O|  |TAMS 0x0000000081b00000, 0x0000000081c00000| Untracked 
|  28|0x0000000081c00000, 0x0000000081d00000, 0x0000000081d00000|100%| O|  |TAMS 0x0000000081c00000, 0x0000000081d00000| Untracked 
|  29|0x0000000081d00000, 0x0000000081e00000, 0x0000000081e00000|100%| O|  |TAMS 0x0000000081d00000, 0x0000000081e00000| Untracked 
|  30|0x0000000081e00000, 0x0000000081f00000, 0x0000000081f00000|100%| O|  |TAMS 0x0000000081e00000, 0x0000000081f00000| Untracked 
|  31|0x0000000081f00000, 0x0000000081fc6000, 0x0000000082000000| 77%| O|  |TAMS 0x0000000081f00000, 0x0000000081fc6000| Untracked 
|  32|0x0000000082000000, 0x0000000082000000, 0x0000000082100000|  0%| F|  |TAMS 0x0000000082000000, 0x0000000082000000| Untracked 
|  33|0x0000000082100000, 0x0000000082100000, 0x0000000082200000|  0%| F|  |TAMS 0x0000000082100000, 0x0000000082100000| Untracked 
|  34|0x0000000082200000, 0x0000000082200000, 0x0000000082300000|  0%| F|  |TAMS 0x0000000082200000, 0x0000000082200000| Untracked 
|  35|0x0000000082300000, 0x0000000082300000, 0x0000000082400000|  0%| F|  |TAMS 0x0000000082300000, 0x0000000082300000| Untracked 
|  36|0x0000000082400000, 0x0000000082400000, 0x0000000082500000|  0%| F|  |TAMS 0x0000000082400000, 0x0000000082400000| Untracked 
|  37|0x0000000082500000, 0x0000000082500000, 0x0000000082600000|  0%| F|  |TAMS 0x0000000082500000, 0x0000000082500000| Untracked 
|  38|0x0000000082600000, 0x0000000082600000, 0x0000000082700000|  0%| F|  |TAMS 0x0000000082600000, 0x0000000082600000| Untracked 
|  39|0x0000000082700000, 0x0000000082700000, 0x0000000082800000|  0%| F|  |TAMS 0x0000000082700000, 0x0000000082700000| Untracked 
|  40|0x0000000082800000, 0x0000000082800000, 0x0000000082900000|  0%| F|  |TAMS 0x0000000082800000, 0x0000000082800000| Untracked 
|  41|0x0000000082900000, 0x0000000082900000, 0x0000000082a00000|  0%| F|  |TAMS 0x0000000082900000, 0x0000000082900000| Untracked 
|  42|0x0000000082a00000, 0x0000000082a00000, 0x0000000082b00000|  0%| F|  |TAMS 0x0000000082a00000, 0x0000000082a00000| Untracked 
|  43|0x0000000082b00000, 0x0000000082b00000, 0x0000000082c00000|  0%| F|  |TAMS 0x0000000082b00000, 0x0000000082b00000| Untracked 
|  44|0x0000000082c00000, 0x0000000082c00000, 0x0000000082d00000|  0%| F|  |TAMS 0x0000000082c00000, 0x0000000082c00000| Untracked 
|  45|0x0000000082d00000, 0x0000000082d00000, 0x0000000082e00000|  0%| F|  |TAMS 0x0000000082d00000, 0x0000000082d00000| Untracked 
|  46|0x0000000082e00000, 0x0000000082e00000, 0x0000000082f00000|  0%| F|  |TAMS 0x0000000082e00000, 0x0000000082e00000| Untracked 
|  47|0x0000000082f00000, 0x0000000082f00000, 0x0000000083000000|  0%| F|  |TAMS 0x0000000082f00000, 0x0000000082f00000| Untracked 
|  48|0x0000000083000000, 0x0000000083000000, 0x0000000083100000|  0%| F|  |TAMS 0x0000000083000000, 0x0000000083000000| Untracked 
|  49|0x0000000083100000, 0x0000000083100000, 0x0000000083200000|  0%| F|  |TAMS 0x0000000083100000, 0x0000000083100000| Untracked 
|  50|0x0000000083200000, 0x0000000083200000, 0x0000000083300000|  0%| F|  |TAMS 0x0000000083200000, 0x0000000083200000| Untracked 
|  51|0x0000000083300000, 0x0000000083300000, 0x0000000083400000|  0%| F|  |TAMS 0x0000000083300000, 0x0000000083300000| Untracked 
|  52|0x0000000083400000, 0x0000000083400000, 0x0000000083500000|  0%| F|  |TAMS 0x0000000083400000, 0x0000000083400000| Untracked 
|  53|0x0000000083500000, 0x0000000083500000, 0x0000000083600000|  0%| F|  |TAMS 0x0000000083500000, 0x0000000083500000| Untracked 
|  54|0x0000000083600000, 0x0000000083600000, 0x0000000083700000|  0%| F|  |TAMS 0x0000000083600000, 0x0000000083600000| Untracked 
|  55|0x0000000083700000, 0x0000000083700000, 0x0000000083800000|  0%| F|  |TAMS 0x0000000083700000, 0x0000000083700000| Untracked 
|  56|0x0000000083800000, 0x0000000083800000, 0x0000000083900000|  0%| F|  |TAMS 0x0000000083800000, 0x0000000083800000| Untracked 
|  57|0x0000000083900000, 0x0000000083900000, 0x0000000083a00000|  0%| F|  |TAMS 0x0000000083900000, 0x0000000083900000| Untracked 
|  58|0x0000000083a00000, 0x0000000083a00000, 0x0000000083b00000|  0%| F|  |TAMS 0x0000000083a00000, 0x0000000083a00000| Untracked 
|  59|0x0000000083b00000, 0x0000000083b00000, 0x0000000083c00000|  0%| F|  |TAMS 0x0000000083b00000, 0x0000000083b00000| Untracked 
|  60|0x0000000083c00000, 0x0000000083c00000, 0x0000000083d00000|  0%| F|  |TAMS 0x0000000083c00000, 0x0000000083c00000| Untracked 
|  61|0x0000000083d00000, 0x0000000083d00000, 0x0000000083e00000|  0%| F|  |TAMS 0x0000000083d00000, 0x0000000083d00000| Untracked 
|  62|0x0000000083e00000, 0x0000000083e00000, 0x0000000083f00000|  0%| F|  |TAMS 0x0000000083e00000, 0x0000000083e00000| Untracked 
|  63|0x0000000083f00000, 0x0000000083f00000, 0x0000000084000000|  0%| F|  |TAMS 0x0000000083f00000, 0x0000000083f00000| Untracked 
|  64|0x0000000084000000, 0x0000000084000000, 0x0000000084100000|  0%| F|  |TAMS 0x0000000084000000, 0x0000000084000000| Untracked 
|  65|0x0000000084100000, 0x0000000084100000, 0x0000000084200000|  0%| F|  |TAMS 0x0000000084100000, 0x0000000084100000| Untracked 
|  66|0x0000000084200000, 0x0000000084200000, 0x0000000084300000|  0%| F|  |TAMS 0x0000000084200000, 0x0000000084200000| Untracked 
|  67|0x0000000084300000, 0x0000000084300000, 0x0000000084400000|  0%| F|  |TAMS 0x0000000084300000, 0x0000000084300000| Untracked 
|  68|0x0000000084400000, 0x0000000084400000, 0x0000000084500000|  0%| F|  |TAMS 0x0000000084400000, 0x0000000084400000| Untracked 
|  69|0x0000000084500000, 0x0000000084500000, 0x0000000084600000|  0%| F|  |TAMS 0x0000000084500000, 0x0000000084500000| Untracked 
|  70|0x0000000084600000, 0x0000000084600000, 0x0000000084700000|  0%| F|  |TAMS 0x0000000084600000, 0x0000000084600000| Untracked 
|  71|0x0000000084700000, 0x0000000084700000, 0x0000000084800000|  0%| F|  |TAMS 0x0000000084700000, 0x0000000084700000| Untracked 
|  72|0x0000000084800000, 0x0000000084800000, 0x0000000084900000|  0%| F|  |TAMS 0x0000000084800000, 0x0000000084800000| Untracked 
|  73|0x0000000084900000, 0x0000000084900000, 0x0000000084a00000|  0%| F|  |TAMS 0x0000000084900000, 0x0000000084900000| Untracked 
|  74|0x0000000084a00000, 0x0000000084a00000, 0x0000000084b00000|  0%| F|  |TAMS 0x0000000084a00000, 0x0000000084a00000| Untracked 
|  75|0x0000000084b00000, 0x0000000084b00000, 0x0000000084c00000|  0%| F|  |TAMS 0x0000000084b00000, 0x0000000084b00000| Untracked 
|  76|0x0000000084c00000, 0x0000000084c00000, 0x0000000084d00000|  0%| F|  |TAMS 0x0000000084c00000, 0x0000000084c00000| Untracked 
|  77|0x0000000084d00000, 0x0000000084d00000, 0x0000000084e00000|  0%| F|  |TAMS 0x0000000084d00000, 0x0000000084d00000| Untracked 
|  78|0x0000000084e00000, 0x0000000084e00000, 0x0000000084f00000|  0%| F|  |TAMS 0x0000000084e00000, 0x0000000084e00000| Untracked 
|  79|0x0000000084f00000, 0x0000000084f00000, 0x0000000085000000|  0%| F|  |TAMS 0x0000000084f00000, 0x0000000084f00000| Untracked 
|  80|0x0000000085000000, 0x0000000085000000, 0x0000000085100000|  0%| F|  |TAMS 0x0000000085000000, 0x0000000085000000| Untracked 
|  81|0x0000000085100000, 0x0000000085100000, 0x0000000085200000|  0%| F|  |TAMS 0x0000000085100000, 0x0000000085100000| Untracked 
|  82|0x0000000085200000, 0x0000000085200000, 0x0000000085300000|  0%| F|  |TAMS 0x0000000085200000, 0x0000000085200000| Untracked 
|  83|0x0000000085300000, 0x0000000085300000, 0x0000000085400000|  0%| F|  |TAMS 0x0000000085300000, 0x0000000085300000| Untracked 
|  84|0x0000000085400000, 0x0000000085400000, 0x0000000085500000|  0%| F|  |TAMS 0x0000000085400000, 0x0000000085400000| Untracked 
|  85|0x0000000085500000, 0x0000000085500000, 0x0000000085600000|  0%| F|  |TAMS 0x0000000085500000, 0x0000000085500000| Untracked 
|  86|0x0000000085600000, 0x0000000085600000, 0x0000000085700000|  0%| F|  |TAMS 0x0000000085600000, 0x0000000085600000| Untracked 
|  87|0x0000000085700000, 0x0000000085700000, 0x0000000085800000|  0%| F|  |TAMS 0x0000000085700000, 0x0000000085700000| Untracked 
|  88|0x0000000085800000, 0x0000000085800000, 0x0000000085900000|  0%| F|  |TAMS 0x0000000085800000, 0x0000000085800000| Untracked 
|  89|0x0000000085900000, 0x0000000085900000, 0x0000000085a00000|  0%| F|  |TAMS 0x0000000085900000, 0x0000000085900000| Untracked 
|  90|0x0000000085a00000, 0x0000000085a00000, 0x0000000085b00000|  0%| F|  |TAMS 0x0000000085a00000, 0x0000000085a00000| Untracked 
|  91|0x0000000085b00000, 0x0000000085b00000, 0x0000000085c00000|  0%| F|  |TAMS 0x0000000085b00000, 0x0000000085b00000| Untracked 
|  92|0x0000000085c00000, 0x0000000085c00000, 0x0000000085d00000|  0%| F|  |TAMS 0x0000000085c00000, 0x0000000085c00000| Untracked 
|  93|0x0000000085d00000, 0x0000000085d00000, 0x0000000085e00000|  0%| F|  |TAMS 0x0000000085d00000, 0x0000000085d00000| Untracked 
|  94|0x0000000085e00000, 0x0000000085e00000, 0x0000000085f00000|  0%| F|  |TAMS 0x0000000085e00000, 0x0000000085e00000| Untracked 
|  95|0x0000000085f00000, 0x0000000085f00000, 0x0000000086000000|  0%| F|  |TAMS 0x0000000085f00000, 0x0000000085f00000| Untracked 
|  96|0x0000000086000000, 0x0000000086000000, 0x0000000086100000|  0%| F|  |TAMS 0x0000000086000000, 0x0000000086000000| Untracked 
|  97|0x0000000086100000, 0x0000000086100000, 0x0000000086200000|  0%| F|  |TAMS 0x0000000086100000, 0x0000000086100000| Untracked 
|  98|0x0000000086200000, 0x0000000086200000, 0x0000000086300000|  0%| F|  |TAMS 0x0000000086200000, 0x0000000086200000| Untracked 
|  99|0x0000000086300000, 0x0000000086300000, 0x0000000086400000|  0%| F|  |TAMS 0x0000000086300000, 0x0000000086300000| Untracked 
| 100|0x0000000086400000, 0x0000000086400000, 0x0000000086500000|  0%| F|  |TAMS 0x0000000086400000, 0x0000000086400000| Untracked 
| 101|0x0000000086500000, 0x0000000086500000, 0x0000000086600000|  0%| F|  |TAMS 0x0000000086500000, 0x0000000086500000| Untracked 
| 102|0x0000000086600000, 0x0000000086600000, 0x0000000086700000|  0%| F|  |TAMS 0x0000000086600000, 0x0000000086600000| Untracked 
| 103|0x0000000086700000, 0x0000000086700000, 0x0000000086800000|  0%| F|  |TAMS 0x0000000086700000, 0x0000000086700000| Untracked 
| 104|0x0000000086800000, 0x0000000086800000, 0x0000000086900000|  0%| F|  |TAMS 0x0000000086800000, 0x0000000086800000| Untracked 
| 105|0x0000000086900000, 0x0000000086900000, 0x0000000086a00000|  0%| F|  |TAMS 0x0000000086900000, 0x0000000086900000| Untracked 
| 106|0x0000000086a00000, 0x0000000086a00000, 0x0000000086b00000|  0%| F|  |TAMS 0x0000000086a00000, 0x0000000086a00000| Untracked 
| 107|0x0000000086b00000, 0x0000000086b00000, 0x0000000086c00000|  0%| F|  |TAMS 0x0000000086b00000, 0x0000000086b00000| Untracked 
| 108|0x0000000086c00000, 0x0000000086c00000, 0x0000000086d00000|  0%| F|  |TAMS 0x0000000086c00000, 0x0000000086c00000| Untracked 
| 109|0x0000000086d00000, 0x0000000086d00000, 0x0000000086e00000|  0%| F|  |TAMS 0x0000000086d00000, 0x0000000086d00000| Untracked 
| 110|0x0000000086e00000, 0x0000000086e00000, 0x0000000086f00000|  0%| F|  |TAMS 0x0000000086e00000, 0x0000000086e00000| Untracked 
| 111|0x0000000086f00000, 0x0000000086f00000, 0x0000000087000000|  0%| F|  |TAMS 0x0000000086f00000, 0x0000000086f00000| Untracked 
| 112|0x0000000087000000, 0x0000000087000000, 0x0000000087100000|  0%| F|  |TAMS 0x0000000087000000, 0x0000000087000000| Untracked 
| 113|0x0000000087100000, 0x0000000087100000, 0x0000000087200000|  0%| F|  |TAMS 0x0000000087100000, 0x0000000087100000| Untracked 
| 114|0x0000000087200000, 0x0000000087200000, 0x0000000087300000|  0%| F|  |TAMS 0x0000000087200000, 0x0000000087200000| Untracked 
| 115|0x0000000087300000, 0x0000000087300000, 0x0000000087400000|  0%| F|  |TAMS 0x0000000087300000, 0x0000000087300000| Untracked 
| 116|0x0000000087400000, 0x0000000087400000, 0x0000000087500000|  0%| F|  |TAMS 0x0000000087400000, 0x0000000087400000| Untracked 
| 117|0x0000000087500000, 0x0000000087500000, 0x0000000087600000|  0%| F|  |TAMS 0x0000000087500000, 0x0000000087500000| Untracked 
| 118|0x0000000087600000, 0x0000000087600000, 0x0000000087700000|  0%| F|  |TAMS 0x0000000087600000, 0x0000000087600000| Untracked 
| 119|0x0000000087700000, 0x0000000087700000, 0x0000000087800000|  0%| F|  |TAMS 0x0000000087700000, 0x0000000087700000| Untracked 
| 120|0x0000000087800000, 0x0000000087800000, 0x0000000087900000|  0%| F|  |TAMS 0x0000000087800000, 0x0000000087800000| Untracked 
| 121|0x0000000087900000, 0x0000000087900000, 0x0000000087a00000|  0%| F|  |TAMS 0x0000000087900000, 0x0000000087900000| Untracked 
| 122|0x0000000087a00000, 0x0000000087a00000, 0x0000000087b00000|  0%| F|  |TAMS 0x0000000087a00000, 0x0000000087a00000| Untracked 
| 123|0x0000000087b00000, 0x0000000087b00000, 0x0000000087c00000|  0%| F|  |TAMS 0x0000000087b00000, 0x0000000087b00000| Untracked 
| 124|0x0000000087c00000, 0x0000000087c00000, 0x0000000087d00000|  0%| F|  |TAMS 0x0000000087c00000, 0x0000000087c00000| Untracked 
| 125|0x0000000087d00000, 0x0000000087d00000, 0x0000000087e00000|  0%| F|  |TAMS 0x0000000087d00000, 0x0000000087d00000| Untracked 
| 126|0x0000000087e00000, 0x0000000087e00000, 0x0000000087f00000|  0%| F|  |TAMS 0x0000000087e00000, 0x0000000087e00000| Untracked 
| 127|0x0000000087f00000, 0x0000000087f00000, 0x0000000088000000|  0%| F|  |TAMS 0x0000000087f00000, 0x0000000087f00000| Untracked 
| 128|0x0000000088000000, 0x0000000088000000, 0x0000000088100000|  0%| F|  |TAMS 0x0000000088000000, 0x0000000088000000| Untracked 
| 129|0x0000000088100000, 0x0000000088100000, 0x0000000088200000|  0%| F|  |TAMS 0x0000000088100000, 0x0000000088100000| Untracked 
| 130|0x0000000088200000, 0x0000000088200000, 0x0000000088300000|  0%| F|  |TAMS 0x0000000088200000, 0x0000000088200000| Untracked 
| 131|0x0000000088300000, 0x0000000088300000, 0x0000000088400000|  0%| F|  |TAMS 0x0000000088300000, 0x0000000088300000| Untracked 
| 132|0x0000000088400000, 0x0000000088400000, 0x0000000088500000|  0%| F|  |TAMS 0x0000000088400000, 0x0000000088400000| Untracked 
| 133|0x0000000088500000, 0x0000000088500000, 0x0000000088600000|  0%| F|  |TAMS 0x0000000088500000, 0x0000000088500000| Untracked 
| 134|0x0000000088600000, 0x0000000088600000, 0x0000000088700000|  0%| F|  |TAMS 0x0000000088600000, 0x0000000088600000| Untracked 
| 135|0x0000000088700000, 0x0000000088700000, 0x0000000088800000|  0%| F|  |TAMS 0x0000000088700000, 0x0000000088700000| Untracked 
| 136|0x0000000088800000, 0x0000000088800000, 0x0000000088900000|  0%| F|  |TAMS 0x0000000088800000, 0x0000000088800000| Untracked 
| 137|0x0000000088900000, 0x0000000088900000, 0x0000000088a00000|  0%| F|  |TAMS 0x0000000088900000, 0x0000000088900000| Untracked 
| 138|0x0000000088a00000, 0x0000000088a00000, 0x0000000088b00000|  0%| F|  |TAMS 0x0000000088a00000, 0x0000000088a00000| Untracked 
| 139|0x0000000088b00000, 0x0000000088b00000, 0x0000000088c00000|  0%| F|  |TAMS 0x0000000088b00000, 0x0000000088b00000| Untracked 
| 140|0x0000000088c00000, 0x0000000088c00000, 0x0000000088d00000|  0%| F|  |TAMS 0x0000000088c00000, 0x0000000088c00000| Untracked 
| 141|0x0000000088d00000, 0x0000000088d00000, 0x0000000088e00000|  0%| F|  |TAMS 0x0000000088d00000, 0x0000000088d00000| Untracked 
| 142|0x0000000088e00000, 0x0000000088e00000, 0x0000000088f00000|  0%| F|  |TAMS 0x0000000088e00000, 0x0000000088e00000| Untracked 
| 143|0x0000000088f00000, 0x0000000088f00000, 0x0000000089000000|  0%| F|  |TAMS 0x0000000088f00000, 0x0000000088f00000| Untracked 
| 144|0x0000000089000000, 0x0000000089000000, 0x0000000089100000|  0%| F|  |TAMS 0x0000000089000000, 0x0000000089000000| Untracked 
| 145|0x0000000089100000, 0x0000000089100000, 0x0000000089200000|  0%| F|  |TAMS 0x0000000089100000, 0x0000000089100000| Untracked 
| 146|0x0000000089200000, 0x0000000089200000, 0x0000000089300000|  0%| F|  |TAMS 0x0000000089200000, 0x0000000089200000| Untracked 
| 147|0x0000000089300000, 0x0000000089300000, 0x0000000089400000|  0%| F|  |TAMS 0x0000000089300000, 0x0000000089300000| Untracked 
| 148|0x0000000089400000, 0x0000000089400000, 0x0000000089500000|  0%| F|  |TAMS 0x0000000089400000, 0x0000000089400000| Untracked 
| 149|0x0000000089500000, 0x0000000089500000, 0x0000000089600000|  0%| F|  |TAMS 0x0000000089500000, 0x0000000089500000| Untracked 
| 150|0x0000000089600000, 0x0000000089600000, 0x0000000089700000|  0%| F|  |TAMS 0x0000000089600000, 0x0000000089600000| Untracked 
| 151|0x0000000089700000, 0x0000000089700000, 0x0000000089800000|  0%| F|  |TAMS 0x0000000089700000, 0x0000000089700000| Untracked 
| 152|0x0000000089800000, 0x0000000089800000, 0x0000000089900000|  0%| F|  |TAMS 0x0000000089800000, 0x0000000089800000| Untracked 
| 153|0x0000000089900000, 0x0000000089900000, 0x0000000089a00000|  0%| F|  |TAMS 0x0000000089900000, 0x0000000089900000| Untracked 
| 154|0x0000000089a00000, 0x0000000089a00000, 0x0000000089b00000|  0%| F|  |TAMS 0x0000000089a00000, 0x0000000089a00000| Untracked 
| 155|0x0000000089b00000, 0x0000000089b00000, 0x0000000089c00000|  0%| F|  |TAMS 0x0000000089b00000, 0x0000000089b00000| Untracked 
| 156|0x0000000089c00000, 0x0000000089c00000, 0x0000000089d00000|  0%| F|  |TAMS 0x0000000089c00000, 0x0000000089c00000| Untracked 
| 157|0x0000000089d00000, 0x0000000089d00000, 0x0000000089e00000|  0%| F|  |TAMS 0x0000000089d00000, 0x0000000089d00000| Untracked 
| 158|0x0000000089e00000, 0x0000000089e00000, 0x0000000089f00000|  0%| F|  |TAMS 0x0000000089e00000, 0x0000000089e00000| Untracked 
| 159|0x0000000089f00000, 0x0000000089f00000, 0x000000008a000000|  0%| F|  |TAMS 0x0000000089f00000, 0x0000000089f00000| Untracked 
| 160|0x000000008a000000, 0x000000008a000000, 0x000000008a100000|  0%| F|  |TAMS 0x000000008a000000, 0x000000008a000000| Untracked 
| 161|0x000000008a100000, 0x000000008a100000, 0x000000008a200000|  0%| F|  |TAMS 0x000000008a100000, 0x000000008a100000| Untracked 
| 162|0x000000008a200000, 0x000000008a200000, 0x000000008a300000|  0%| F|  |TAMS 0x000000008a200000, 0x000000008a200000| Untracked 
| 163|0x000000008a300000, 0x000000008a300000, 0x000000008a400000|  0%| F|  |TAMS 0x000000008a300000, 0x000000008a300000| Untracked 
| 164|0x000000008a400000, 0x000000008a400000, 0x000000008a500000|  0%| F|  |TAMS 0x000000008a400000, 0x000000008a400000| Untracked 
| 165|0x000000008a500000, 0x000000008a500000, 0x000000008a600000|  0%| F|  |TAMS 0x000000008a500000, 0x000000008a500000| Untracked 
| 166|0x000000008a600000, 0x000000008a600000, 0x000000008a700000|  0%| F|  |TAMS 0x000000008a600000, 0x000000008a600000| Untracked 
| 167|0x000000008a700000, 0x000000008a700000, 0x000000008a800000|  0%| F|  |TAMS 0x000000008a700000, 0x000000008a700000| Untracked 
| 168|0x000000008a800000, 0x000000008a800000, 0x000000008a900000|  0%| F|  |TAMS 0x000000008a800000, 0x000000008a800000| Untracked 
| 169|0x000000008a900000, 0x000000008a900000, 0x000000008aa00000|  0%| F|  |TAMS 0x000000008a900000, 0x000000008a900000| Untracked 
| 170|0x000000008aa00000, 0x000000008aa00000, 0x000000008ab00000|  0%| F|  |TAMS 0x000000008aa00000, 0x000000008aa00000| Untracked 
| 171|0x000000008ab00000, 0x000000008ab00000, 0x000000008ac00000|  0%| F|  |TAMS 0x000000008ab00000, 0x000000008ab00000| Untracked 
| 172|0x000000008ac00000, 0x000000008ac00000, 0x000000008ad00000|  0%| F|  |TAMS 0x000000008ac00000, 0x000000008ac00000| Untracked 
| 173|0x000000008ad00000, 0x000000008ad00000, 0x000000008ae00000|  0%| F|  |TAMS 0x000000008ad00000, 0x000000008ad00000| Untracked 
| 174|0x000000008ae00000, 0x000000008ae00000, 0x000000008af00000|  0%| F|  |TAMS 0x000000008ae00000, 0x000000008ae00000| Untracked 
| 175|0x000000008af00000, 0x000000008af00000, 0x000000008b000000|  0%| F|  |TAMS 0x000000008af00000, 0x000000008af00000| Untracked 
| 176|0x000000008b000000, 0x000000008b000000, 0x000000008b100000|  0%| F|  |TAMS 0x000000008b000000, 0x000000008b000000| Untracked 
| 177|0x000000008b100000, 0x000000008b100000, 0x000000008b200000|  0%| F|  |TAMS 0x000000008b100000, 0x000000008b100000| Untracked 
| 178|0x000000008b200000, 0x000000008b200000, 0x000000008b300000|  0%| F|  |TAMS 0x000000008b200000, 0x000000008b200000| Untracked 
| 179|0x000000008b300000, 0x000000008b300000, 0x000000008b400000|  0%| F|  |TAMS 0x000000008b300000, 0x000000008b300000| Untracked 
| 180|0x000000008b400000, 0x000000008b400000, 0x000000008b500000|  0%| F|  |TAMS 0x000000008b400000, 0x000000008b400000| Untracked 
| 181|0x000000008b500000, 0x000000008b500000, 0x000000008b600000|  0%| F|  |TAMS 0x000000008b500000, 0x000000008b500000| Untracked 
| 182|0x000000008b600000, 0x000000008b600000, 0x000000008b700000|  0%| F|  |TAMS 0x000000008b600000, 0x000000008b600000| Untracked 
| 183|0x000000008b700000, 0x000000008b700000, 0x000000008b800000|  0%| F|  |TAMS 0x000000008b700000, 0x000000008b700000| Untracked 
| 184|0x000000008b800000, 0x000000008b800000, 0x000000008b900000|  0%| F|  |TAMS 0x000000008b800000, 0x000000008b800000| Untracked 
| 185|0x000000008b900000, 0x000000008b900000, 0x000000008ba00000|  0%| F|  |TAMS 0x000000008b900000, 0x000000008b900000| Untracked 
| 186|0x000000008ba00000, 0x000000008ba00000, 0x000000008bb00000|  0%| F|  |TAMS 0x000000008ba00000, 0x000000008ba00000| Untracked 
| 187|0x000000008bb00000, 0x000000008bb00000, 0x000000008bc00000|  0%| F|  |TAMS 0x000000008bb00000, 0x000000008bb00000| Untracked 
| 188|0x000000008bc00000, 0x000000008bc00000, 0x000000008bd00000|  0%| F|  |TAMS 0x000000008bc00000, 0x000000008bc00000| Untracked 
| 189|0x000000008bd00000, 0x000000008bd00000, 0x000000008be00000|  0%| F|  |TAMS 0x000000008bd00000, 0x000000008bd00000| Untracked 
| 190|0x000000008be00000, 0x000000008be00000, 0x000000008bf00000|  0%| F|  |TAMS 0x000000008be00000, 0x000000008be00000| Untracked 
| 191|0x000000008bf00000, 0x000000008bf00000, 0x000000008c000000|  0%| F|  |TAMS 0x000000008bf00000, 0x000000008bf00000| Untracked 
| 192|0x000000008c000000, 0x000000008c000000, 0x000000008c100000|  0%| F|  |TAMS 0x000000008c000000, 0x000000008c000000| Untracked 
| 193|0x000000008c100000, 0x000000008c100000, 0x000000008c200000|  0%| F|  |TAMS 0x000000008c100000, 0x000000008c100000| Untracked 
| 194|0x000000008c200000, 0x000000008c200000, 0x000000008c300000|  0%| F|  |TAMS 0x000000008c200000, 0x000000008c200000| Untracked 
| 195|0x000000008c300000, 0x000000008c300000, 0x000000008c400000|  0%| F|  |TAMS 0x000000008c300000, 0x000000008c300000| Untracked 
| 196|0x000000008c400000, 0x000000008c400000, 0x000000008c500000|  0%| F|  |TAMS 0x000000008c400000, 0x000000008c400000| Untracked 
| 197|0x000000008c500000, 0x000000008c500000, 0x000000008c600000|  0%| F|  |TAMS 0x000000008c500000, 0x000000008c500000| Untracked 
| 198|0x000000008c600000, 0x000000008c600000, 0x000000008c700000|  0%| F|  |TAMS 0x000000008c600000, 0x000000008c600000| Untracked 
| 199|0x000000008c700000, 0x000000008c700000, 0x000000008c800000|  0%| F|  |TAMS 0x000000008c700000, 0x000000008c700000| Untracked 
| 200|0x000000008c800000, 0x000000008c800000, 0x000000008c900000|  0%| F|  |TAMS 0x000000008c800000, 0x000000008c800000| Untracked 
| 201|0x000000008c900000, 0x000000008c900000, 0x000000008ca00000|  0%| F|  |TAMS 0x000000008c900000, 0x000000008c900000| Untracked 
| 202|0x000000008ca00000, 0x000000008ca00000, 0x000000008cb00000|  0%| F|  |TAMS 0x000000008ca00000, 0x000000008ca00000| Untracked 
| 203|0x000000008cb00000, 0x000000008cb00000, 0x000000008cc00000|  0%| F|  |TAMS 0x000000008cb00000, 0x000000008cb00000| Untracked 
| 204|0x000000008cc00000, 0x000000008cc00000, 0x000000008cd00000|  0%| F|  |TAMS 0x000000008cc00000, 0x000000008cc00000| Untracked 
| 205|0x000000008cd00000, 0x000000008cd00000, 0x000000008ce00000|  0%| F|  |TAMS 0x000000008cd00000, 0x000000008cd00000| Untracked 
| 206|0x000000008ce00000, 0x000000008ce00000, 0x000000008cf00000|  0%| F|  |TAMS 0x000000008ce00000, 0x000000008ce00000| Untracked 
| 207|0x000000008cf00000, 0x000000008cf00000, 0x000000008d000000|  0%| F|  |TAMS 0x000000008cf00000, 0x000000008cf00000| Untracked 
| 208|0x000000008d000000, 0x000000008d000000, 0x000000008d100000|  0%| F|  |TAMS 0x000000008d000000, 0x000000008d000000| Untracked 
| 209|0x000000008d100000, 0x000000008d100000, 0x000000008d200000|  0%| F|  |TAMS 0x000000008d100000, 0x000000008d100000| Untracked 
| 210|0x000000008d200000, 0x000000008d200000, 0x000000008d300000|  0%| F|  |TAMS 0x000000008d200000, 0x000000008d200000| Untracked 
| 211|0x000000008d300000, 0x000000008d300000, 0x000000008d400000|  0%| F|  |TAMS 0x000000008d300000, 0x000000008d300000| Untracked 
| 212|0x000000008d400000, 0x000000008d400000, 0x000000008d500000|  0%| F|  |TAMS 0x000000008d400000, 0x000000008d400000| Untracked 
| 213|0x000000008d500000, 0x000000008d500000, 0x000000008d600000|  0%| F|  |TAMS 0x000000008d500000, 0x000000008d500000| Untracked 
| 214|0x000000008d600000, 0x000000008d600000, 0x000000008d700000|  0%| F|  |TAMS 0x000000008d600000, 0x000000008d600000| Untracked 
| 215|0x000000008d700000, 0x000000008d700000, 0x000000008d800000|  0%| F|  |TAMS 0x000000008d700000, 0x000000008d700000| Untracked 
| 216|0x000000008d800000, 0x000000008d880000, 0x000000008d900000| 50%| S|CS|TAMS 0x000000008d800000, 0x000000008d800000| Complete 
| 217|0x000000008d900000, 0x000000008da00000, 0x000000008da00000|100%| S|CS|TAMS 0x000000008d900000, 0x000000008d900000| Complete 
| 218|0x000000008da00000, 0x000000008db00000, 0x000000008db00000|100%| S|CS|TAMS 0x000000008da00000, 0x000000008da00000| Complete 
| 219|0x000000008db00000, 0x000000008dc00000, 0x000000008dc00000|100%| S|CS|TAMS 0x000000008db00000, 0x000000008db00000| Complete 
| 220|0x000000008dc00000, 0x000000008dd00000, 0x000000008dd00000|100%| S|CS|TAMS 0x000000008dc00000, 0x000000008dc00000| Complete 
| 221|0x000000008dd00000, 0x000000008de00000, 0x000000008de00000|100%| S|CS|TAMS 0x000000008dd00000, 0x000000008dd00000| Complete 
| 222|0x000000008de00000, 0x000000008df00000, 0x000000008df00000|100%| S|CS|TAMS 0x000000008de00000, 0x000000008de00000| Complete 
| 223|0x000000008df00000, 0x000000008e000000, 0x000000008e000000|100%| S|CS|TAMS 0x000000008df00000, 0x000000008df00000| Complete 
| 224|0x000000008e000000, 0x000000008e100000, 0x000000008e100000|100%| S|CS|TAMS 0x000000008e000000, 0x000000008e000000| Complete 
| 225|0x000000008e100000, 0x000000008e200000, 0x000000008e200000|100%| S|CS|TAMS 0x000000008e100000, 0x000000008e100000| Complete 
| 226|0x000000008e200000, 0x000000008e300000, 0x000000008e300000|100%| S|CS|TAMS 0x000000008e200000, 0x000000008e200000| Complete 
| 227|0x000000008e300000, 0x000000008e400000, 0x000000008e400000|100%| S|CS|TAMS 0x000000008e300000, 0x000000008e300000| Complete 
| 228|0x000000008e400000, 0x000000008e500000, 0x000000008e500000|100%| S|CS|TAMS 0x000000008e400000, 0x000000008e400000| Complete 
| 229|0x000000008e500000, 0x000000008e600000, 0x000000008e600000|100%| S|CS|TAMS 0x000000008e500000, 0x000000008e500000| Complete 
| 230|0x000000008e600000, 0x000000008e600000, 0x000000008e700000|  0%| F|  |TAMS 0x000000008e600000, 0x000000008e600000| Untracked 
| 231|0x000000008e700000, 0x000000008e700000, 0x000000008e800000|  0%| F|  |TAMS 0x000000008e700000, 0x000000008e700000| Untracked 
| 232|0x000000008e800000, 0x000000008e800000, 0x000000008e900000|  0%| F|  |TAMS 0x000000008e800000, 0x000000008e800000| Untracked 
| 233|0x000000008e900000, 0x000000008e900000, 0x000000008ea00000|  0%| F|  |TAMS 0x000000008e900000, 0x000000008e900000| Untracked 
| 234|0x000000008ea00000, 0x000000008ea00000, 0x000000008eb00000|  0%| F|  |TAMS 0x000000008ea00000, 0x000000008ea00000| Untracked 
| 235|0x000000008eb00000, 0x000000008eb00000, 0x000000008ec00000|  0%| F|  |TAMS 0x000000008eb00000, 0x000000008eb00000| Untracked 
| 236|0x000000008ec00000, 0x000000008ec00000, 0x000000008ed00000|  0%| F|  |TAMS 0x000000008ec00000, 0x000000008ec00000| Untracked 
| 237|0x000000008ed00000, 0x000000008ed00000, 0x000000008ee00000|  0%| F|  |TAMS 0x000000008ed00000, 0x000000008ed00000| Untracked 
| 238|0x000000008ee00000, 0x000000008ee00000, 0x000000008ef00000|  0%| F|  |TAMS 0x000000008ee00000, 0x000000008ee00000| Untracked 
| 239|0x000000008ef00000, 0x000000008ef00000, 0x000000008f000000|  0%| F|  |TAMS 0x000000008ef00000, 0x000000008ef00000| Untracked 
| 240|0x000000008f000000, 0x000000008f000000, 0x000000008f100000|  0%| F|  |TAMS 0x000000008f000000, 0x000000008f000000| Untracked 
| 241|0x000000008f100000, 0x000000008f100000, 0x000000008f200000|  0%| F|  |TAMS 0x000000008f100000, 0x000000008f100000| Untracked 
| 242|0x000000008f200000, 0x000000008f200000, 0x000000008f300000|  0%| F|  |TAMS 0x000000008f200000, 0x000000008f200000| Untracked 
| 243|0x000000008f300000, 0x000000008f300000, 0x000000008f400000|  0%| F|  |TAMS 0x000000008f300000, 0x000000008f300000| Untracked 
| 244|0x000000008f400000, 0x000000008f400000, 0x000000008f500000|  0%| F|  |TAMS 0x000000008f400000, 0x000000008f400000| Untracked 
| 245|0x000000008f500000, 0x000000008f500000, 0x000000008f600000|  0%| F|  |TAMS 0x000000008f500000, 0x000000008f500000| Untracked 
| 246|0x000000008f600000, 0x000000008f600000, 0x000000008f700000|  0%| F|  |TAMS 0x000000008f600000, 0x000000008f600000| Untracked 
| 247|0x000000008f700000, 0x000000008f700000, 0x000000008f800000|  0%| F|  |TAMS 0x000000008f700000, 0x000000008f700000| Untracked 
| 248|0x000000008f800000, 0x000000008f800000, 0x000000008f900000|  0%| F|  |TAMS 0x000000008f800000, 0x000000008f800000| Untracked 
| 249|0x000000008f900000, 0x000000008f900000, 0x000000008fa00000|  0%| F|  |TAMS 0x000000008f900000, 0x000000008f900000| Untracked 
| 250|0x000000008fa00000, 0x000000008fa00000, 0x000000008fb00000|  0%| F|  |TAMS 0x000000008fa00000, 0x000000008fa00000| Untracked 
| 251|0x000000008fb00000, 0x000000008fb00000, 0x000000008fc00000|  0%| F|  |TAMS 0x000000008fb00000, 0x000000008fb00000| Untracked 
| 252|0x000000008fc00000, 0x000000008fc00000, 0x000000008fd00000|  0%| F|  |TAMS 0x000000008fc00000, 0x000000008fc00000| Untracked 
| 253|0x000000008fd00000, 0x000000008fd00000, 0x000000008fe00000|  0%| F|  |TAMS 0x000000008fd00000, 0x000000008fd00000| Untracked 
| 254|0x000000008fe00000, 0x000000008fe00000, 0x000000008ff00000|  0%| F|  |TAMS 0x000000008fe00000, 0x000000008fe00000| Untracked 
| 255|0x000000008ff00000, 0x000000008ff00000, 0x0000000090000000|  0%| F|  |TAMS 0x000000008ff00000, 0x000000008ff00000| Untracked 
| 256|0x0000000090000000, 0x0000000090000000, 0x0000000090100000|  0%| F|  |TAMS 0x0000000090000000, 0x0000000090000000| Untracked 
| 257|0x0000000090100000, 0x0000000090100000, 0x0000000090200000|  0%| F|  |TAMS 0x0000000090100000, 0x0000000090100000| Untracked 
| 258|0x0000000090200000, 0x0000000090200000, 0x0000000090300000|  0%| F|  |TAMS 0x0000000090200000, 0x0000000090200000| Untracked 
| 259|0x0000000090300000, 0x0000000090300000, 0x0000000090400000|  0%| F|  |TAMS 0x0000000090300000, 0x0000000090300000| Untracked 
| 260|0x0000000090400000, 0x0000000090400000, 0x0000000090500000|  0%| F|  |TAMS 0x0000000090400000, 0x0000000090400000| Untracked 
| 261|0x0000000090500000, 0x0000000090500000, 0x0000000090600000|  0%| F|  |TAMS 0x0000000090500000, 0x0000000090500000| Untracked 
| 262|0x0000000090600000, 0x0000000090600000, 0x0000000090700000|  0%| F|  |TAMS 0x0000000090600000, 0x0000000090600000| Untracked 
| 263|0x0000000090700000, 0x0000000090700000, 0x0000000090800000|  0%| F|  |TAMS 0x0000000090700000, 0x0000000090700000| Untracked 
| 264|0x0000000090800000, 0x0000000090800000, 0x0000000090900000|  0%| F|  |TAMS 0x0000000090800000, 0x0000000090800000| Untracked 
| 265|0x0000000090900000, 0x0000000090900000, 0x0000000090a00000|  0%| F|  |TAMS 0x0000000090900000, 0x0000000090900000| Untracked 
| 266|0x0000000090a00000, 0x0000000090a00000, 0x0000000090b00000|  0%| F|  |TAMS 0x0000000090a00000, 0x0000000090a00000| Untracked 
| 267|0x0000000090b00000, 0x0000000090b00000, 0x0000000090c00000|  0%| F|  |TAMS 0x0000000090b00000, 0x0000000090b00000| Untracked 
| 268|0x0000000090c00000, 0x0000000090c00000, 0x0000000090d00000|  0%| F|  |TAMS 0x0000000090c00000, 0x0000000090c00000| Untracked 
| 269|0x0000000090d00000, 0x0000000090d00000, 0x0000000090e00000|  0%| F|  |TAMS 0x0000000090d00000, 0x0000000090d00000| Untracked 
| 270|0x0000000090e00000, 0x0000000090e00000, 0x0000000090f00000|  0%| F|  |TAMS 0x0000000090e00000, 0x0000000090e00000| Untracked 
| 271|0x0000000090f00000, 0x0000000090f00000, 0x0000000091000000|  0%| F|  |TAMS 0x0000000090f00000, 0x0000000090f00000| Untracked 
| 272|0x0000000091000000, 0x0000000091000000, 0x0000000091100000|  0%| F|  |TAMS 0x0000000091000000, 0x0000000091000000| Untracked 
| 273|0x0000000091100000, 0x0000000091100000, 0x0000000091200000|  0%| F|  |TAMS 0x0000000091100000, 0x0000000091100000| Untracked 
| 274|0x0000000091200000, 0x0000000091200000, 0x0000000091300000|  0%| F|  |TAMS 0x0000000091200000, 0x0000000091200000| Untracked 
| 275|0x0000000091300000, 0x0000000091300000, 0x0000000091400000|  0%| F|  |TAMS 0x0000000091300000, 0x0000000091300000| Untracked 
| 276|0x0000000091400000, 0x0000000091400000, 0x0000000091500000|  0%| F|  |TAMS 0x0000000091400000, 0x0000000091400000| Untracked 
| 277|0x0000000091500000, 0x0000000091500000, 0x0000000091600000|  0%| F|  |TAMS 0x0000000091500000, 0x0000000091500000| Untracked 
| 278|0x0000000091600000, 0x0000000091600000, 0x0000000091700000|  0%| F|  |TAMS 0x0000000091600000, 0x0000000091600000| Untracked 
| 279|0x0000000091700000, 0x0000000091700000, 0x0000000091800000|  0%| F|  |TAMS 0x0000000091700000, 0x0000000091700000| Untracked 
| 280|0x0000000091800000, 0x0000000091800000, 0x0000000091900000|  0%| F|  |TAMS 0x0000000091800000, 0x0000000091800000| Untracked 
| 281|0x0000000091900000, 0x0000000091900000, 0x0000000091a00000|  0%| F|  |TAMS 0x0000000091900000, 0x0000000091900000| Untracked 
| 282|0x0000000091a00000, 0x0000000091a00000, 0x0000000091b00000|  0%| F|  |TAMS 0x0000000091a00000, 0x0000000091a00000| Untracked 
| 283|0x0000000091b00000, 0x0000000091b00000, 0x0000000091c00000|  0%| F|  |TAMS 0x0000000091b00000, 0x0000000091b00000| Untracked 
| 284|0x0000000091c00000, 0x0000000091c00000, 0x0000000091d00000|  0%| F|  |TAMS 0x0000000091c00000, 0x0000000091c00000| Untracked 
| 285|0x0000000091d00000, 0x0000000091d00000, 0x0000000091e00000|  0%| F|  |TAMS 0x0000000091d00000, 0x0000000091d00000| Untracked 
| 286|0x0000000091e00000, 0x0000000091e00000, 0x0000000091f00000|  0%| F|  |TAMS 0x0000000091e00000, 0x0000000091e00000| Untracked 
| 287|0x0000000091f00000, 0x0000000091f00000, 0x0000000092000000|  0%| F|  |TAMS 0x0000000091f00000, 0x0000000091f00000| Untracked 
| 288|0x0000000092000000, 0x0000000092000000, 0x0000000092100000|  0%| F|  |TAMS 0x0000000092000000, 0x0000000092000000| Untracked 
| 289|0x0000000092100000, 0x0000000092100000, 0x0000000092200000|  0%| F|  |TAMS 0x0000000092100000, 0x0000000092100000| Untracked 
| 290|0x0000000092200000, 0x0000000092200000, 0x0000000092300000|  0%| F|  |TAMS 0x0000000092200000, 0x0000000092200000| Untracked 
| 291|0x0000000092300000, 0x0000000092300000, 0x0000000092400000|  0%| F|  |TAMS 0x0000000092300000, 0x0000000092300000| Untracked 
| 292|0x0000000092400000, 0x0000000092400000, 0x0000000092500000|  0%| F|  |TAMS 0x0000000092400000, 0x0000000092400000| Untracked 
| 293|0x0000000092500000, 0x0000000092500000, 0x0000000092600000|  0%| F|  |TAMS 0x0000000092500000, 0x0000000092500000| Untracked 
| 294|0x0000000092600000, 0x0000000092600000, 0x0000000092700000|  0%| F|  |TAMS 0x0000000092600000, 0x0000000092600000| Untracked 
| 295|0x0000000092700000, 0x0000000092700000, 0x0000000092800000|  0%| F|  |TAMS 0x0000000092700000, 0x0000000092700000| Untracked 
| 296|0x0000000092800000, 0x0000000092800000, 0x0000000092900000|  0%| F|  |TAMS 0x0000000092800000, 0x0000000092800000| Untracked 
| 297|0x0000000092900000, 0x0000000092900000, 0x0000000092a00000|  0%| F|  |TAMS 0x0000000092900000, 0x0000000092900000| Untracked 
| 298|0x0000000092a00000, 0x0000000092a00000, 0x0000000092b00000|  0%| F|  |TAMS 0x0000000092a00000, 0x0000000092a00000| Untracked 
| 299|0x0000000092b00000, 0x0000000092b00000, 0x0000000092c00000|  0%| F|  |TAMS 0x0000000092b00000, 0x0000000092b00000| Untracked 
| 300|0x0000000092c00000, 0x0000000092c00000, 0x0000000092d00000|  0%| F|  |TAMS 0x0000000092c00000, 0x0000000092c00000| Untracked 
| 301|0x0000000092d00000, 0x0000000092d00000, 0x0000000092e00000|  0%| F|  |TAMS 0x0000000092d00000, 0x0000000092d00000| Untracked 
| 302|0x0000000092e00000, 0x0000000092e00000, 0x0000000092f00000|  0%| F|  |TAMS 0x0000000092e00000, 0x0000000092e00000| Untracked 
| 303|0x0000000092f00000, 0x0000000092f00000, 0x0000000093000000|  0%| F|  |TAMS 0x0000000092f00000, 0x0000000092f00000| Untracked 
| 304|0x0000000093000000, 0x0000000093000000, 0x0000000093100000|  0%| F|  |TAMS 0x0000000093000000, 0x0000000093000000| Untracked 
| 305|0x0000000093100000, 0x0000000093100000, 0x0000000093200000|  0%| F|  |TAMS 0x0000000093100000, 0x0000000093100000| Untracked 
| 306|0x0000000093200000, 0x0000000093200000, 0x0000000093300000|  0%| F|  |TAMS 0x0000000093200000, 0x0000000093200000| Untracked 
| 307|0x0000000093300000, 0x0000000093300000, 0x0000000093400000|  0%| F|  |TAMS 0x0000000093300000, 0x0000000093300000| Untracked 
| 308|0x0000000093400000, 0x0000000093400000, 0x0000000093500000|  0%| F|  |TAMS 0x0000000093400000, 0x0000000093400000| Untracked 
| 309|0x0000000093500000, 0x0000000093500000, 0x0000000093600000|  0%| F|  |TAMS 0x0000000093500000, 0x0000000093500000| Untracked 
| 310|0x0000000093600000, 0x0000000093600000, 0x0000000093700000|  0%| F|  |TAMS 0x0000000093600000, 0x0000000093600000| Untracked 
| 311|0x0000000093700000, 0x0000000093700000, 0x0000000093800000|  0%| F|  |TAMS 0x0000000093700000, 0x0000000093700000| Untracked 
| 312|0x0000000093800000, 0x0000000093800000, 0x0000000093900000|  0%| F|  |TAMS 0x0000000093800000, 0x0000000093800000| Untracked 
| 313|0x0000000093900000, 0x0000000093900000, 0x0000000093a00000|  0%| F|  |TAMS 0x0000000093900000, 0x0000000093900000| Untracked 
| 314|0x0000000093a00000, 0x0000000093a00000, 0x0000000093b00000|  0%| F|  |TAMS 0x0000000093a00000, 0x0000000093a00000| Untracked 
| 315|0x0000000093b00000, 0x0000000093b00000, 0x0000000093c00000|  0%| F|  |TAMS 0x0000000093b00000, 0x0000000093b00000| Untracked 
| 316|0x0000000093c00000, 0x0000000093c00000, 0x0000000093d00000|  0%| F|  |TAMS 0x0000000093c00000, 0x0000000093c00000| Untracked 
| 317|0x0000000093d00000, 0x0000000093d00000, 0x0000000093e00000|  0%| F|  |TAMS 0x0000000093d00000, 0x0000000093d00000| Untracked 
| 318|0x0000000093e00000, 0x0000000093e00000, 0x0000000093f00000|  0%| F|  |TAMS 0x0000000093e00000, 0x0000000093e00000| Untracked 
| 319|0x0000000093f00000, 0x0000000093f00000, 0x0000000094000000|  0%| F|  |TAMS 0x0000000093f00000, 0x0000000093f00000| Untracked 
| 320|0x0000000094000000, 0x0000000094000000, 0x0000000094100000|  0%| F|  |TAMS 0x0000000094000000, 0x0000000094000000| Untracked 
| 321|0x0000000094100000, 0x0000000094100000, 0x0000000094200000|  0%| F|  |TAMS 0x0000000094100000, 0x0000000094100000| Untracked 
| 322|0x0000000094200000, 0x0000000094200000, 0x0000000094300000|  0%| F|  |TAMS 0x0000000094200000, 0x0000000094200000| Untracked 
| 323|0x0000000094300000, 0x0000000094300000, 0x0000000094400000|  0%| F|  |TAMS 0x0000000094300000, 0x0000000094300000| Untracked 
| 324|0x0000000094400000, 0x0000000094400000, 0x0000000094500000|  0%| F|  |TAMS 0x0000000094400000, 0x0000000094400000| Untracked 
| 325|0x0000000094500000, 0x0000000094500000, 0x0000000094600000|  0%| F|  |TAMS 0x0000000094500000, 0x0000000094500000| Untracked 
| 326|0x0000000094600000, 0x0000000094600000, 0x0000000094700000|  0%| F|  |TAMS 0x0000000094600000, 0x0000000094600000| Untracked 
| 327|0x0000000094700000, 0x0000000094700000, 0x0000000094800000|  0%| F|  |TAMS 0x0000000094700000, 0x0000000094700000| Untracked 
| 328|0x0000000094800000, 0x0000000094800000, 0x0000000094900000|  0%| F|  |TAMS 0x0000000094800000, 0x0000000094800000| Untracked 
| 329|0x0000000094900000, 0x0000000094900000, 0x0000000094a00000|  0%| F|  |TAMS 0x0000000094900000, 0x0000000094900000| Untracked 
| 330|0x0000000094a00000, 0x0000000094a00000, 0x0000000094b00000|  0%| F|  |TAMS 0x0000000094a00000, 0x0000000094a00000| Untracked 
| 331|0x0000000094b00000, 0x0000000094b00000, 0x0000000094c00000|  0%| F|  |TAMS 0x0000000094b00000, 0x0000000094b00000| Untracked 
| 332|0x0000000094c00000, 0x0000000094c00000, 0x0000000094d00000|  0%| F|  |TAMS 0x0000000094c00000, 0x0000000094c00000| Untracked 
| 333|0x0000000094d00000, 0x0000000094d00000, 0x0000000094e00000|  0%| F|  |TAMS 0x0000000094d00000, 0x0000000094d00000| Untracked 
| 334|0x0000000094e00000, 0x0000000094e00000, 0x0000000094f00000|  0%| F|  |TAMS 0x0000000094e00000, 0x0000000094e00000| Untracked 
| 335|0x0000000094f00000, 0x0000000094f00000, 0x0000000095000000|  0%| F|  |TAMS 0x0000000094f00000, 0x0000000094f00000| Untracked 
| 336|0x0000000095000000, 0x0000000095000000, 0x0000000095100000|  0%| F|  |TAMS 0x0000000095000000, 0x0000000095000000| Untracked 
| 337|0x0000000095100000, 0x0000000095100000, 0x0000000095200000|  0%| F|  |TAMS 0x0000000095100000, 0x0000000095100000| Untracked 
| 338|0x0000000095200000, 0x0000000095200000, 0x0000000095300000|  0%| F|  |TAMS 0x0000000095200000, 0x0000000095200000| Untracked 
| 339|0x0000000095300000, 0x0000000095300000, 0x0000000095400000|  0%| F|  |TAMS 0x0000000095300000, 0x0000000095300000| Untracked 
| 340|0x0000000095400000, 0x0000000095400000, 0x0000000095500000|  0%| F|  |TAMS 0x0000000095400000, 0x0000000095400000| Untracked 
| 341|0x0000000095500000, 0x0000000095500000, 0x0000000095600000|  0%| F|  |TAMS 0x0000000095500000, 0x0000000095500000| Untracked 
| 342|0x0000000095600000, 0x0000000095600000, 0x0000000095700000|  0%| F|  |TAMS 0x0000000095600000, 0x0000000095600000| Untracked 
| 343|0x0000000095700000, 0x0000000095700000, 0x0000000095800000|  0%| F|  |TAMS 0x0000000095700000, 0x0000000095700000| Untracked 
| 344|0x0000000095800000, 0x00000000958ab2c0, 0x0000000095900000| 66%| E|  |TAMS 0x0000000095800000, 0x0000000095800000| Complete 
| 345|0x0000000095900000, 0x0000000095a00000, 0x0000000095a00000|100%| E|CS|TAMS 0x0000000095900000, 0x0000000095900000| Complete 

Card table byte_map: [0x000001d234cc0000,0x000001d2350c0000] _byte_map_base: 0x000001d2348c0000

Marking Bits (Prev, Next): (CMBitMap*) 0x000001d221df2a48, (CMBitMap*) 0x000001d221df2a80
 Prev Bits: [0x000001d2354c0000, 0x000001d2374c0000)
 Next Bits: [0x000001d2374c0000, 0x000001d2394c0000)

Polling page: 0x000001d21fbf0000

Metaspace:

Usage:
  Non-class:     51.21 MB capacity,    50.25 MB ( 98%) used,   832.53 KB (  2%) free+waste,   154.56 KB ( <1%) overhead. 
      Class:      7.86 MB capacity,     7.34 MB ( 93%) used,   461.58 KB (  6%) free+waste,    73.25 KB ( <1%) overhead. 
       Both:     59.08 MB capacity,    57.59 MB ( 97%) used,     1.26 MB (  2%) free+waste,   227.81 KB ( <1%) overhead. 

Virtual space:
  Non-class space:       52.00 MB reserved,      51.50 MB (>99%) committed 
      Class space:        1.00 GB reserved,       7.88 MB ( <1%) committed 
             Both:        1.05 GB reserved,      59.38 MB (  6%) committed 

Chunk freelists:
   Non-Class:  48.00 KB
       Class:  13.00 KB
        Both:  61.00 KB

MaxMetaspaceSize: 17179869184.00 GB
CompressedClassSpaceSize: 1.00 GB
Initial GC threshold: 20.80 MB
Current GC threshold: 59.52 MB
CDS: off

CodeHeap 'non-profiled nmethods': size=120064Kb used=3087Kb max_used=3087Kb free=116976Kb
 bounds [0x000001d22d380000, 0x000001d22d690000, 0x000001d2348c0000]
CodeHeap 'profiled nmethods': size=120000Kb used=12351Kb max_used=12351Kb free=107649Kb
 bounds [0x000001d225e50000, 0x000001d226a60000, 0x000001d22d380000]
CodeHeap 'non-nmethods': size=5696Kb used=2326Kb max_used=2363Kb free=3369Kb
 bounds [0x000001d2258c0000, 0x000001d225b30000, 0x000001d225e50000]
 total_blobs=6660 nmethods=5831 adapters=741
 compilation: enabled
              stopped_count=0, restarted_count=0
 full_count=0

Compilation events (20 events):
Event: 9.190 Thread 0x000001d23c2bd000 5849       3       java.util.Arrays$ArrayList::size (6 bytes)
Event: 9.191 Thread 0x000001d23c2bd000 nmethod 5849 0x000001d226a50010 code [0x000001d226a501c0, 0x000001d226a502d8]
Event: 9.191 Thread 0x000001d23c2bd000 5850       3       java.util.TreeMap$KeySet::size (10 bytes)
Event: 9.191 Thread 0x000001d23c2bd000 nmethod 5850 0x000001d226a50390 code [0x000001d226a50540, 0x000001d226a50708]
Event: 9.191 Thread 0x000001d23c2bd000 5851       3       javax.management.ImmutableDescriptor::<init> (197 bytes)
Event: 9.193 Thread 0x000001d23c2bd000 nmethod 5851 0x000001d226a50810 code [0x000001d226a50bc0, 0x000001d226a526e8]
Event: 9.194 Thread 0x000001d23c2bd000 5852       1       com.sun.management.internal.DiagnosticCommandArgumentInfo::getName (5 bytes)
Event: 9.194 Thread 0x000001d23c2bd000 nmethod 5852 0x000001d22d683890 code [0x000001d22d683a40, 0x000001d22d683af8]
Event: 9.195 Thread 0x000001d23c2bd000 5853       1       com.sun.management.internal.DiagnosticCommandInfo::getArgumentsInfo (5 bytes)
Event: 9.195 Thread 0x000001d23c2bd000 nmethod 5853 0x000001d22d683b90 code [0x000001d22d683d40, 0x000001d22d683df8]
Event: 9.197 Thread 0x000001d23c2bd000 5854       3       java.util.Collections$EmptyMap::values (4 bytes)
Event: 9.197 Thread 0x000001d23c2bd000 nmethod 5854 0x000001d226a52e90 code [0x000001d226a53040, 0x000001d226a53198]
Event: 9.198 Thread 0x000001d23c2bd000 5855       3       java.util.Collections$EmptySet::toArray (11 bytes)
Event: 9.198 Thread 0x000001d23c2bd000 nmethod 5855 0x000001d226a53290 code [0x000001d226a53460, 0x000001d226a53738]
Event: 9.198 Thread 0x000001d23c2bd000 5856       3       java.util.TreeMap::entrySet (27 bytes)
Event: 9.198 Thread 0x000001d23c2bd000 nmethod 5856 0x000001d226a53810 code [0x000001d226a539e0, 0x000001d226a53db8]
Event: 9.198 Thread 0x000001d23c2bd000 5857       3       java.util.TreeMap$EntrySet::iterator (19 bytes)
Event: 9.199 Thread 0x000001d23c2bd000 nmethod 5857 0x000001d226a53f10 code [0x000001d226a54100, 0x000001d226a54618]
Event: 9.199 Thread 0x000001d23c2bd000 5858       3       java.util.TreeMap$EntryIterator::<init> (12 bytes)
Event: 9.199 Thread 0x000001d23c2bd000 nmethod 5858 0x000001d226a54810 code [0x000001d226a549e0, 0x000001d226a54cf8]

GC Heap History (20 events):
Event: 0.545 GC heap before
{Heap before GC invocations=0 (full 0):
 garbage-first heap   total 294912K, used 20480K [0x0000000080000000, 0x0000000100000000)
  region size 1024K, 14 young (14336K), 0 survivors (0K)
 Metaspace       used 6736K, capacity 6925K, committed 7168K, reserved 1056768K
  class space    used 582K, capacity 650K, committed 768K, reserved 1048576K
}
Event: 0.561 GC heap after
{Heap after GC invocations=1 (full 0):
 garbage-first heap   total 294912K, used 7759K [0x0000000080000000, 0x0000000100000000)
  region size 1024K, 2 young (2048K), 2 survivors (2048K)
 Metaspace       used 6736K, capacity 6925K, committed 7168K, reserved 1056768K
  class space    used 582K, capacity 650K, committed 768K, reserved 1048576K
}
Event: 0.877 GC heap before
{Heap before GC invocations=1 (full 0):
 garbage-first heap   total 294912K, used 20047K [0x0000000080000000, 0x0000000100000000)
  region size 1024K, 14 young (14336K), 2 survivors (2048K)
 Metaspace       used 9875K, capacity 10118K, committed 10368K, reserved 1058816K
  class space    used 1028K, capacity 1102K, committed 1152K, reserved 1048576K
}
Event: 0.881 GC heap after
{Heap after GC invocations=2 (full 0):
 garbage-first heap   total 294912K, used 9410K [0x0000000080000000, 0x0000000100000000)
  region size 1024K, 2 young (2048K), 2 survivors (2048K)
 Metaspace       used 9875K, capacity 10118K, committed 10368K, reserved 1058816K
  class space    used 1028K, capacity 1102K, committed 1152K, reserved 1048576K
}
Event: 1.348 GC heap before
{Heap before GC invocations=2 (full 0):
 garbage-first heap   total 294912K, used 41154K [0x0000000080000000, 0x0000000100000000)
  region size 1024K, 32 young (32768K), 2 survivors (2048K)
 Metaspace       used 10879K, capacity 11073K, committed 11264K, reserved 1058816K
  class space    used 1131K, capacity 1207K, committed 1280K, reserved 1048576K
}
Event: 1.351 GC heap after
{Heap after GC invocations=3 (full 0):
 garbage-first heap   total 294912K, used 11574K [0x0000000080000000, 0x0000000100000000)
  region size 1024K, 4 young (4096K), 4 survivors (4096K)
 Metaspace       used 10879K, capacity 11073K, committed 11264K, reserved 1058816K
  class space    used 1131K, capacity 1207K, committed 1280K, reserved 1048576K
}
Event: 2.831 GC heap before
{Heap before GC invocations=3 (full 0):
 garbage-first heap   total 294912K, used 61750K [0x0000000080000000, 0x0000000100000000)
  region size 1024K, 53 young (54272K), 4 survivors (4096K)
 Metaspace       used 18786K, capacity 19171K, committed 19328K, reserved 1067008K
  class space    used 2265K, capacity 2375K, committed 2432K, reserved 1048576K
}
Event: 2.838 GC heap after
{Heap after GC invocations=4 (full 0):
 garbage-first heap   total 294912K, used 16889K [0x0000000080000000, 0x0000000100000000)
  region size 1024K, 7 young (7168K), 7 survivors (7168K)
 Metaspace       used 18786K, capacity 19171K, committed 19328K, reserved 1067008K
  class space    used 2265K, capacity 2375K, committed 2432K, reserved 1048576K
}
Event: 3.049 GC heap before
{Heap before GC invocations=4 (full 0):
 garbage-first heap   total 294912K, used 36345K [0x0000000080000000, 0x0000000100000000)
  region size 1024K, 27 young (27648K), 7 survivors (7168K)
 Metaspace       used 20736K, capacity 21138K, committed 21248K, reserved 1067008K
  class space    used 2554K, capacity 2711K, committed 2816K, reserved 1048576K
}
Event: 3.056 GC heap after
{Heap after GC invocations=5 (full 0):
 garbage-first heap   total 294912K, used 17562K [0x0000000080000000, 0x0000000100000000)
  region size 1024K, 5 young (5120K), 5 survivors (5120K)
 Metaspace       used 20736K, capacity 21138K, committed 21248K, reserved 1067008K
  class space    used 2554K, capacity 2711K, committed 2816K, reserved 1048576K
}
Event: 3.752 GC heap before
{Heap before GC invocations=6 (full 0):
 garbage-first heap   total 294912K, used 69786K [0x0000000080000000, 0x0000000100000000)
  region size 1024K, 56 young (57344K), 5 survivors (5120K)
 Metaspace       used 26218K, capacity 26764K, committed 27008K, reserved 1073152K
  class space    used 3403K, capacity 3592K, committed 3712K, reserved 1048576K
}
Event: 3.759 GC heap after
{Heap after GC invocations=7 (full 0):
 garbage-first heap   total 294912K, used 19616K [0x0000000080000000, 0x0000000100000000)
  region size 1024K, 3 young (3072K), 3 survivors (3072K)
 Metaspace       used 26218K, capacity 26764K, committed 27008K, reserved 1073152K
  class space    used 3403K, capacity 3592K, committed 3712K, reserved 1048576K
}
Event: 4.796 GC heap before
{Heap before GC invocations=7 (full 0):
 garbage-first heap   total 294912K, used 80032K [0x0000000080000000, 0x0000000100000000)
  region size 1024K, 63 young (64512K), 3 survivors (3072K)
 Metaspace       used 34920K, capacity 35786K, committed 35840K, reserved 1081344K
  class space    used 4532K, capacity 4839K, committed 4864K, reserved 1048576K
}
Event: 4.811 GC heap after
{Heap after GC invocations=8 (full 0):
 garbage-first heap   total 294912K, used 22468K [0x0000000080000000, 0x0000000100000000)
  region size 1024K, 6 young (6144K), 6 survivors (6144K)
 Metaspace       used 34920K, capacity 35786K, committed 35840K, reserved 1081344K
  class space    used 4532K, capacity 4839K, committed 4864K, reserved 1048576K
}
Event: 6.197 GC heap before
{Heap before GC invocations=9 (full 0):
 garbage-first heap   total 294912K, used 115652K [0x0000000080000000, 0x0000000100000000)
  region size 1024K, 95 young (97280K), 6 survivors (6144K)
 Metaspace       used 42545K, capacity 43503K, committed 43724K, reserved 1087488K
  class space    used 5506K, capacity 5864K, committed 5888K, reserved 1048576K
}
Event: 6.213 GC heap after
{Heap after GC invocations=10 (full 0):
 garbage-first heap   total 294912K, used 28887K [0x0000000080000000, 0x0000000100000000)
  region size 1024K, 12 young (12288K), 12 survivors (12288K)
 Metaspace       used 42545K, capacity 43503K, committed 43724K, reserved 1087488K
  class space    used 5506K, capacity 5864K, committed 5888K, reserved 1048576K
}
Event: 8.102 GC heap before
{Heap before GC invocations=10 (full 0):
 garbage-first heap   total 294912K, used 156887K [0x0000000080000000, 0x0000000100000000)
  region size 1024K, 132 young (135168K), 12 survivors (12288K)
 Metaspace       used 50060K, capacity 51420K, committed 51660K, reserved 1093632K
  class space    used 6407K, capacity 6885K, committed 6912K, reserved 1048576K
}
Event: 8.127 GC heap after
{Heap after GC invocations=11 (full 0):
 garbage-first heap   total 294912K, used 43658K [0x0000000080000000, 0x0000000100000000)
  region size 1024K, 17 young (17408K), 17 survivors (17408K)
 Metaspace       used 50060K, capacity 51420K, committed 51660K, reserved 1093632K
  class space    used 6407K, capacity 6885K, committed 6912K, reserved 1048576K
}
Event: 9.147 GC heap before
{Heap before GC invocations=11 (full 0):
 garbage-first heap   total 294912K, used 102026K [0x0000000080000000, 0x0000000100000000)
  region size 1024K, 75 young (76800K), 17 survivors (17408K)
 Metaspace       used 58706K, capacity 60189K, committed 60288K, reserved 1101824K
  class space    used 7483K, capacity 8014K, committed 8064K, reserved 1048576K
}
Event: 9.170 GC heap after
{Heap after GC invocations=12 (full 0):
 garbage-first heap   total 354304K, used 46360K [0x0000000080000000, 0x0000000100000000)
  region size 1024K, 14 young (14336K), 14 survivors (14336K)
 Metaspace       used 58706K, capacity 60189K, committed 60288K, reserved 1101824K
  class space    used 7483K, capacity 8014K, committed 8064K, reserved 1048576K
}

Deoptimization events (20 events):
Event: 8.565 Thread 0x000001d23e1af000 DEOPT PACKING pc=0x000001d2260a9117 sp=0x00000011eb2f6a30
Event: 8.565 Thread 0x000001d23e1af000 DEOPT UNPACKING pc=0x000001d22590a95e sp=0x00000011eb2f5fb8 mode 0
Event: 8.566 Thread 0x000001d23e1af000 DEOPT PACKING pc=0x000001d2260a9117 sp=0x00000011eb2f6c80
Event: 8.566 Thread 0x000001d23e1af000 DEOPT UNPACKING pc=0x000001d22590a95e sp=0x00000011eb2f6208 mode 0
Event: 8.568 Thread 0x000001d23e1af000 DEOPT PACKING pc=0x000001d2260a9117 sp=0x00000011eb2f6a30
Event: 8.568 Thread 0x000001d23e1af000 DEOPT UNPACKING pc=0x000001d22590a95e sp=0x00000011eb2f5fb8 mode 0
Event: 8.569 Thread 0x000001d23e1af000 DEOPT PACKING pc=0x000001d2260a9117 sp=0x00000011eb2f6b30
Event: 8.569 Thread 0x000001d23e1af000 DEOPT UNPACKING pc=0x000001d22590a95e sp=0x00000011eb2f60b8 mode 0
Event: 9.001 Thread 0x000001d23e1af000 Uncommon trap: trap_request=0xfffffff4 fr.pc=0x000001d22d616f2c relative=0x000000000000034c
Event: 9.001 Thread 0x000001d23e1af000 Uncommon trap: reason=null_check action=make_not_entrant pc=0x000001d22d616f2c method=java.lang.ThreadLocal$ThreadLocalMap.getEntryAfterMiss(Ljava/lang/ThreadLocal;ILjava/lang/ThreadLocal$ThreadLocalMap$Entry;)Ljava/lang/ThreadLocal$ThreadLocalMap$Entry; 
Event: 9.001 Thread 0x000001d23e1af000 DEOPT PACKING pc=0x000001d22d616f2c sp=0x00000011eb2f6b40
Event: 9.001 Thread 0x000001d23e1af000 DEOPT UNPACKING pc=0x000001d22590a1af sp=0x00000011eb2f69f8 mode 2
Event: 9.129 Thread 0x000001d23e1af000 Uncommon trap: trap_request=0xffffff7e fr.pc=0x000001d22d62fc1c relative=0x00000000000050dc
Event: 9.129 Thread 0x000001d23e1af000 Uncommon trap: reason=predicate action=maybe_recompile pc=0x000001d22d62fc1c method=java.util.Arrays.binarySearch0([Ljava/lang/Object;IILjava/lang/Object;Ljava/util/Comparator;)I @ 25 c2
Event: 9.129 Thread 0x000001d23e1af000 DEOPT PACKING pc=0x000001d22d62fc1c sp=0x00000011eb2f3b70
Event: 9.129 Thread 0x000001d23e1af000 DEOPT UNPACKING pc=0x000001d22590a1af sp=0x00000011eb2f3be8 mode 2
Event: 9.170 Thread 0x000001d23c412000 Uncommon trap: trap_request=0xffffffde fr.pc=0x000001d22d4bbf6c relative=0x000000000000052c
Event: 9.170 Thread 0x000001d23c412000 Uncommon trap: reason=class_check action=maybe_recompile pc=0x000001d22d4bbf6c method=jdk.internal.ref.PhantomCleanable.clean()V @ 12 c2
Event: 9.170 Thread 0x000001d23c412000 DEOPT PACKING pc=0x000001d22d4bbf6c sp=0x00000011ea7fed40
Event: 9.170 Thread 0x000001d23c412000 DEOPT UNPACKING pc=0x000001d22590a1af sp=0x00000011ea7fed20 mode 2

Classes redefined (0 events):
No events

Internal exceptions (20 events):
Event: 7.941 Thread 0x000001d23ea00800 Exception <a 'java/lang/NoSuchMethodError'{0x0000000091f26450}: <clinit>> (0x0000000091f26450) thrown at [./src/hotspot/share/prims/jni.cpp, line 1365]
Event: 7.941 Thread 0x000001d23ea00800 Exception <a 'java/lang/NoSuchMethodError'{0x0000000091f27560}: <clinit>> (0x0000000091f27560) thrown at [./src/hotspot/share/prims/jni.cpp, line 1365]
Event: 7.941 Thread 0x000001d23ea00800 Exception <a 'java/lang/NoSuchMethodError'{0x0000000091f28868}: <clinit>> (0x0000000091f28868) thrown at [./src/hotspot/share/prims/jni.cpp, line 1365]
Event: 7.941 Thread 0x000001d23ea00800 Exception <a 'java/lang/NoSuchMethodError'{0x0000000091f29888}: <clinit>> (0x0000000091f29888) thrown at [./src/hotspot/share/prims/jni.cpp, line 1365]
Event: 7.944 Thread 0x000001d23ea00800 Exception <a 'java/lang/NoSuchMethodError'{0x000000008a491178}: <clinit>> (0x000000008a491178) thrown at [./src/hotspot/share/prims/jni.cpp, line 1365]
Event: 7.945 Thread 0x000001d23ea00800 Exception <a 'java/lang/NoSuchMethodError'{0x000000008a49b4c0}: <clinit>> (0x000000008a49b4c0) thrown at [./src/hotspot/share/prims/jni.cpp, line 1365]
Event: 7.948 Thread 0x000001d23ea00800 Exception <a 'java/lang/NoSuchMethodError'{0x000000008a4aee08}: <clinit>> (0x000000008a4aee08) thrown at [./src/hotspot/share/prims/jni.cpp, line 1365]
Event: 7.975 Thread 0x000001d23e1af000 Exception <a 'java/lang/ClassNotFoundException'{0x000000008a350978}: build_3adrmkoe4zuhhkh9kvupad86bBeanInfo> (0x000000008a350978) thrown at [./src/hotspot/share/classfile/systemDictionary.cpp, line 231]
Event: 7.976 Thread 0x000001d23e1af000 Exception <a 'java/lang/ClassNotFoundException'{0x000000008a35b930}: build_3adrmkoe4zuhhkh9kvupad86bCustomizer> (0x000000008a35b930) thrown at [./src/hotspot/share/classfile/systemDictionary.cpp, line 231]
Event: 8.016 Thread 0x000001d23e1af000 Exception <a 'java/lang/ClassNotFoundException'{0x000000008a12d680}: org/gradle/api/internal/plugins/DefaultObjectConfigurationActionBeanInfo> (0x000000008a12d680) thrown at [./src/hotspot/share/classfile/systemDictionary.cpp, line 231]
Event: 8.017 Thread 0x000001d23e1af000 Exception <a 'java/lang/ClassNotFoundException'{0x000000008a1629f8}: org/gradle/api/internal/plugins/DefaultObjectConfigurationActionCustomizer> (0x000000008a1629f8) thrown at [./src/hotspot/share/classfile/systemDictionary.cpp, line 231]
Event: 8.195 Thread 0x000001d23e1af000 Exception <a 'java/lang/NoSuchMethodError'{0x0000000091be8888}: 'java.lang.Object java.lang.invoke.DirectMethodHandle$Holder.invokeStatic(java.lang.Object, java.lang.Object, java.lang.Object, java.lang.Object, int)'> (0x0000000091be8888) thrown at [./src/hotspot/share/interpreter/linkResolver.cpp, line 773]
Event: 8.195 Thread 0x000001d23e1af000 Exception <a 'java/lang/NoSuchMethodError'{0x0000000091bed280}: 'java.lang.Object java.lang.invoke.DirectMethodHandle$Holder.invokeSpecial(java.lang.Object, java.lang.Object, java.lang.Object, java.lang.Object, java.lang.Object, int)'> (0x0000000091bed280) thrown at [./src/hotspot/share/interpreter/linkResolver.cpp, line 773]
Event: 8.195 Thread 0x000001d23e1af000 Exception <a 'java/lang/NoSuchMethodError'{0x0000000091bf18c0}: 'java.lang.Object java.lang.invoke.Invokers$Holder.linkToTargetMethod(java.lang.Object, java.lang.Object, java.lang.Object, int, java.lang.Object)'> (0x0000000091bf18c0) thrown at [./src/hotspot/share/interpreter/linkResolver.cpp, line 773]
Event: 8.427 Thread 0x000001d23e1af000 Exception <a 'java/lang/NoSuchMethodError'{0x0000000090c38d68}: 'java.lang.Object java.lang.invoke.DirectMethodHandle$Holder.invokeSpecial(java.lang.Object, java.lang.Object, int, int, java.lang.Object, java.lang.Object, java.lang.Object)'> (0x0000000090c38d68) thrown at [./src/hotspot/share/interpreter/linkResolver.cpp, line 773]
Event: 8.427 Thread 0x000001d23e1af000 Exception <a 'java/lang/NoSuchMethodError'{0x0000000090c3d2e8}: 'java.lang.Object java.lang.invoke.DelegatingMethodHandle$Holder.reinvoke_L(java.lang.Object, int, int, java.lang.Object, java.lang.Object, java.lang.Object)'> (0x0000000090c3d2e8) thrown at [./src/hotspot/share/interpreter/linkResolver.cpp, line 773]
Event: 8.660 Thread 0x000001d23e1af000 Exception <a 'java/lang/NoSuchMethodError'{0x000000008ff2ba20}: 'int java.lang.invoke.DirectMethodHandle$Holder.invokeInterface(java.lang.Object, java.lang.Object, java.lang.Object, java.lang.Object)'> (0x000000008ff2ba20) thrown at [./src/hotspot/share/interpreter/linkResolver.cpp, line 773]
Event: 8.956 Thread 0x000001d23e1af000 Exception <a 'java/lang/NoSuchMethodError'{0x000000008f0f3f68}: 'void java.lang.invoke.DirectMethodHandle$Holder.invokeInterface(java.lang.Object, java.lang.Object, java.lang.Object, java.lang.Object)'> (0x000000008f0f3f68) thrown at [./src/hotspot/share/interpreter/linkResolver.cpp, line 773]
Event: 9.001 Thread 0x000001d23e1af000 Implicit null exception at 0x000001d22d616cb2 to 0x000001d22d616f0c
Event: 9.114 Thread 0x000001d23e1af000 Exception <a 'java/lang/IncompatibleClassChangeError'{0x000000008e77bb28}: Found class java.lang.Object, but interface was expected> (0x000000008e77bb28) thrown at [./src/hotspot/share/interpreter/linkResolver.cpp, line 839]

Events (20 events):
Event: 9.184 loading class javax/management/openmbean/OpenMBeanOperationInfoSupport done
Event: 9.184 loading class javax/management/MBeanInfo$ArrayGettersSafeAction
Event: 9.184 loading class javax/management/MBeanInfo$ArrayGettersSafeAction done
Event: 9.186 loading class com/sun/management/internal/DiagnosticCommandImpl$OperationInfoComparator
Event: 9.186 loading class com/sun/management/internal/DiagnosticCommandImpl$OperationInfoComparator done
Event: 9.186 loading class com/sun/management/internal/DiagnosticCommandInfo
Event: 9.186 loading class com/sun/management/internal/DiagnosticCommandInfo done
Event: 9.186 loading class com/sun/management/internal/DiagnosticCommandArgumentInfo
Event: 9.186 loading class com/sun/management/internal/DiagnosticCommandArgumentInfo done
Event: 9.188 loading class com/sun/management/internal/DiagnosticCommandImpl$Wrapper
Event: 9.188 loading class com/sun/management/internal/DiagnosticCommandImpl$Wrapper done
Event: 9.195 loading class java/util/PropertyPermission
Event: 9.196 loading class java/util/PropertyPermission done
Event: 9.196 loading class com/sun/management/GcInfo
Event: 9.196 loading class javax/management/openmbean/CompositeDataView
Event: 9.197 loading class javax/management/openmbean/CompositeDataView done
Event: 9.197 loading class com/sun/management/GcInfo done
Event: 9.199 loading class sun/management/ManagementFactoryHelper$1
Event: 9.199 loading class java/lang/management/BufferPoolMXBean
Event: 9.199 loading class java/lang/management/BufferPoolMXBean done


Dynamic libraries:
0x00007ff616850000 - 0x00007ff61685a000 	C:\Program Files\Android\Android Studio\jre\bin\java.exe
0x00007fff55860000 - 0x00007fff55a69000 	C:\Windows\SYSTEM32\ntdll.dll
0x00007fff55370000 - 0x00007fff5542d000 	C:\Windows\System32\KERNEL32.DLL
0x00007fff52e50000 - 0x00007fff531cb000 	C:\Windows\System32\KERNELBASE.dll
0x00007fff53200000 - 0x00007fff53311000 	C:\Windows\System32\ucrtbase.dll
0x00007fff40d40000 - 0x00007fff40d59000 	C:\Program Files\Android\Android Studio\jre\bin\jli.dll
0x00007fff42130000 - 0x00007fff42147000 	C:\Program Files\Android\Android Studio\jre\bin\VCRUNTIME140.dll
0x00007fff543a0000 - 0x00007fff5454d000 	C:\Windows\System32\USER32.dll
0x00007fff41d00000 - 0x00007fff41fa5000 	C:\Windows\WinSxS\amd64_microsoft.windows.common-controls_6595b64144ccf1df_6.0.22000.120_none_9d947278b86cc467\COMCTL32.dll
0x00007fff531d0000 - 0x00007fff531f6000 	C:\Windows\System32\win32u.dll
0x00007fff55030000 - 0x00007fff550d3000 	C:\Windows\System32\msvcrt.dll
0x00007fff54170000 - 0x00007fff54199000 	C:\Windows\System32\GDI32.dll
0x00007fff52d30000 - 0x00007fff52e48000 	C:\Windows\System32\gdi32full.dll
0x00007fff53320000 - 0x00007fff533bd000 	C:\Windows\System32\msvcp_win.dll
0x00007fff54fe0000 - 0x00007fff55011000 	C:\Windows\System32\IMM32.DLL
0x00007fff2a600000 - 0x00007fff2a69d000 	C:\Program Files\Android\Android Studio\jre\bin\msvcp140.dll
0x00007ffedc750000 - 0x00007ffedd235000 	C:\Program Files\Android\Android Studio\jre\bin\server\jvm.dll
0x00007fff53d40000 - 0x00007fff53dee000 	C:\Windows\System32\ADVAPI32.dll
0x00007fff55430000 - 0x00007fff554ce000 	C:\Windows\System32\sechost.dll
0x00007fff55230000 - 0x00007fff55350000 	C:\Windows\System32\RPCRT4.dll
0x00007fff53760000 - 0x00007fff53768000 	C:\Windows\System32\PSAPI.DLL
0x00007fff3efc0000 - 0x00007fff3efc9000 	C:\Windows\SYSTEM32\WSOCK32.dll
0x00007fff4b810000 - 0x00007fff4b843000 	C:\Windows\SYSTEM32\WINMM.dll
0x00007fff53770000 - 0x00007fff537df000 	C:\Windows\System32\WS2_32.dll
0x00007fff4a3e0000 - 0x00007fff4a3ea000 	C:\Windows\SYSTEM32\VERSION.dll
0x00007fff51db0000 - 0x00007fff51dc8000 	C:\Windows\SYSTEM32\kernel.appcore.dll
0x00007fff25c60000 - 0x00007fff25c71000 	C:\Program Files\Android\Android Studio\jre\bin\verify.dll
0x00007fff508d0000 - 0x00007fff50af1000 	C:\Windows\SYSTEM32\DBGHELP.DLL
0x00007fff3b880000 - 0x00007fff3b8b1000 	C:\Windows\SYSTEM32\dbgcore.DLL
0x00007fff53480000 - 0x00007fff534ff000 	C:\Windows\System32\bcryptPrimitives.dll
0x00007fff25c30000 - 0x00007fff25c59000 	C:\Program Files\Android\Android Studio\jre\bin\java.dll
0x00007fff3bf80000 - 0x00007fff3bf8b000 	C:\Program Files\Android\Android Studio\jre\bin\jimage.dll
0x00007fff25c10000 - 0x00007fff25c28000 	C:\Program Files\Android\Android Studio\jre\bin\zip.dll
0x00007fff54550000 - 0x00007fff54d08000 	C:\Windows\System32\SHELL32.dll
0x00007fff50e20000 - 0x00007fff51685000 	C:\Windows\SYSTEM32\windows.storage.dll
0x00007fff53df0000 - 0x00007fff54167000 	C:\Windows\System32\combase.dll
0x00007fff50cb0000 - 0x00007fff50e16000 	C:\Windows\SYSTEM32\wintypes.dll
0x00007fff537e0000 - 0x00007fff538ca000 	C:\Windows\System32\SHCORE.dll
0x00007fff54e00000 - 0x00007fff54e5d000 	C:\Windows\System32\shlwapi.dll
0x00007fff52c60000 - 0x00007fff52c81000 	C:\Windows\SYSTEM32\profapi.dll
0x00007fff1c6e0000 - 0x00007fff1c6fa000 	C:\Program Files\Android\Android Studio\jre\bin\net.dll
0x00007fff4ac90000 - 0x00007fff4ad9c000 	C:\Windows\SYSTEM32\WINHTTP.dll
0x00007fff52250000 - 0x00007fff522b7000 	C:\Windows\system32\mswsock.dll
0x00007fff1c6c0000 - 0x00007fff1c6d4000 	C:\Program Files\Android\Android Studio\jre\bin\nio.dll
0x00007fff02730000 - 0x00007fff02757000 	C:\Users\User\.gradle\native\e1d6ef7f7dcc3fd88c89a11ec53ec762bb8ba0a96d01ffa2cd45eb1d1d8dd5c5\windows-amd64\native-platform.dll
0x00007fff285b0000 - 0x00007fff286f4000 	C:\Users\User\.gradle\native\5664cfc778a61ccfe75a443a1ab52a65af34e5dc3c78e0209fed803814484fcb\windows-amd64\native-platform-file-events.dll
0x00007fff26be0000 - 0x00007fff26bea000 	C:\Program Files\Android\Android Studio\jre\bin\management.dll
0x00007fff1c6b0000 - 0x00007fff1c6bd000 	C:\Program Files\Android\Android Studio\jre\bin\management_ext.dll
0x00007fff52490000 - 0x00007fff524a8000 	C:\Windows\SYSTEM32\CRYPTSP.dll
0x00007fff51d10000 - 0x00007fff51d45000 	C:\Windows\system32\rsaenh.dll
0x00007fff52340000 - 0x00007fff52369000 	C:\Windows\SYSTEM32\USERENV.dll
0x00007fff52690000 - 0x00007fff526b7000 	C:\Windows\SYSTEM32\bcrypt.dll
0x00007fff524b0000 - 0x00007fff524bc000 	C:\Windows\SYSTEM32\CRYPTBASE.dll
0x00007fff518e0000 - 0x00007fff5190d000 	C:\Windows\SYSTEM32\IPHLPAPI.DLL
0x00007fff55020000 - 0x00007fff55029000 	C:\Windows\System32\NSI.dll
0x00007fff4a9e0000 - 0x00007fff4a9f9000 	C:\Windows\SYSTEM32\dhcpcsvc6.DLL
0x00007fff4ada0000 - 0x00007fff4adbe000 	C:\Windows\SYSTEM32\dhcpcsvc.DLL
0x00007fff51910000 - 0x00007fff519f8000 	C:\Windows\SYSTEM32\DNSAPI.dll

dbghelp: loaded successfully - version: 4.0.5 - missing functions: none
symbol engine: initialized successfully - sym options: 0x614 - pdb path: .;C:\Program Files\Android\Android Studio\jre\bin;C:\Windows\SYSTEM32;C:\Windows\WinSxS\amd64_microsoft.windows.common-controls_6595b64144ccf1df_6.0.22000.120_none_9d947278b86cc467;C:\Program Files\Android\Android Studio\jre\bin\server;C:\Users\User\.gradle\native\e1d6ef7f7dcc3fd88c89a11ec53ec762bb8ba0a96d01ffa2cd45eb1d1d8dd5c5\windows-amd64;C:\Users\User\.gradle\native\5664cfc778a61ccfe75a443a1ab52a65af34e5dc3c78e0209fed803814484fcb\windows-amd64

VM Arguments:
jvm_args: --add-opens=java.base/java.util=ALL-UNNAMED --add-opens=java.base/java.lang=ALL-UNNAMED --add-opens=java.base/java.lang.invoke=ALL-UNNAMED --add-opens=java.base/java.util=ALL-UNNAMED --add-opens=java.prefs/java.util.prefs=ALL-UNNAMED --add-opens=java.prefs/java.util.prefs=ALL-UNNAMED --add-opens=java.base/java.nio.charset=ALL-UNNAMED --add-opens=java.base/java.net=ALL-UNNAMED --add-opens=java.base/java.util.concurrent.atomic=ALL-UNNAMED -Xmx2048m -Dfile.encoding=UTF-8 -Duser.country=US -Duser.language=en -Duser.variant 
java_command: org.gradle.launcher.daemon.bootstrap.GradleDaemon 7.3.3
java_class_path (initial): C:\Users\User\.gradle\wrapper\dists\gradle-7.3.3-bin\6a41zxkdtcxs8rphpq6y0069z\gradle-7.3.3\lib\gradle-launcher-7.3.3.jar
Launcher Type: SUN_STANDARD

[Global flags]
     intx CICompilerCount                          = 3                                         {product} {ergonomic}
     uint ConcGCThreads                            = 1                                         {product} {ergonomic}
     uint G1ConcRefinementThreads                  = 4                                         {product} {ergonomic}
   size_t G1HeapRegionSize                         = 1048576                                   {product} {ergonomic}
    uintx GCDrainStackTargetSize                   = 64                                        {product} {ergonomic}
   size_t InitialHeapSize                          = 301989888                                 {product} {ergonomic}
   size_t MarkStackSize                            = 4194304                                   {product} {ergonomic}
   size_t MaxHeapSize                              = 2147483648                                {product} {command line}
   size_t MaxNewSize                               = 1287651328                                {product} {ergonomic}
   size_t MinHeapDeltaBytes                        = 1048576                                   {product} {ergonomic}
    uintx NonNMethodCodeHeapSize                   = 5830732                                {pd product} {ergonomic}
    uintx NonProfiledCodeHeapSize                  = 122913754                              {pd product} {ergonomic}
    uintx ProfiledCodeHeapSize                     = 122913754                              {pd product} {ergonomic}
    uintx ReservedCodeCacheSize                    = 251658240                              {pd product} {ergonomic}
     bool SegmentedCodeCache                       = true                                      {product} {ergonomic}
     bool UseCompressedClassPointers               = true                                 {lp64_product} {ergonomic}
     bool UseCompressedOops                        = true                                 {lp64_product} {ergonomic}
     bool UseG1GC                                  = true                                      {product} {ergonomic}
     bool UseLargePagesIndividualAllocation        = false                                  {pd product} {ergonomic}

Logging:
Log output configuration:
 #0: stdout all=warning uptime,level,tags
 #1: stderr all=off uptime,level,tags

Environment Variables:
PATH=C:\Program Files\Common Files\Oracle\Java\javapath;C:\Windows\system32;C:\Windows;C:\Windows\System32\Wbem;C:\Windows\System32\WindowsPowerShell\v1.0\;C:\Windows\System32\OpenSSH\;C:\Program Files\Microsoft SQL Server\Client SDK\ODBC\170\Tools\Binn\;C:\Program Files (x86)\Microsoft SQL Server\150\Tools\Binn\;C:\Program Files\Microsoft SQL Server\150\Tools\Binn\;C:\Program Files\Microsoft SQL Server\150\DTS\Binn\;C:\Program Files (x86)\Microsoft SQL Server\150\DTS\Binn\;C:\Program Files\Azure Data Studio\bin;C:\Program Files\nodejs\;C:\Program Files (x86)\Yarn\bin\;C:\Program Files\Git\cmd;C:\Users\User\AppData\Local\Programs\Python\Python310\Scripts\;C:\Users\User\AppData\Local\Programs\Python\Python310\;C:\Program Files\MySQL\MySQL Shell 8.0\bin\;C:\Users\User\AppData\Local\Microsoft\WindowsApps;C:\Program Files\JetBrains\IntelliJ IDEA 2021.3.2\bin;C:\Program Files\Java\jdk-17.0.2\bin;;C:\Program Files\Azure Data Studio\bin;C:\Program Files\Azure Data Studio\bin;C:\Users\User\AppData\Local\Programs\Microsoft VS Code\bin;C:\Users\User\AppData\Roaming\npm;C:\Users\User\AppData\Local\Yarn\bin
USERNAME=User
OS=Windows_NT
PROCESSOR_IDENTIFIER=AMD64 Family 23 Model 24 Stepping 1, AuthenticAMD



---------------  S Y S T E M  ---------------

OS: Windows 10 , 64 bit Build 22000 (10.0.22000.708)
OS uptime: 0 days 11:25 hours

CPU:total 4 (initial active 4) (4 cores per cpu, 2 threads per core) family 23 model 24 stepping 1 microcode 0x0, cmov, cx8, fxsr, mmx, sse, sse2, sse3, ssse3, sse4.1, sse4.2, popcnt, avx, avx2, aes, clmul, mmxext, 3dnowpref, lzcnt, sse4a, ht, tsc, tscinvbit, tscinv, bmi1, bmi2, adx, sha, fma

Memory: 4k page, system-wide physical 18370M (6899M free)
TotalPageFile size 20418M (AvailPageFile size 5M)
current process WorkingSet (physical memory assigned to process): 384M, peak: 384M
current process commit charge ("private bytes"): 578M, peak: 578M

vm_info: OpenJDK 64-Bit Server VM (11.0.12+7-b1504.28-7817840) for windows-amd64 JRE (11.0.12+7-b1504.28-7817840), built on Oct 13 2021 22:12:33 by "builder" with MS VC++ 14.0 (VS2015)

END.
